#
# There is insufficient memory for the Java Runtime Environment to continue.
# Native memory allocation (malloc) failed to allocate 32744 bytes for ChunkPool::allocate
# Possible reasons:
#   The system is out of physical RAM or swap space
#   In 32 bit mode, the process size limit was hit
# Possible solutions:
#   Reduce memory load on the system
#   Increase physical memory or swap space
#   Check if swap backing store is full
#   Use 64 bit Java on a 64 bit OS
#   Decrease Java heap size (-Xmx/-Xms)
#   Decrease number of Java threads
#   Decrease Java thread stack sizes (-Xss)
#   Set larger code cache with -XX:ReservedCodeCacheSize=
# This output file may be truncated or incomplete.
#
#  Out of Memory Error (allocation.cpp:273), pid=2588, tid=2616
#
# JRE version: Java(TM) SE Runtime Environment (8.0_20-b26) (build 1.8.0_20-b26)
# Java VM: Java HotSpot(TM) 64-Bit Server VM (25.20-b23 mixed mode windows-amd64 compressed oops)
# Failed to write core dump. Minidumps are not enabled by default on client versions of Windows
#

---------------  T H R E A D  ---------------

Current thread (0x000000005504b800):  JavaThread "C2 CompilerThread0" daemon [_thread_in_native, id=2616, stack(0x0000000055f40000,0x0000000056040000)]

Stack: [0x0000000055f40000,0x0000000056040000]
Native frames: (J=compiled Java code, j=interpreted, Vv=VM code, C=native code)
V  [jvm.dll+0x3152fa]


Current CompileTask:
C2:   1885 1010       4       java.util.ArrayList::<init> (67 bytes)


---------------  P R O C E S S  ---------------

Java Threads: ( => current thread )
  0x0000000056807000 JavaThread "pool-2-thread-4" [_thread_blocked, id=5356, stack(0x0000000057830000,0x0000000057930000)]
  0x0000000056806000 JavaThread "pool-2-thread-3" [_thread_blocked, id=652, stack(0x0000000057730000,0x0000000057830000)]
  0x00000000567fb800 JavaThread "pool-2-thread-2" [_thread_blocked, id=408, stack(0x00000000561c0000,0x00000000562c0000)]
  0x0000000056728000 JavaThread "pool-3-thread-1" [_thread_blocked, id=3772, stack(0x0000000057550000,0x0000000057650000)]
  0x0000000056726000 JavaThread "pool-2-thread-1" [_thread_in_Java, id=5328, stack(0x0000000057440000,0x0000000057540000)]
  0x00000000565d8800 JavaThread "Service Thread" daemon [_thread_blocked, id=4300, stack(0x00000000570c0000,0x00000000571c0000)]
  0x000000005657b000 JavaThread "C1 CompilerThread2" daemon [_thread_in_native, id=4976, stack(0x0000000056ed0000,0x0000000056fd0000)]
  0x0000000056564000 JavaThread "C2 CompilerThread1" daemon [_thread_in_native, id=5056, stack(0x0000000056d80000,0x0000000056e80000)]
=>0x000000005504b800 JavaThread "C2 CompilerThread0" daemon [_thread_in_native, id=2616, stack(0x0000000055f40000,0x0000000056040000)]
  0x000000005504a000 JavaThread "Attach Listener" daemon [_thread_blocked, id=468, stack(0x0000000056b30000,0x0000000056c30000)]
  0x0000000056563000 JavaThread "Signal Dispatcher" daemon [_thread_blocked, id=2524, stack(0x00000000569d0000,0x0000000056ad0000)]
  0x0000000054fe2000 JavaThread "Finalizer" daemon [_thread_blocked, id=6060, stack(0x0000000056450000,0x0000000056550000)]
  0x0000000054fd9000 JavaThread "Reference Handler" daemon [_thread_blocked, id=5248, stack(0x00000000562c0000,0x00000000563c0000)]
  0x00000000024fe000 JavaThread "main" [_thread_blocked, id=3372, stack(0x00000000026d0000,0x00000000027d0000)]

Other Threads:
  0x0000000054fd5800 VMThread [stack: 0x00000000560c0000,0x00000000561c0000] [id=5260]
  0x00000000565fc000 WatcherThread [stack: 0x0000000057290000,0x0000000057390000] [id=5196]

VM state:not at safepoint (normal execution)

VM Mutex/Monitor currently owned by a thread: None

Heap:
 PSYoungGen      total 38400K, used 23348K [0x00000000eab00000, 0x00000000ed580000, 0x0000000100000000)
  eden space 33280K, 70% used [0x00000000eab00000,0x00000000ec1cd158,0x00000000ecb80000)
  from space 5120K, 0% used [0x00000000ed080000,0x00000000ed080000,0x00000000ed580000)
  to   space 5120K, 0% used [0x00000000ecb80000,0x00000000ecb80000,0x00000000ed080000)
 ParOldGen       total 87552K, used 0K [0x00000000c0000000, 0x00000000c5580000, 0x00000000eab00000)
  object space 87552K, 0% used [0x00000000c0000000,0x00000000c0000000,0x00000000c5580000)
 Metaspace       used 5669K, capacity 6832K, committed 7040K, reserved 1056768K
  class space    used 582K, capacity 616K, committed 640K, reserved 1048576K

Card table byte_map: [0x0000000011b90000,0x0000000011da0000] byte_map_base: 0x0000000011590000

Marking Bits: (ParMarkBitMap*) 0x0000000058d5b460
 Begin Bits: [0x0000000012450000, 0x0000000013450000)
 End Bits:   [0x0000000013450000, 0x0000000014450000)

Polling page: 0x0000000000340000

CodeCache: size=245760Kb used=3951Kb max_used=3951Kb free=241808Kb
 bounds [0x00000000027d0000, 0x0000000002bb0000, 0x00000000117d0000]
 total_blobs=1272 nmethods=1007 adapters=179
 compilation: enabled

Compilation events (10 events):
Event: 1.726 Thread 0x000000005657b000 1002       3       com.android.dx.rop.type.Type::compareTo (12 bytes)
Event: 1.726 Thread 0x000000005657b000 nmethod 1002 0x0000000002ba3e90 code [0x0000000002ba4000, 0x0000000002ba4208]
Event: 1.878 Thread 0x000000005504b800 1009       4       java.util.ArrayList::toArray (12 bytes)
Event: 1.878 Thread 0x000000005657b000 1005   !   3       com.android.dx.rop.code.RegisterSpec::intern (70 bytes)
Event: 1.878 Thread 0x000000005657b000 nmethod 1005 0x0000000002ba4310 code [0x0000000002ba4540, 0x0000000002ba51e8]
Event: 1.879 Thread 0x000000005657b000 1020       3       com.android.dx.rop.code.RegisterSpec::equals (51 bytes)
Event: 1.879 Thread 0x000000005657b000 nmethod 1020 0x0000000002ba5950 code [0x0000000002ba5ae0, 0x0000000002ba6078]
Event: 1.879 Thread 0x000000005657b000 1014       3       java.util.HashMap::resize (359 bytes)
Event: 1.879 Thread 0x000000005504b800 nmethod 1009 0x0000000002ba8f90 code [0x0000000002ba90e0, 0x0000000002ba9298]
Event: 1.879 Thread 0x000000005504b800 1010       4       java.util.ArrayList::<init> (67 bytes)

GC Heap History (0 events):
No events

Deoptimization events (10 events):
Event: 0.660 Thread 0x0000000056807000 Uncommon trap: reason=speculate_class_check action=maybe_recompile pc=0x0000000002998570 method=com.android.dx.rop.cst.Constant.compareTo(Lcom/android/dx/rop/cst/Constant;)I @ 29
Event: 0.660 Thread 0x0000000056807000 Uncommon trap: reason=speculate_class_check action=maybe_recompile pc=0x0000000002998570 method=com.android.dx.rop.cst.Constant.compareTo(Lcom/android/dx/rop/cst/Constant;)I @ 29
Event: 0.660 Thread 0x0000000056807000 Uncommon trap: reason=speculate_class_check action=maybe_recompile pc=0x0000000002998570 method=com.android.dx.rop.cst.Constant.compareTo(Lcom/android/dx/rop/cst/Constant;)I @ 29
Event: 0.660 Thread 0x0000000056807000 Uncommon trap: reason=speculate_class_check action=maybe_recompile pc=0x0000000002998570 method=com.android.dx.rop.cst.Constant.compareTo(Lcom/android/dx/rop/cst/Constant;)I @ 29
Event: 0.894 Thread 0x00000000567fb800 Uncommon trap: reason=class_check action=maybe_recompile pc=0x000000000299afc0 method=com.android.dx.rop.cst.CstMemberRef.compareTo0(Lcom/android/dx/rop/cst/Constant;)I @ 1
Event: 0.945 Thread 0x00000000567fb800 Uncommon trap: reason=class_check action=maybe_recompile pc=0x000000000299afc0 method=com.android.dx.rop.cst.CstMemberRef.compareTo0(Lcom/android/dx/rop/cst/Constant;)I @ 1
Event: 0.945 Thread 0x00000000567fb800 Uncommon trap: reason=class_check action=maybe_recompile pc=0x000000000299afc0 method=com.android.dx.rop.cst.CstMemberRef.compareTo0(Lcom/android/dx/rop/cst/Constant;)I @ 1
Event: 0.982 Thread 0x0000000056726000 Uncommon trap: reason=class_check action=maybe_recompile pc=0x000000000299afc0 method=com.android.dx.rop.cst.CstMemberRef.compareTo0(Lcom/android/dx/rop/cst/Constant;)I @ 1
Event: 1.874 Thread 0x0000000056726000 Uncommon trap: reason=unreached action=reinterpret pc=0x0000000002ad6fe0 method=com.android.dx.rop.code.RegisterSpec.equals(ILcom/android/dx/rop/type/TypeBearer;Lcom/android/dx/rop/code/LocalItem;)Z @ 24
Event: 1.876 Thread 0x0000000056726000 Uncommon trap: reason=unreached action=reinterpret pc=0x0000000002abbb60 method=com.android.dx.rop.code.RegisterSpec.equals(ILcom/android/dx/rop/type/TypeBearer;Lcom/android/dx/rop/code/LocalItem;)Z @ 24

Internal exceptions (10 events):
Event: 0.807 Thread 0x00000000567fb800 Exception <a 'java/security/PrivilegedActionException'> (0x00000000eb838f28) thrown at [D:\re\workspace\8-2-build-windows-amd64-cygwin\jdk8u20\1074\hotspot\src\share\vm\prims\jvm.cpp, line 1275]
Event: 0.889 Thread 0x00000000567fb800 Exception <a 'java/security/PrivilegedActionException'> (0x00000000eb83ef10) thrown at [D:\re\workspace\8-2-build-windows-amd64-cygwin\jdk8u20\1074\hotspot\src\share\vm\prims\jvm.cpp, line 1275]
Event: 0.890 Thread 0x00000000567fb800 Exception <a 'java/security/PrivilegedActionException'> (0x00000000eb843388) thrown at [D:\re\workspace\8-2-build-windows-amd64-cygwin\jdk8u20\1074\hotspot\src\share\vm\prims\jvm.cpp, line 1275]
Event: 0.891 Thread 0x00000000567fb800 Exception <a 'java/security/PrivilegedActionException'> (0x00000000eb848b38) thrown at [D:\re\workspace\8-2-build-windows-amd64-cygwin\jdk8u20\1074\hotspot\src\share\vm\prims\jvm.cpp, line 1275]
Event: 0.892 Thread 0x00000000567fb800 Exception <a 'java/security/PrivilegedActionException'> (0x00000000eb8515b8) thrown at [D:\re\workspace\8-2-build-windows-amd64-cygwin\jdk8u20\1074\hotspot\src\share\vm\prims\jvm.cpp, line 1275]
Event: 0.893 Thread 0x00000000567fb800 Exception <a 'java/security/PrivilegedActionException'> (0x00000000eb8567e0) thrown at [D:\re\workspace\8-2-build-windows-amd64-cygwin\jdk8u20\1074\hotspot\src\share\vm\prims\jvm.cpp, line 1275]
Event: 0.894 Thread 0x00000000567fb800 Exception <a 'java/security/PrivilegedActionException'> (0x00000000eb859578) thrown at [D:\re\workspace\8-2-build-windows-amd64-cygwin\jdk8u20\1074\hotspot\src\share\vm\prims\jvm.cpp, line 1275]
Event: 0.894 Thread 0x00000000567fb800 Exception <a 'java/security/PrivilegedActionException'> (0x00000000eb85cbf8) thrown at [D:\re\workspace\8-2-build-windows-amd64-cygwin\jdk8u20\1074\hotspot\src\share\vm\prims\jvm.cpp, line 1275]
Event: 0.939 Thread 0x00000000567fb800 Exception <a 'java/security/PrivilegedActionException'> (0x00000000eb8a6a70) thrown at [D:\re\workspace\8-2-build-windows-amd64-cygwin\jdk8u20\1074\hotspot\src\share\vm\prims\jvm.cpp, line 1275]
Event: 1.401 Thread 0x00000000024fe000 Exception <a 'java/security/PrivilegedActionException'> (0x00000000eb62c3b8) thrown at [D:\re\workspace\8-2-build-windows-amd64-cygwin\jdk8u20\1074\hotspot\src\share\vm\prims\jvm.cpp, line 1275]

Events (10 events):
Event: 1.281 Executing VM operation: ForceSafepoint
Event: 1.369 Executing VM operation: ForceSafepoint done
Event: 1.400 loading class com/android/dx/cf/code/BytecodeArray$ConstantParserVisitor
Event: 1.400 loading class com/android/dx/cf/code/BytecodeArray$ConstantParserVisitor done
Event: 1.874 Thread 0x0000000056726000 Uncommon trap: trap_request=0xffffffad fr.pc=0x0000000002ad6fe0
Event: 1.874 Thread 0x0000000056726000 DEOPT PACKING pc=0x0000000002ad6fe0 sp=0x000000005753edc0
Event: 1.874 Thread 0x0000000056726000 DEOPT UNPACKING pc=0x000000000281556a sp=0x000000005753eb30 mode 2
Event: 1.876 Thread 0x0000000056726000 Uncommon trap: trap_request=0xffffffad fr.pc=0x0000000002abbb60
Event: 1.876 Thread 0x0000000056726000 DEOPT PACKING pc=0x0000000002abbb60 sp=0x000000005753ec90
Event: 1.876 Thread 0x0000000056726000 DEOPT UNPACKING pc=0x000000000281556a sp=0x000000005753ec20 mode 2


Dynamic libraries:
0x000000013f300000 - 0x000000013f334000 	C:\Program Files\Java\jdk1.8.0_20\bin\java.exe
0x0000000076d40000 - 0x0000000076ee9000 	C:\Windows\SYSTEM32\ntdll.dll
0x0000000076b20000 - 0x0000000076c3f000 	C:\Windows\system32\kernel32.dll
0x000007fefcff0000 - 0x000007fefd05b000 	C:\Windows\system32\KERNELBASE.dll
0x000007fefeb80000 - 0x000007fefec5b000 	C:\Windows\system32\ADVAPI32.dll
0x000007fefeae0000 - 0x000007fefeb7f000 	C:\Windows\system32\msvcrt.dll
0x000007fefe220000 - 0x000007fefe23f000 	C:\Windows\SYSTEM32\sechost.dll
0x000007fefe860000 - 0x000007fefe98d000 	C:\Windows\system32\RPCRT4.dll
0x0000000076c40000 - 0x0000000076d3a000 	C:\Windows\system32\USER32.dll
0x000007fefe720000 - 0x000007fefe787000 	C:\Windows\system32\GDI32.dll
0x000007fefe630000 - 0x000007fefe63e000 	C:\Windows\system32\LPK.dll
0x000007fefe790000 - 0x000007fefe859000 	C:\Windows\system32\USP10.dll
0x000007fefb410000 - 0x000007fefb604000 	C:\Windows\WinSxS\amd64_microsoft.windows.common-controls_6595b64144ccf1df_6.0.7601.17514_none_fa396087175ac9ac\COMCTL32.dll
0x000007fefea10000 - 0x000007fefea81000 	C:\Windows\system32\SHLWAPI.dll
0x000007fefd100000 - 0x000007fefd12e000 	C:\Windows\system32\IMM32.DLL
0x000007fefd130000 - 0x000007fefd239000 	C:\Windows\system32\MSCTF.dll
0x0000000069e80000 - 0x0000000069f52000 	C:\Program Files\Java\jdk1.8.0_20\bin\msvcr100.dll
0x0000000058580000 - 0x0000000058dd8000 	C:\Program Files\Java\jdk1.8.0_20\bin\server\jvm.dll
0x000007fefa1f0000 - 0x000007fefa1f9000 	C:\Windows\system32\WSOCK32.dll
0x000007fefea90000 - 0x000007fefeadd000 	C:\Windows\system32\WS2_32.dll
0x000007fefec60000 - 0x000007fefec68000 	C:\Windows\system32\NSI.dll
0x000007fefaea0000 - 0x000007fefaedb000 	C:\Windows\system32\WINMM.dll
0x0000000076f00000 - 0x0000000076f07000 	C:\Windows\system32\PSAPI.DLL
0x000000006a020000 - 0x000000006a02f000 	C:\Program Files\Java\jdk1.8.0_20\bin\verify.dll
0x0000000069ff0000 - 0x000000006a018000 	C:\Program Files\Java\jdk1.8.0_20\bin\java.dll
0x0000000069e60000 - 0x0000000069e76000 	C:\Program Files\Java\jdk1.8.0_20\bin\zip.dll
0x000007fefd240000 - 0x000007fefdfc8000 	C:\Windows\system32\SHELL32.dll
0x000007fefe240000 - 0x000007fefe443000 	C:\Windows\system32\ole32.dll
0x000007fefcc90000 - 0x000007fefcc9f000 	C:\Windows\system32\profapi.dll

VM Arguments:
jvm_args: -Djava.awt.headless=true -Xmx1024M -Dfile.encoding=GBK -Duser.country=CN -Duser.language=zh -Duser.variant 
java_command: com.android.dx.command.Main --dex --force-jumbo --num-threads=4 --multi-dex --output E:\AndroidProject\GraduationProject\app\build\intermediates\transforms\dex\debug\folders\1000\5\slice_2 E:\AndroidProject\GraduationProject\app\build\intermediates\transforms\instantRunSlicer\debug\folders\1\5\slice_2
java_class_path (initial): E:\AndroidSDK\build-tools\23.0.3\lib\dx.jar
Launcher Type: SUN_STANDARD

Environment Variables:
JAVA_HOME=C:\Program Files\Java\jdk1.8.0_20
CLASSPATH=.;C:\Program Files\Java\jdk1.8.0_20\lib\tools.jar;C:\Program Files\Java\jdk1.8.0_20\lib\dt.jar;
PATH=C:\ProgramData\Oracle\Java\javapath;C:\Windows\system32;C:\Windows;C:\Windows\System32\Wbem;C:\Windows\System32\WindowsPowerShell\v1.0\;C:\Program Files (x86)\Intel\OpenCL SDK\2.0\bin\x86;C:\Program Files (x86)\Intel\OpenCL SDK\2.0\bin\x64;C:\Program Files\Java\jdk1.8.0_20\bin;
USERNAME=jonny.peng
OS=Windows_NT
PROCESSOR_IDENTIFIER=Intel64 Family 6 Model 58 Stepping 9, GenuineIntel



---------------  S Y S T E M  ---------------

OS: Windows 7 , 64 bit Build 7601 Service Pack 1

CPU:total 4 (2 cores per cpu, 2 threads per core) family 6 model 58 stepping 9, cmov, cx8, fxsr, mmx, sse, sse2, sse3, ssse3, sse4.1, sse4.2, popcnt, avx, clmul, erms, ht, tsc, tscinvbit, tscinv

Memory: 4k page, physical 8288340k(1419164k free), swap 8286496k(5076k free)

vm_info: Java HotSpot(TM) 64-Bit Server VM (25.20-b23) for windows-amd64 JRE (1.8.0_20-b26), built on Jul 30 2014 13:51:23 by "java_re" with MS VC++ 10.0 (VS2010)

time: Tue May 03 11:06:13 2016
elapsed time: 1 seconds (0d 0h 0m 1s)

