#
# There is insufficient memory for the Java Runtime Environment to continue.
# Native memory allocation (malloc) failed to allocate 32744 bytes for ChunkPool::allocate
# Possible reasons:
#   The system is out of physical RAM or swap space
#   In 32 bit mode, the process size limit was hit
# Possible solutions:
#   Reduce memory load on the system
#   Increase physical memory or swap space
#   Check if swap backing store is full
#   Use 64 bit Java on a 64 bit OS
#   Decrease Java heap size (-Xmx/-Xms)
#   Decrease number of Java threads
#   Decrease Java thread stack sizes (-Xss)
#   Set larger code cache with -XX:ReservedCodeCacheSize=
# This output file may be truncated or incomplete.
#
#  Out of Memory Error (allocation.cpp:273), pid=3248, tid=1660
#
# JRE version: Java(TM) SE Runtime Environment (8.0_20-b26) (build 1.8.0_20-b26)
# Java VM: Java HotSpot(TM) 64-Bit Server VM (25.20-b23 mixed mode windows-amd64 compressed oops)
# Failed to write core dump. Minidumps are not enabled by default on client versions of Windows
#

---------------  T H R E A D  ---------------

Current thread (0x0000000056227000):  JavaThread "C1 CompilerThread2" daemon [_thread_in_native, id=1660, stack(0x0000000056a70000,0x0000000056b70000)]

Stack: [0x0000000056a70000,0x0000000056b70000]
Native frames: (J=compiled Java code, j=interpreted, Vv=VM code, C=native code)
V  [jvm.dll+0x3152fa]


Current CompileTask:
C1:    971  535   !   3       com.android.dx.cf.code.BytecodeArray::parseInstruction (2764 bytes)


---------------  P R O C E S S  ---------------

Java Threads: ( => current thread )
  0x00000000564d2000 JavaThread "pool-2-thread-4" [_thread_blocked, id=1960, stack(0x0000000056ff0000,0x00000000570f0000)]
  0x00000000564cd000 JavaThread "pool-2-thread-3" [_thread_in_Java, id=3180, stack(0x00000000575b0000,0x00000000576b0000)]
  0x00000000564c6800 JavaThread "pool-2-thread-2" [_thread_in_Java, id=5212, stack(0x0000000057430000,0x0000000057530000)]
  0x00000000563c8000 JavaThread "pool-3-thread-1" [_thread_blocked, id=5252, stack(0x00000000572a0000,0x00000000573a0000)]
  0x00000000563c4000 JavaThread "pool-2-thread-1" [_thread_blocked, id=3764, stack(0x0000000057120000,0x0000000057220000)]
  0x000000005628d800 JavaThread "Service Thread" daemon [_thread_blocked, id=4580, stack(0x0000000056d70000,0x0000000056e70000)]
=>0x0000000056227000 JavaThread "C1 CompilerThread2" daemon [_thread_in_native, id=1660, stack(0x0000000056a70000,0x0000000056b70000)]
  0x0000000056225800 JavaThread "C2 CompilerThread1" daemon [_thread_blocked, id=5440, stack(0x0000000056b70000,0x0000000056c70000)]
  0x0000000054e69800 JavaThread "C2 CompilerThread0" daemon [_thread_blocked, id=1124, stack(0x0000000056930000,0x0000000056a30000)]
  0x0000000054e68000 JavaThread "Attach Listener" daemon [_thread_blocked, id=1148, stack(0x00000000567b0000,0x00000000568b0000)]
  0x0000000056223800 JavaThread "Signal Dispatcher" daemon [_thread_blocked, id=3088, stack(0x0000000056670000,0x0000000056770000)]
  0x0000000054e02000 JavaThread "Finalizer" daemon [_thread_blocked, id=4784, stack(0x0000000056110000,0x0000000056210000)]
  0x0000000054df9000 JavaThread "Reference Handler" daemon [_thread_blocked, id=3056, stack(0x0000000055f20000,0x0000000056020000)]
  0x00000000020fe000 JavaThread "main" [_thread_in_Java, id=5160, stack(0x0000000002370000,0x0000000002470000)]

Other Threads:
  0x0000000054df5800 VMThread [stack: 0x0000000055d40000,0x0000000055e40000] [id=2648]
  0x000000005629f800 WatcherThread [stack: 0x0000000056e70000,0x0000000056f70000] [id=5424]

VM state:not at safepoint (normal execution)

VM Mutex/Monitor currently owned by a thread: None

Heap:
 PSYoungGen      total 38400K, used 12664K [0x00000000eab00000, 0x00000000ed580000, 0x0000000100000000)
  eden space 33280K, 38% used [0x00000000eab00000,0x00000000eb75e020,0x00000000ecb80000)
  from space 5120K, 0% used [0x00000000ed080000,0x00000000ed080000,0x00000000ed580000)
  to   space 5120K, 0% used [0x00000000ecb80000,0x00000000ecb80000,0x00000000ed080000)
 ParOldGen       total 87552K, used 0K [0x00000000c0000000, 0x00000000c5580000, 0x00000000eab00000)
  object space 87552K, 0% used [0x00000000c0000000,0x00000000c0000000,0x00000000c5580000)
 Metaspace       used 5347K, capacity 6448K, committed 6528K, reserved 1056768K
  class space    used 586K, capacity 616K, committed 640K, reserved 1048576K

Card table byte_map: [0x0000000011830000,0x0000000011a40000] byte_map_base: 0x0000000011230000

Marking Bits: (ParMarkBitMap*) 0x0000000058d5b460
 Begin Bits: [0x0000000012270000, 0x0000000013270000)
 End Bits:   [0x0000000013270000, 0x0000000014270000)

Polling page: 0x0000000002040000

CodeCache: size=245760Kb used=2067Kb max_used=2067Kb free=243692Kb
 bounds [0x0000000002470000, 0x00000000026e0000, 0x0000000011470000]
 total_blobs=800 nmethods=535 adapters=179
 compilation: enabled

Compilation events (10 events):
Event: 0.959 Thread 0x0000000056227000 nmethod 530 0x0000000002673dd0 code [0x0000000002673f40, 0x0000000002674190]
Event: 0.959 Thread 0x0000000056227000  531       3       com.android.dx.util.ByteArray::getInt (47 bytes)
Event: 0.959 Thread 0x0000000056227000 nmethod 531 0x0000000002674290 code [0x0000000002674420, 0x0000000002674808]
Event: 0.959 Thread 0x0000000056227000  534       3       com.android.dx.cf.code.BasicBlocker::addWorkIfNecessary (32 bytes)
Event: 0.960 Thread 0x0000000056227000 nmethod 534 0x0000000002674a90 code [0x0000000002674c20, 0x0000000002674ff0]
Event: 0.960 Thread 0x0000000056227000  532       3       com.android.dx.cf.code.BasicBlocker::visitCommon (34 bytes)
Event: 0.960 Thread 0x0000000056227000 nmethod 532 0x0000000002675310 code [0x00000000026754c0, 0x00000000026759d0]
Event: 0.960 Thread 0x0000000056227000  533       3       com.android.dx.cf.code.BasicBlocker::setPreviousOffset (6 bytes)
Event: 0.961 Thread 0x0000000056227000 nmethod 533 0x0000000002670090 code [0x00000000026701e0, 0x0000000002670330]
Event: 0.961 Thread 0x0000000056227000  535   !   3       com.android.dx.cf.code.BytecodeArray::parseInstruction (2764 bytes)

GC Heap History (0 events):
No events

Deoptimization events (0 events):
No events

Internal exceptions (10 events):
Event: 0.948 Thread 0x00000000563c4000 Exception <a 'java/security/PrivilegedActionException'> (0x00000000eb3ccb68) thrown at [D:\re\workspace\8-2-build-windows-amd64-cygwin\jdk8u20\1074\hotspot\src\share\vm\prims\jvm.cpp, line 1275]
Event: 0.949 Thread 0x00000000563c4000 Exception <a 'java/security/PrivilegedActionException'> (0x00000000eb3d2010) thrown at [D:\re\workspace\8-2-build-windows-amd64-cygwin\jdk8u20\1074\hotspot\src\share\vm\prims\jvm.cpp, line 1275]
Event: 0.950 Thread 0x00000000563c4000 Exception <a 'java/security/PrivilegedActionException'> (0x00000000eb3d62d0) thrown at [D:\re\workspace\8-2-build-windows-amd64-cygwin\jdk8u20\1074\hotspot\src\share\vm\prims\jvm.cpp, line 1275]
Event: 0.954 Thread 0x00000000563c4000 Exception <a 'java/security/PrivilegedActionException'> (0x00000000eb3e3418) thrown at [D:\re\workspace\8-2-build-windows-amd64-cygwin\jdk8u20\1074\hotspot\src\share\vm\prims\jvm.cpp, line 1275]
Event: 0.955 Thread 0x00000000563c4000 Exception <a 'java/security/PrivilegedActionException'> (0x00000000eb3e95b8) thrown at [D:\re\workspace\8-2-build-windows-amd64-cygwin\jdk8u20\1074\hotspot\src\share\vm\prims\jvm.cpp, line 1275]
Event: 0.955 Thread 0x00000000563c4000 Exception <a 'java/security/PrivilegedActionException'> (0x00000000eb3edc08) thrown at [D:\re\workspace\8-2-build-windows-amd64-cygwin\jdk8u20\1074\hotspot\src\share\vm\prims\jvm.cpp, line 1275]
Event: 0.956 Thread 0x00000000563c4000 Exception <a 'java/security/PrivilegedActionException'> (0x00000000eb3f3570) thrown at [D:\re\workspace\8-2-build-windows-amd64-cygwin\jdk8u20\1074\hotspot\src\share\vm\prims\jvm.cpp, line 1275]
Event: 0.957 Thread 0x00000000563c4000 Exception <a 'java/security/PrivilegedActionException'> (0x00000000eb3fc1c8) thrown at [D:\re\workspace\8-2-build-windows-amd64-cygwin\jdk8u20\1074\hotspot\src\share\vm\prims\jvm.cpp, line 1275]
Event: 0.958 Thread 0x00000000563c4000 Exception <a 'java/security/PrivilegedActionException'> (0x00000000eb401608) thrown at [D:\re\workspace\8-2-build-windows-amd64-cygwin\jdk8u20\1074\hotspot\src\share\vm\prims\jvm.cpp, line 1275]
Event: 0.958 Thread 0x00000000563c4000 Exception <a 'java/security/PrivilegedActionException'> (0x00000000eb4052c0) thrown at [D:\re\workspace\8-2-build-windows-amd64-cygwin\jdk8u20\1074\hotspot\src\share\vm\prims\jvm.cpp, line 1275]

Events (10 events):
Event: 0.957 loading class java/io/PrintWriter
Event: 0.957 loading class java/io/PrintWriter done
Event: 0.957 loading class com/android/dx/dex/file/DebugInfoItem
Event: 0.957 loading class com/android/dx/dex/file/DebugInfoItem done
Event: 0.958 loading class com/android/dx/rop/annotation/AnnotationsList
Event: 0.958 loading class com/android/dx/rop/annotation/AnnotationsList done
Event: 0.958 loading class com/android/dx/cf/code/SwitchList
Event: 0.958 loading class com/android/dx/cf/code/SwitchList done
Event: 0.966 loading class java/util/DualPivotQuicksort
Event: 0.966 loading class java/util/DualPivotQuicksort done


Dynamic libraries:
0x000000013f270000 - 0x000000013f2a4000 	C:\Program Files\Java\jdk1.8.0_20\bin\java.exe
0x0000000076d40000 - 0x0000000076ee9000 	C:\Windows\SYSTEM32\ntdll.dll
0x0000000076b20000 - 0x0000000076c3f000 	C:\Windows\system32\kernel32.dll
0x000007fefcff0000 - 0x000007fefd05b000 	C:\Windows\system32\KERNELBASE.dll
0x000007fefeb80000 - 0x000007fefec5b000 	C:\Windows\system32\ADVAPI32.dll
0x000007fefeae0000 - 0x000007fefeb7f000 	C:\Windows\system32\msvcrt.dll
0x000007fefe220000 - 0x000007fefe23f000 	C:\Windows\SYSTEM32\sechost.dll
0x000007fefe860000 - 0x000007fefe98d000 	C:\Windows\system32\RPCRT4.dll
0x0000000076c40000 - 0x0000000076d3a000 	C:\Windows\system32\USER32.dll
0x000007fefe720000 - 0x000007fefe787000 	C:\Windows\system32\GDI32.dll
0x000007fefe630000 - 0x000007fefe63e000 	C:\Windows\system32\LPK.dll
0x000007fefe790000 - 0x000007fefe859000 	C:\Windows\system32\USP10.dll
0x000007fefb410000 - 0x000007fefb604000 	C:\Windows\WinSxS\amd64_microsoft.windows.common-controls_6595b64144ccf1df_6.0.7601.17514_none_fa396087175ac9ac\COMCTL32.dll
0x000007fefea10000 - 0x000007fefea81000 	C:\Windows\system32\SHLWAPI.dll
0x000007fefd100000 - 0x000007fefd12e000 	C:\Windows\system32\IMM32.DLL
0x000007fefd130000 - 0x000007fefd239000 	C:\Windows\system32\MSCTF.dll
0x0000000069e80000 - 0x0000000069f52000 	C:\Program Files\Java\jdk1.8.0_20\bin\msvcr100.dll
0x0000000058580000 - 0x0000000058dd8000 	C:\Program Files\Java\jdk1.8.0_20\bin\server\jvm.dll
0x000007fefa1f0000 - 0x000007fefa1f9000 	C:\Windows\system32\WSOCK32.dll
0x000007fefea90000 - 0x000007fefeadd000 	C:\Windows\system32\WS2_32.dll
0x000007fefec60000 - 0x000007fefec68000 	C:\Windows\system32\NSI.dll
0x000007fefaea0000 - 0x000007fefaedb000 	C:\Windows\system32\WINMM.dll
0x0000000076f00000 - 0x0000000076f07000 	C:\Windows\system32\PSAPI.DLL
0x000000006a020000 - 0x000000006a02f000 	C:\Program Files\Java\jdk1.8.0_20\bin\verify.dll
0x0000000069ff0000 - 0x000000006a018000 	C:\Program Files\Java\jdk1.8.0_20\bin\java.dll
0x0000000069e60000 - 0x0000000069e76000 	C:\Program Files\Java\jdk1.8.0_20\bin\zip.dll
0x000007fefd240000 - 0x000007fefdfc8000 	C:\Windows\system32\SHELL32.dll
0x000007fefe240000 - 0x000007fefe443000 	C:\Windows\system32\ole32.dll
0x000007fefcc90000 - 0x000007fefcc9f000 	C:\Windows\system32\profapi.dll

VM Arguments:
jvm_args: -Djava.awt.headless=true -Xmx1024M -Dfile.encoding=GBK -Duser.country=CN -Duser.language=zh -Duser.variant 
java_command: com.android.dx.command.Main --dex --force-jumbo --num-threads=4 --multi-dex --output E:\AndroidProject\GraduationProject\app\build\intermediates\transforms\dex\debug\folders\1000\5\slice_0 E:\AndroidProject\GraduationProject\app\build\intermediates\transforms\instantRunSlicer\debug\folders\1\5\slice_0
java_class_path (initial): E:\AndroidSDK\build-tools\23.0.3\lib\dx.jar
Launcher Type: SUN_STANDARD

Environment Variables:
JAVA_HOME=C:\Program Files\Java\jdk1.8.0_20
CLASSPATH=.;C:\Program Files\Java\jdk1.8.0_20\lib\tools.jar;C:\Program Files\Java\jdk1.8.0_20\lib\dt.jar;
PATH=C:\ProgramData\Oracle\Java\javapath;C:\Windows\system32;C:\Windows;C:\Windows\System32\Wbem;C:\Windows\System32\WindowsPowerShell\v1.0\;C:\Program Files (x86)\Intel\OpenCL SDK\2.0\bin\x86;C:\Program Files (x86)\Intel\OpenCL SDK\2.0\bin\x64;C:\Program Files\Java\jdk1.8.0_20\bin;
USERNAME=jonny.peng
OS=Windows_NT
PROCESSOR_IDENTIFIER=Intel64 Family 6 Model 58 Stepping 9, GenuineIntel



---------------  S Y S T E M  ---------------

OS: Windows 7 , 64 bit Build 7601 Service Pack 1

CPU:total 4 (2 cores per cpu, 2 threads per core) family 6 model 58 stepping 9, cmov, cx8, fxsr, mmx, sse, sse2, sse3, ssse3, sse4.1, sse4.2, popcnt, avx, clmul, erms, ht, tsc, tscinvbit, tscinv

Memory: 4k page, physical 8288340k(1679944k free), swap 8286496k(5092k free)

vm_info: Java HotSpot(TM) 64-Bit Server VM (25.20-b23) for windows-amd64 JRE (1.8.0_20-b26), built on Jul 30 2014 13:51:23 by "java_re" with MS VC++ 10.0 (VS2010)

time: Tue May 03 15:34:32 2016
elapsed time: 0 seconds (0d 0h 0m 0s)

