#
# There is insufficient memory for the Java Runtime Environment to continue.
# Native memory allocation (malloc) failed to allocate 1137936 bytes for Chunk::new
# Possible reasons:
#   The system is out of physical RAM or swap space
#   In 32 bit mode, the process size limit was hit
# Possible solutions:
#   Reduce memory load on the system
#   Increase physical memory or swap space
#   Check if swap backing store is full
#   Use 64 bit Java on a 64 bit OS
#   Decrease Java heap size (-Xmx/-Xms)
#   Decrease number of Java threads
#   Decrease Java thread stack sizes (-Xss)
#   Set larger code cache with -XX:ReservedCodeCacheSize=
# This output file may be truncated or incomplete.
#
#  Out of Memory Error (allocation.cpp:390), pid=1100, tid=5196
#
# JRE version: Java(TM) SE Runtime Environment (8.0_20-b26) (build 1.8.0_20-b26)
# Java VM: Java HotSpot(TM) 64-Bit Server VM (25.20-b23 mixed mode windows-amd64 compressed oops)
# Failed to write core dump. Minidumps are not enabled by default on client versions of Windows
#

---------------  T H R E A D  ---------------

Current thread (0x00000000564c4000):  JavaThread "C2 CompilerThread1" daemon [_thread_in_native, id=5196, stack(0x0000000056eb0000,0x0000000056fb0000)]

Stack: [0x0000000056eb0000,0x0000000056fb0000]
Native frames: (J=compiled Java code, j=interpreted, Vv=VM code, C=native code)
V  [jvm.dll+0x3152fa]
V  [jvm.dll+0x265d03]
V  [jvm.dll+0x266943]
V  [jvm.dll+0x25e265]
V  [jvm.dll+0xbe255]
V  [jvm.dll+0xbe6fc]
V  [jvm.dll+0x45c472]
V  [jvm.dll+0x49d76f]
V  [jvm.dll+0x4512bf]
V  [jvm.dll+0x452634]
V  [jvm.dll+0x435fc2]
V  [jvm.dll+0x97b62]
V  [jvm.dll+0x98353]
V  [jvm.dll+0x22aac4]
V  [jvm.dll+0x283f5a]
C  [msvcr100.dll+0x21d9f]
C  [msvcr100.dll+0x21e3b]
C  [kernel32.dll+0x1652d]
C  [ntdll.dll+0x2c521]


Current CompileTask:
C2:   2774 1546       4       com.android.dx.ssa.SsaRenamer$1::visitBlock (16 bytes)


---------------  P R O C E S S  ---------------

Java Threads: ( => current thread )
  0x0000000056792000 JavaThread "pool-2-thread-4" [_thread_blocked, id=5092, stack(0x0000000056fb0000,0x00000000570b0000)]
  0x000000005678c800 JavaThread "pool-2-thread-3" [_thread_blocked, id=5600, stack(0x0000000057860000,0x0000000057960000)]
  0x000000005678b000 JavaThread "pool-2-thread-2" [_thread_blocked, id=5712, stack(0x0000000057680000,0x0000000057780000)]
  0x0000000056785800 JavaThread "pool-3-thread-1" [_thread_blocked, id=1708, stack(0x0000000057550000,0x0000000057650000)]
  0x0000000056784000 JavaThread "pool-2-thread-1" [_thread_blocked, id=1136, stack(0x0000000057390000,0x0000000057490000)]
  0x0000000056515800 JavaThread "Service Thread" daemon [_thread_blocked, id=4336, stack(0x0000000056270000,0x0000000056370000)]
  0x00000000564c5000 JavaThread "C1 CompilerThread2" daemon [_thread_blocked, id=5588, stack(0x00000000568f0000,0x00000000569f0000)]
=>0x00000000564c4000 JavaThread "C2 CompilerThread1" daemon [_thread_in_native, id=5196, stack(0x0000000056eb0000,0x0000000056fb0000)]
  0x00000000564bf000 JavaThread "C2 CompilerThread0" daemon [_thread_in_native, id=4796, stack(0x0000000056cf0000,0x0000000056df0000)]
  0x00000000564be800 JavaThread "Attach Listener" daemon [_thread_blocked, id=6016, stack(0x0000000056b80000,0x0000000056c80000)]
  0x0000000054fbf000 JavaThread "Signal Dispatcher" daemon [_thread_blocked, id=4020, stack(0x0000000056a10000,0x0000000056b10000)]
  0x0000000054f4c000 JavaThread "Finalizer" daemon [_thread_blocked, id=5144, stack(0x00000000563b0000,0x00000000564b0000)]
  0x0000000054f48800 JavaThread "Reference Handler" daemon [_thread_blocked, id=1872, stack(0x0000000056160000,0x0000000056260000)]
  0x00000000025be000 JavaThread "main" [_thread_blocked, id=4820, stack(0x0000000002810000,0x0000000002910000)]

Other Threads:
  0x0000000054f45000 VMThread [stack: 0x0000000055fb0000,0x00000000560b0000] [id=3824]
  0x0000000056519800 WatcherThread [stack: 0x0000000057130000,0x0000000057230000] [id=1948]

VM state:not at safepoint (normal execution)

VM Mutex/Monitor currently owned by a thread: None

Heap:
 PSYoungGen      total 71680K, used 8352K [0x00000000eab00000, 0x00000000ef600000, 0x0000000100000000)
  eden space 66560K, 4% used [0x00000000eab00000,0x00000000eae2b3d0,0x00000000eec00000)
  from space 5120K, 99% used [0x00000000ef100000,0x00000000ef5fcd18,0x00000000ef600000)
  to   space 5120K, 0% used [0x00000000eec00000,0x00000000eec00000,0x00000000ef100000)
 ParOldGen       total 87552K, used 5656K [0x00000000c0000000, 0x00000000c5580000, 0x00000000eab00000)
  object space 87552K, 6% used [0x00000000c0000000,0x00000000c0586240,0x00000000c5580000)
 Metaspace       used 6064K, capacity 7024K, committed 7296K, reserved 1056768K
  class space    used 592K, capacity 616K, committed 640K, reserved 1048576K

Card table byte_map: [0x0000000011cd0000,0x0000000011ee0000] byte_map_base: 0x00000000116d0000

Marking Bits: (ParMarkBitMap*) 0x0000000058d5b460
 Begin Bits: [0x00000000123c0000, 0x00000000133c0000)
 End Bits:   [0x00000000133c0000, 0x00000000143c0000)

Polling page: 0x0000000000230000

CodeCache: size=245760Kb used=6313Kb max_used=6313Kb free=239446Kb
 bounds [0x0000000002910000, 0x0000000002f40000, 0x0000000011910000]
 total_blobs=1845 nmethods=1579 adapters=180
 compilation: enabled

Compilation events (10 events):
Event: 2.748 Thread 0x00000000564c5000 1584   !   3       java.lang.ref.Finalizer::runFinalizer (62 bytes)
Event: 2.749 Thread 0x00000000564c5000 nmethod 1584 0x0000000002f3ca10 code [0x0000000002f3cbc0, 0x0000000002f3d418]
Event: 2.749 Thread 0x00000000564c5000 1585       3       java.lang.ref.Finalizer::hasBeenFinalized (14 bytes)
Event: 2.749 Thread 0x00000000564c5000 nmethod 1585 0x0000000002f3d6d0 code [0x0000000002f3d820, 0x0000000002f3d9d0]
Event: 2.749 Thread 0x00000000564c5000 1586   !   3       java.lang.ref.Finalizer::remove (94 bytes)
Event: 2.749 Thread 0x00000000564c5000 nmethod 1586 0x0000000002f3da50 code [0x0000000002f3dbc0, 0x0000000002f3e090]
Event: 2.749 Thread 0x00000000564c5000 1587       3       java.lang.System$2::invokeFinalize (5 bytes)
Event: 2.749 Thread 0x00000000564c5000 nmethod 1587 0x0000000002f3e1d0 code [0x0000000002f3e340, 0x0000000002f3e568]
Event: 2.749 Thread 0x00000000564c5000 1588       3       java.lang.ref.Reference::clear (6 bytes)
Event: 2.749 Thread 0x00000000564c5000 nmethod 1588 0x0000000002f3e610 code [0x0000000002f3e760, 0x0000000002f3e8d0]

GC Heap History (4 events):
Event: 1.048 GC heap before
{Heap before GC invocations=1 (full 0):
 PSYoungGen      total 38400K, used 33280K [0x00000000eab00000, 0x00000000ed580000, 0x0000000100000000)
  eden space 33280K, 100% used [0x00000000eab00000,0x00000000ecb80000,0x00000000ecb80000)
  from space 5120K, 0% used [0x00000000ed080000,0x00000000ed080000,0x00000000ed580000)
  to   space 5120K, 0% used [0x00000000ecb80000,0x00000000ecb80000,0x00000000ed080000)
 ParOldGen       total 87552K, used 0K [0x00000000c0000000, 0x00000000c5580000, 0x00000000eab00000)
  object space 87552K, 0% used [0x00000000c0000000,0x00000000c0000000,0x00000000c5580000)
 Metaspace       used 5852K, capacity 6896K, committed 7040K, reserved 1056768K
  class space    used 591K, capacity 616K, committed 640K, reserved 1048576K
Event: 1.072 GC heap after
Heap after GC invocations=1 (full 0):
 PSYoungGen      total 38400K, used 5119K [0x00000000eab00000, 0x00000000ef600000, 0x0000000100000000)
  eden space 33280K, 0% used [0x00000000eab00000,0x00000000eab00000,0x00000000ecb80000)
  from space 5120K, 99% used [0x00000000ecb80000,0x00000000ed07fc88,0x00000000ed080000)
  to   space 5120K, 0% used [0x00000000ef100000,0x00000000ef100000,0x00000000ef600000)
 ParOldGen       total 87552K, used 1345K [0x00000000c0000000, 0x00000000c5580000, 0x00000000eab00000)
  object space 87552K, 1% used [0x00000000c0000000,0x00000000c0150528,0x00000000c5580000)
 Metaspace       used 5852K, capacity 6896K, committed 7040K, reserved 1056768K
  class space    used 591K, capacity 616K, committed 640K, reserved 1048576K
}
Event: 2.524 GC heap before
{Heap before GC invocations=2 (full 0):
 PSYoungGen      total 38400K, used 38399K [0x00000000eab00000, 0x00000000ef600000, 0x0000000100000000)
  eden space 33280K, 100% used [0x00000000eab00000,0x00000000ecb80000,0x00000000ecb80000)
  from space 5120K, 99% used [0x00000000ecb80000,0x00000000ed07fc88,0x00000000ed080000)
  to   space 5120K, 0% used [0x00000000ef100000,0x00000000ef100000,0x00000000ef600000)
 ParOldGen       total 87552K, used 1345K [0x00000000c0000000, 0x00000000c5580000, 0x00000000eab00000)
  object space 87552K, 1% used [0x00000000c0000000,0x00000000c0150528,0x00000000c5580000)
 Metaspace       used 6064K, capacity 7024K, committed 7296K, reserved 1056768K
  class space    used 592K, capacity 616K, committed 640K, reserved 1048576K
Event: 2.608 GC heap after
Heap after GC invocations=2 (full 0):
 PSYoungGen      total 71680K, used 5107K [0x00000000eab00000, 0x00000000ef600000, 0x0000000100000000)
  eden space 66560K, 0% used [0x00000000eab00000,0x00000000eab00000,0x00000000eec00000)
  from space 5120K, 99% used [0x00000000ef100000,0x00000000ef5fcd18,0x00000000ef600000)
  to   space 5120K, 0% used [0x00000000eec00000,0x00000000eec00000,0x00000000ef100000)
 ParOldGen       total 87552K, used 5656K [0x00000000c0000000, 0x00000000c5580000, 0x00000000eab00000)
  object space 87552K, 6% used [0x00000000c0000000,0x00000000c0586240,0x00000000c5580000)
 Metaspace       used 6064K, capacity 7024K, committed 7296K, reserved 1056768K
  class space    used 592K, capacity 616K, committed 640K, reserved 1048576K
}

Deoptimization events (2 events):
Event: 2.259 Thread 0x00000000025be000 Uncommon trap: reason=unloaded action=reinterpret pc=0x0000000002ddc184 method=com.android.dx.cf.cst.ConstantPoolParser.parse0(ILjava/util/BitSet;)Lcom/android/dx/rop/cst/Constant; @ 220
Event: 2.507 Thread 0x0000000056792000 Uncommon trap: reason=unreached action=reinterpret pc=0x0000000002bd8984 method=com.android.dx.rop.cst.Constant.compareTo(Lcom/android/dx/rop/cst/Constant;)I @ 12

Internal exceptions (10 events):
Event: 0.617 Thread 0x000000005678c800 Exception <a 'java/security/PrivilegedActionException'> (0x00000000eb952250) thrown at [D:\re\workspace\8-2-build-windows-amd64-cygwin\jdk8u20\1074\hotspot\src\share\vm\prims\jvm.cpp, line 1275]
Event: 0.619 Thread 0x000000005678c800 Exception <a 'java/security/PrivilegedActionException'> (0x00000000eb9583a0) thrown at [D:\re\workspace\8-2-build-windows-amd64-cygwin\jdk8u20\1074\hotspot\src\share\vm\prims\jvm.cpp, line 1275]
Event: 0.633 Thread 0x000000005678c800 Exception <a 'java/security/PrivilegedActionException'> (0x00000000eb9731b8) thrown at [D:\re\workspace\8-2-build-windows-amd64-cygwin\jdk8u20\1074\hotspot\src\share\vm\prims\jvm.cpp, line 1275]
Event: 0.644 Thread 0x0000000056784000 Exception <a 'java/security/PrivilegedActionException'> (0x00000000eb5c1108) thrown at [D:\re\workspace\8-2-build-windows-amd64-cygwin\jdk8u20\1074\hotspot\src\share\vm\prims\jvm.cpp, line 1275]
Event: 0.896 Thread 0x00000000025be000 Exception <a 'java/security/PrivilegedActionException'> (0x00000000ec216c60) thrown at [D:\re\workspace\8-2-build-windows-amd64-cygwin\jdk8u20\1074\hotspot\src\share\vm\prims\jvm.cpp, line 1275]
Event: 0.896 Thread 0x00000000025be000 Exception <a 'java/security/PrivilegedActionException'> (0x00000000ec218ea0) thrown at [D:\re\workspace\8-2-build-windows-amd64-cygwin\jdk8u20\1074\hotspot\src\share\vm\prims\jvm.cpp, line 1275]
Event: 0.897 Thread 0x00000000025be000 Exception <a 'java/security/PrivilegedActionException'> (0x00000000ec222f10) thrown at [D:\re\workspace\8-2-build-windows-amd64-cygwin\jdk8u20\1074\hotspot\src\share\vm\prims\jvm.cpp, line 1275]
Event: 0.898 Thread 0x00000000025be000 Exception <a 'java/security/PrivilegedActionException'> (0x00000000ec2253d0) thrown at [D:\re\workspace\8-2-build-windows-amd64-cygwin\jdk8u20\1074\hotspot\src\share\vm\prims\jvm.cpp, line 1275]
Event: 1.041 Thread 0x00000000025be000 Exception <a 'java/security/PrivilegedActionException'> (0x00000000ec2adcd8) thrown at [D:\re\workspace\8-2-build-windows-amd64-cygwin\jdk8u20\1074\hotspot\src\share\vm\prims\jvm.cpp, line 1275]
Event: 2.270 Thread 0x0000000056784000 Exception <a 'java/security/PrivilegedActionException'> (0x00000000eb867458) thrown at [D:\re\workspace\8-2-build-windows-amd64-cygwin\jdk8u20\1074\hotspot\src\share\vm\prims\jvm.cpp, line 1275]

Events (10 events):
Event: 2.259 Thread 0x00000000025be000 Uncommon trap: trap_request=0x000000d2 fr.pc=0x0000000002ddc184
Event: 2.259 Thread 0x00000000025be000 DEOPT PACKING pc=0x0000000002ddc184 sp=0x000000000290e840
Event: 2.259 Thread 0x00000000025be000 DEOPT UNPACKING pc=0x000000000295556a sp=0x000000000290e7f8 mode 2
Event: 2.270 loading class com/android/dx/rop/code/RegisterSpec$1
Event: 2.270 loading class com/android/dx/rop/code/RegisterSpec$1 done
Event: 2.507 Thread 0x0000000056792000 Uncommon trap: trap_request=0xffffffad fr.pc=0x0000000002bd8984
Event: 2.507 Thread 0x0000000056792000 DEOPT PACKING pc=0x0000000002bd8984 sp=0x00000000570ae030
Event: 2.507 Thread 0x0000000056792000 DEOPT UNPACKING pc=0x000000000295556a sp=0x00000000570adfd0 mode 2
Event: 2.519 Executing VM operation: ParallelGCFailedAllocation
Event: 2.608 Executing VM operation: ParallelGCFailedAllocation done


Dynamic libraries:
0x000000013f2b0000 - 0x000000013f2e4000 	C:\Program Files\Java\jdk1.8.0_20\bin\java.exe
0x0000000076d40000 - 0x0000000076ee9000 	C:\Windows\SYSTEM32\ntdll.dll
0x0000000076b20000 - 0x0000000076c3f000 	C:\Windows\system32\kernel32.dll
0x000007fefcff0000 - 0x000007fefd05b000 	C:\Windows\system32\KERNELBASE.dll
0x000007fefeb80000 - 0x000007fefec5b000 	C:\Windows\system32\ADVAPI32.dll
0x000007fefeae0000 - 0x000007fefeb7f000 	C:\Windows\system32\msvcrt.dll
0x000007fefe220000 - 0x000007fefe23f000 	C:\Windows\SYSTEM32\sechost.dll
0x000007fefe860000 - 0x000007fefe98d000 	C:\Windows\system32\RPCRT4.dll
0x0000000076c40000 - 0x0000000076d3a000 	C:\Windows\system32\USER32.dll
0x000007fefe720000 - 0x000007fefe787000 	C:\Windows\system32\GDI32.dll
0x000007fefe630000 - 0x000007fefe63e000 	C:\Windows\system32\LPK.dll
0x000007fefe790000 - 0x000007fefe859000 	C:\Windows\system32\USP10.dll
0x000007fefb410000 - 0x000007fefb604000 	C:\Windows\WinSxS\amd64_microsoft.windows.common-controls_6595b64144ccf1df_6.0.7601.17514_none_fa396087175ac9ac\COMCTL32.dll
0x000007fefea10000 - 0x000007fefea81000 	C:\Windows\system32\SHLWAPI.dll
0x000007fefd100000 - 0x000007fefd12e000 	C:\Windows\system32\IMM32.DLL
0x000007fefd130000 - 0x000007fefd239000 	C:\Windows\system32\MSCTF.dll
0x0000000069e80000 - 0x0000000069f52000 	C:\Program Files\Java\jdk1.8.0_20\bin\msvcr100.dll
0x0000000058580000 - 0x0000000058dd8000 	C:\Program Files\Java\jdk1.8.0_20\bin\server\jvm.dll
0x000007fefa1f0000 - 0x000007fefa1f9000 	C:\Windows\system32\WSOCK32.dll
0x000007fefea90000 - 0x000007fefeadd000 	C:\Windows\system32\WS2_32.dll
0x000007fefec60000 - 0x000007fefec68000 	C:\Windows\system32\NSI.dll
0x000007fefaea0000 - 0x000007fefaedb000 	C:\Windows\system32\WINMM.dll
0x0000000076f00000 - 0x0000000076f07000 	C:\Windows\system32\PSAPI.DLL
0x000000006a020000 - 0x000000006a02f000 	C:\Program Files\Java\jdk1.8.0_20\bin\verify.dll
0x0000000069ff0000 - 0x000000006a018000 	C:\Program Files\Java\jdk1.8.0_20\bin\java.dll
0x0000000069e60000 - 0x0000000069e76000 	C:\Program Files\Java\jdk1.8.0_20\bin\zip.dll
0x000007fefd240000 - 0x000007fefdfc8000 	C:\Windows\system32\SHELL32.dll
0x000007fefe240000 - 0x000007fefe443000 	C:\Windows\system32\ole32.dll
0x000007fefcc90000 - 0x000007fefcc9f000 	C:\Windows\system32\profapi.dll
0x000007feee500000 - 0x000007feee625000 	C:\Windows\system32\dbghelp.dll

VM Arguments:
jvm_args: -Djava.awt.headless=true -Xmx1024M -Dfile.encoding=GBK -Duser.country=CN -Duser.language=zh -Duser.variant 
java_command: com.android.dx.command.Main --dex --force-jumbo --num-threads=4 --multi-dex --output E:\AndroidProject\GraduationProject\app\build\intermediates\transforms\dex\debug\folders\1000\10\gson-2.6.2_c56eeda0ba27ecf277717beeb3e975be4e15a8a2 C:\Users\jonny.peng\.gradle\caches\modules-2\files-2.1\com.google.code.gson\gson\2.6.2\f1bc476cc167b18e66c297df599b2377131a8947\gson-2.6.2.jar
java_class_path (initial): E:\AndroidSDK\build-tools\23.0.3\lib\dx.jar
Launcher Type: SUN_STANDARD

Environment Variables:
JAVA_HOME=C:\Program Files\Java\jdk1.8.0_20
CLASSPATH=.;C:\Program Files\Java\jdk1.8.0_20\lib\tools.jar;C:\Program Files\Java\jdk1.8.0_20\lib\dt.jar;
PATH=C:\ProgramData\Oracle\Java\javapath;C:\Windows\system32;C:\Windows;C:\Windows\System32\Wbem;C:\Windows\System32\WindowsPowerShell\v1.0\;C:\Program Files (x86)\Intel\OpenCL SDK\2.0\bin\x86;C:\Program Files (x86)\Intel\OpenCL SDK\2.0\bin\x64;C:\Program Files\Java\jdk1.8.0_20\bin;
USERNAME=jonny.peng
OS=Windows_NT
PROCESSOR_IDENTIFIER=Intel64 Family 6 Model 58 Stepping 9, GenuineIntel



---------------  S Y S T E M  ---------------

OS: Windows 7 , 64 bit Build 7601 Service Pack 1

CPU:total 4 (2 cores per cpu, 2 threads per core) family 6 model 58 stepping 9, cmov, cx8, fxsr, mmx, sse, sse2, sse3, ssse3, sse4.1, sse4.2, popcnt, avx, clmul, erms, ht, tsc, tscinvbit, tscinv

Memory: 4k page, physical 8288340k(1603548k free), swap 8286496k(2232k free)

vm_info: Java HotSpot(TM) 64-Bit Server VM (25.20-b23) for windows-amd64 JRE (1.8.0_20-b26), built on Jul 30 2014 13:51:23 by "java_re" with MS VC++ 10.0 (VS2010)

time: Tue May 03 11:19:49 2016
elapsed time: 2 seconds (0d 0h 0m 2s)

