#
# There is insufficient memory for the Java Runtime Environment to continue.
# Native memory allocation (malloc) failed to allocate 32744 bytes for ChunkPool::allocate
# Possible reasons:
#   The system is out of physical RAM or swap space
#   In 32 bit mode, the process size limit was hit
# Possible solutions:
#   Reduce memory load on the system
#   Increase physical memory or swap space
#   Check if swap backing store is full
#   Use 64 bit Java on a 64 bit OS
#   Decrease Java heap size (-Xmx/-Xms)
#   Decrease number of Java threads
#   Decrease Java thread stack sizes (-Xss)
#   Set larger code cache with -XX:ReservedCodeCacheSize=
# This output file may be truncated or incomplete.
#
#  Out of Memory Error (allocation.cpp:273), pid=4460, tid=4644
#
# JRE version: Java(TM) SE Runtime Environment (8.0_20-b26) (build 1.8.0_20-b26)
# Java VM: Java HotSpot(TM) 64-Bit Server VM (25.20-b23 mixed mode windows-amd64 compressed oops)
# Failed to write core dump. Minidumps are not enabled by default on client versions of Windows
#

---------------  T H R E A D  ---------------

Current thread (0x0000000055159000):  JavaThread "C2 CompilerThread0" daemon [_thread_in_native, id=4644, stack(0x0000000056c50000,0x0000000056d50000)]

Stack: [0x0000000056c50000,0x0000000056d50000]
Native frames: (J=compiled Java code, j=interpreted, Vv=VM code, C=native code)
V  [jvm.dll+0x3152fa]


Current CompileTask:
C2:   4432 1409   !   4       com.android.dx.cf.code.BytecodeArray::parseInstruction (2764 bytes)


---------------  P R O C E S S  ---------------

Java Threads: ( => current thread )
  0x000000005695d800 JavaThread "pool-2-thread-4" [_thread_blocked, id=4232, stack(0x00000000581a0000,0x00000000582a0000)]
  0x00000000569f0800 JavaThread "pool-2-thread-3" [_thread_blocked, id=3936, stack(0x0000000057f40000,0x0000000058040000)]
  0x00000000569f0000 JavaThread "pool-2-thread-2" [_thread_blocked, id=5172, stack(0x0000000057dd0000,0x0000000057ed0000)]
  0x000000005694c000 JavaThread "pool-3-thread-1" [_thread_blocked, id=2080, stack(0x0000000057c20000,0x0000000057d20000)]
  0x0000000056949000 JavaThread "pool-2-thread-1" [_thread_in_Java, id=4676, stack(0x0000000057160000,0x0000000057260000)]
  0x00000000566d5800 JavaThread "Service Thread" daemon [_thread_blocked, id=2336, stack(0x0000000056fe0000,0x00000000570e0000)]
  0x00000000566cf000 JavaThread "C1 CompilerThread2" daemon [_thread_blocked, id=3424, stack(0x0000000056dc0000,0x0000000056ec0000)]
  0x00000000566ce800 JavaThread "C2 CompilerThread1" daemon [_thread_in_native, id=3160, stack(0x0000000056ed0000,0x0000000056fd0000)]
=>0x0000000055159000 JavaThread "C2 CompilerThread0" daemon [_thread_in_native, id=4644, stack(0x0000000056c50000,0x0000000056d50000)]
  0x0000000055158000 JavaThread "Attach Listener" daemon [_thread_blocked, id=2592, stack(0x0000000056b40000,0x0000000056c40000)]
  0x0000000056683000 JavaThread "Signal Dispatcher" daemon [_thread_blocked, id=5000, stack(0x0000000056450000,0x0000000056550000)]
  0x00000000550ec000 JavaThread "Finalizer" daemon [_thread_blocked, id=2008, stack(0x0000000056570000,0x0000000056670000)]
  0x00000000550e8800 JavaThread "Reference Handler" daemon [_thread_blocked, id=5500, stack(0x00000000562f0000,0x00000000563f0000)]
  0x00000000025be000 JavaThread "main" [_thread_blocked, id=336, stack(0x0000000002780000,0x0000000002880000)]

Other Threads:
  0x00000000550e5000 VMThread [stack: 0x0000000056150000,0x0000000056250000] [id=2500]
  0x00000000566d7800 WatcherThread [stack: 0x0000000057280000,0x0000000057380000] [id=5656]

VM state:not at safepoint (normal execution)

VM Mutex/Monitor currently owned by a thread: None

Heap:
 PSYoungGen      total 38400K, used 25584K [0x00000000eab00000, 0x00000000ef600000, 0x0000000100000000)
  eden space 33280K, 61% used [0x00000000eab00000,0x00000000ebefc8b8,0x00000000ecb80000)
  from space 5120K, 99% used [0x00000000ecb80000,0x00000000ed07fa98,0x00000000ed080000)
  to   space 5120K, 0% used [0x00000000ef100000,0x00000000ef100000,0x00000000ef600000)
 ParOldGen       total 87552K, used 131K [0x00000000c0000000, 0x00000000c5580000, 0x00000000eab00000)
  object space 87552K, 0% used [0x00000000c0000000,0x00000000c0020cd0,0x00000000c5580000)
 Metaspace       used 6011K, capacity 7024K, committed 7296K, reserved 1056768K
  class space    used 595K, capacity 616K, committed 640K, reserved 1048576K

Card table byte_map: [0x0000000011c40000,0x0000000011e50000] byte_map_base: 0x0000000011640000

Marking Bits: (ParMarkBitMap*) 0x0000000058d5b460
 Begin Bits: [0x0000000012560000, 0x0000000013560000)
 End Bits:   [0x0000000013560000, 0x0000000014560000)

Polling page: 0x0000000001b60000

CodeCache: size=245760Kb used=5561Kb max_used=5575Kb free=240198Kb
 bounds [0x0000000002880000, 0x0000000002e00000, 0x0000000011880000]
 total_blobs=1666 nmethods=1400 adapters=180
 compilation: enabled

Compilation events (10 events):
Event: 4.375 Thread 0x0000000055159000 nmethod 1404 0x0000000002def690 code [0x0000000002def820, 0x0000000002deffc8]
Event: 4.376 Thread 0x00000000566cf000 1405       3       com.android.dx.rop.code.ThrowingInsn::<init> (49 bytes)
Event: 4.376 Thread 0x00000000566cf000 nmethod 1405 0x0000000002de9550 code [0x0000000002de96e0, 0x0000000002de9ae8]
Event: 4.377 Thread 0x00000000566cf000 1406       3       com.android.dx.rop.type.Type::getInitializedType (42 bytes)
Event: 4.377 Thread 0x00000000566cf000 nmethod 1406 0x0000000002deb790 code [0x0000000002deb960, 0x0000000002dec138]
Event: 4.377 Thread 0x0000000055159000 1407       4       com.android.dx.ssa.SsaMethod::computeReachability (131 bytes)
Event: 4.409 Thread 0x0000000055159000 nmethod 1407 0x0000000002df76d0 code [0x0000000002df78a0, 0x0000000002df8638]
Event: 4.409 Thread 0x0000000055159000 1408       4       com.android.dx.rop.code.SourcePosition::<init> (50 bytes)
Event: 4.410 Thread 0x0000000055159000 nmethod 1408 0x0000000002de92d0 code [0x0000000002de9400, 0x0000000002de9498]
Event: 4.410 Thread 0x0000000055159000 1409   !   4       com.android.dx.cf.code.BytecodeArray::parseInstruction (2764 bytes)

GC Heap History (2 events):
Event: 2.805 GC heap before
{Heap before GC invocations=1 (full 0):
 PSYoungGen      total 38400K, used 33280K [0x00000000eab00000, 0x00000000ed580000, 0x0000000100000000)
  eden space 33280K, 100% used [0x00000000eab00000,0x00000000ecb80000,0x00000000ecb80000)
  from space 5120K, 0% used [0x00000000ed080000,0x00000000ed080000,0x00000000ed580000)
  to   space 5120K, 0% used [0x00000000ecb80000,0x00000000ecb80000,0x00000000ed080000)
 ParOldGen       total 87552K, used 0K [0x00000000c0000000, 0x00000000c5580000, 0x00000000eab00000)
  object space 87552K, 0% used [0x00000000c0000000,0x00000000c0000000,0x00000000c5580000)
 Metaspace       used 5857K, capacity 6896K, committed 7040K, reserved 1056768K
  class space    used 593K, capacity 616K, committed 640K, reserved 1048576K
Event: 2.955 GC heap after
Heap after GC invocations=1 (full 0):
 PSYoungGen      total 38400K, used 5118K [0x00000000eab00000, 0x00000000ef600000, 0x0000000100000000)
  eden space 33280K, 0% used [0x00000000eab00000,0x00000000eab00000,0x00000000ecb80000)
  from space 5120K, 99% used [0x00000000ecb80000,0x00000000ed07fa98,0x00000000ed080000)
  to   space 5120K, 0% used [0x00000000ef100000,0x00000000ef100000,0x00000000ef600000)
 ParOldGen       total 87552K, used 131K [0x00000000c0000000, 0x00000000c5580000, 0x00000000eab00000)
  object space 87552K, 0% used [0x00000000c0000000,0x00000000c0020cd0,0x00000000c5580000)
 Metaspace       used 5857K, capacity 6896K, committed 7040K, reserved 1056768K
  class space    used 593K, capacity 616K, committed 640K, reserved 1048576K
}

Deoptimization events (5 events):
Event: 3.044 Thread 0x00000000569f0000 Uncommon trap: reason=unreached action=reinterpret pc=0x0000000002b91904 method=com.android.dx.rop.cst.Constant.compareTo(Lcom/android/dx/rop/cst/Constant;)I @ 12
Event: 3.066 Thread 0x00000000569f0000 Uncommon trap: reason=class_check action=maybe_recompile pc=0x0000000002c11510 method=com.android.dx.rop.type.Type.equals(Ljava/lang/Object;)Z @ 8
Event: 3.581 Thread 0x0000000056949000 Uncommon trap: reason=class_check action=maybe_recompile pc=0x0000000002c11510 method=com.android.dx.rop.type.Type.equals(Ljava/lang/Object;)Z @ 8
Event: 3.581 Thread 0x0000000056949000 Uncommon trap: reason=null_check action=make_not_entrant pc=0x0000000002c11520 method=com.android.dx.rop.type.Type.equals(Ljava/lang/Object;)Z @ 8
Event: 4.280 Thread 0x0000000056949000 Uncommon trap: reason=bimorphic action=maybe_recompile pc=0x0000000002d6184c method=com.android.dx.ssa.LiteralOpUpgrader.tryReplacingWithConstant(Lcom/android/dx/ssa/NormalSsaInsn;)Z @ 52

Internal exceptions (10 events):
Event: 1.066 Thread 0x000000005695d800 Exception <a 'java/security/PrivilegedActionException'> (0x00000000ec21a5e0) thrown at [D:\re\workspace\8-2-build-windows-amd64-cygwin\jdk8u20\1074\hotspot\src\share\vm\prims\jvm.cpp, line 1275]
Event: 1.077 Thread 0x00000000569f0000 Exception <a 'java/security/PrivilegedActionException'> (0x00000000ec133798) thrown at [D:\re\workspace\8-2-build-windows-amd64-cygwin\jdk8u20\1074\hotspot\src\share\vm\prims\jvm.cpp, line 1275]
Event: 1.657 Thread 0x00000000025be000 Exception <a 'java/security/PrivilegedActionException'> (0x00000000ebb3cca0) thrown at [D:\re\workspace\8-2-build-windows-amd64-cygwin\jdk8u20\1074\hotspot\src\share\vm\prims\jvm.cpp, line 1275]
Event: 1.676 Thread 0x00000000569f0800 Exception <a 'java/security/PrivilegedActionException'> (0x00000000ebfd01d0) thrown at [D:\re\workspace\8-2-build-windows-amd64-cygwin\jdk8u20\1074\hotspot\src\share\vm\prims\jvm.cpp, line 1275]
Event: 2.062 Thread 0x00000000569f0800 Exception <a 'java/security/PrivilegedActionException'> (0x00000000ec556280) thrown at [D:\re\workspace\8-2-build-windows-amd64-cygwin\jdk8u20\1074\hotspot\src\share\vm\prims\jvm.cpp, line 1275]
Event: 2.150 Thread 0x00000000025be000 Exception <a 'java/security/PrivilegedActionException'> (0x00000000ec61b948) thrown at [D:\re\workspace\8-2-build-windows-amd64-cygwin\jdk8u20\1074\hotspot\src\share\vm\prims\jvm.cpp, line 1275]
Event: 2.151 Thread 0x00000000025be000 Exception <a 'java/security/PrivilegedActionException'> (0x00000000ec61ddf0) thrown at [D:\re\workspace\8-2-build-windows-amd64-cygwin\jdk8u20\1074\hotspot\src\share\vm\prims\jvm.cpp, line 1275]
Event: 2.754 Thread 0x00000000569f0000 Exception <a 'java/security/PrivilegedActionException'> (0x00000000ec713040) thrown at [D:\re\workspace\8-2-build-windows-amd64-cygwin\jdk8u20\1074\hotspot\src\share\vm\prims\jvm.cpp, line 1275]
Event: 3.581 Thread 0x0000000056949000 Implicit null exception at 0x0000000002c11412 to 0x0000000002c11511
Event: 4.262 Thread 0x0000000056949000 Exception <a 'java/security/PrivilegedActionException'> (0x00000000ebd48a30) thrown at [D:\re\workspace\8-2-build-windows-amd64-cygwin\jdk8u20\1074\hotspot\src\share\vm\prims\jvm.cpp, line 1275]

Events (10 events):
Event: 4.275 loading class java/util/HashMap$Values done
Event: 4.275 loading class java/util/HashMap$ValueIterator
Event: 4.275 loading class java/util/HashMap$ValueIterator done
Event: 4.280 Thread 0x0000000056949000 Uncommon trap: trap_request=0xffffffc6 fr.pc=0x0000000002d6184c
Event: 4.280 Thread 0x0000000056949000 DEOPT PACKING pc=0x0000000002d6184c sp=0x000000005725ed70
Event: 4.280 Thread 0x0000000056949000 DEOPT UNPACKING pc=0x00000000028c556a sp=0x000000005725ec48 mode 2
Event: 4.283 Thread 0x0000000056949000 DEOPT PACKING pc=0x0000000002be2db5 sp=0x000000005725eb20
Event: 4.283 Thread 0x0000000056949000 DEOPT UNPACKING pc=0x00000000028c75bf sp=0x000000005725e8b8 mode 0
Event: 4.288 Executing VM operation: EnableBiasedLocking
Event: 4.289 Executing VM operation: EnableBiasedLocking done


Dynamic libraries:
0x000000013f2b0000 - 0x000000013f2e4000 	C:\Program Files\Java\jdk1.8.0_20\bin\java.exe
0x0000000076d40000 - 0x0000000076ee9000 	C:\Windows\SYSTEM32\ntdll.dll
0x0000000076b20000 - 0x0000000076c3f000 	C:\Windows\system32\kernel32.dll
0x000007fefcff0000 - 0x000007fefd05b000 	C:\Windows\system32\KERNELBASE.dll
0x000007fefeb80000 - 0x000007fefec5b000 	C:\Windows\system32\ADVAPI32.dll
0x000007fefeae0000 - 0x000007fefeb7f000 	C:\Windows\system32\msvcrt.dll
0x000007fefe220000 - 0x000007fefe23f000 	C:\Windows\SYSTEM32\sechost.dll
0x000007fefe860000 - 0x000007fefe98d000 	C:\Windows\system32\RPCRT4.dll
0x0000000076c40000 - 0x0000000076d3a000 	C:\Windows\system32\USER32.dll
0x000007fefe720000 - 0x000007fefe787000 	C:\Windows\system32\GDI32.dll
0x000007fefe630000 - 0x000007fefe63e000 	C:\Windows\system32\LPK.dll
0x000007fefe790000 - 0x000007fefe859000 	C:\Windows\system32\USP10.dll
0x000007fefb410000 - 0x000007fefb604000 	C:\Windows\WinSxS\amd64_microsoft.windows.common-controls_6595b64144ccf1df_6.0.7601.17514_none_fa396087175ac9ac\COMCTL32.dll
0x000007fefea10000 - 0x000007fefea81000 	C:\Windows\system32\SHLWAPI.dll
0x000007fefd100000 - 0x000007fefd12e000 	C:\Windows\system32\IMM32.DLL
0x000007fefd130000 - 0x000007fefd239000 	C:\Windows\system32\MSCTF.dll
0x0000000069e80000 - 0x0000000069f52000 	C:\Program Files\Java\jdk1.8.0_20\bin\msvcr100.dll
0x0000000058580000 - 0x0000000058dd8000 	C:\Program Files\Java\jdk1.8.0_20\bin\server\jvm.dll
0x000007fefa1f0000 - 0x000007fefa1f9000 	C:\Windows\system32\WSOCK32.dll
0x000007fefea90000 - 0x000007fefeadd000 	C:\Windows\system32\WS2_32.dll
0x000007fefec60000 - 0x000007fefec68000 	C:\Windows\system32\NSI.dll
0x000007fefaea0000 - 0x000007fefaedb000 	C:\Windows\system32\WINMM.dll
0x0000000076f00000 - 0x0000000076f07000 	C:\Windows\system32\PSAPI.DLL
0x000000006a020000 - 0x000000006a02f000 	C:\Program Files\Java\jdk1.8.0_20\bin\verify.dll
0x0000000069ff0000 - 0x000000006a018000 	C:\Program Files\Java\jdk1.8.0_20\bin\java.dll
0x0000000069e60000 - 0x0000000069e76000 	C:\Program Files\Java\jdk1.8.0_20\bin\zip.dll
0x000007fefd240000 - 0x000007fefdfc8000 	C:\Windows\system32\SHELL32.dll
0x000007fefe240000 - 0x000007fefe443000 	C:\Windows\system32\ole32.dll
0x000007fefcc90000 - 0x000007fefcc9f000 	C:\Windows\system32\profapi.dll

VM Arguments:
jvm_args: -Djava.awt.headless=true -Xmx1024M -Dfile.encoding=GBK -Duser.country=CN -Duser.language=zh -Duser.variant 
java_command: com.android.dx.command.Main --dex --force-jumbo --num-threads=4 --multi-dex --output E:\AndroidProject\GraduationProject\app\build\intermediates\transforms\dex\debug\folders\1000\10\com.android.support-support-v4-23.1.1_8113cf5d42cde31e233e75a56ec6c9d262de58e8 E:\AndroidProject\GraduationProject\app\build\intermediates\exploded-aar\com.android.support\support-v4\23.1.1\jars\classes.jar
java_class_path (initial): E:\AndroidSDK\build-tools\23.0.3\lib\dx.jar
Launcher Type: SUN_STANDARD

Environment Variables:
JAVA_HOME=C:\Program Files\Java\jdk1.8.0_20
CLASSPATH=.;C:\Program Files\Java\jdk1.8.0_20\lib\tools.jar;C:\Program Files\Java\jdk1.8.0_20\lib\dt.jar;
PATH=C:\ProgramData\Oracle\Java\javapath;C:\Windows\system32;C:\Windows;C:\Windows\System32\Wbem;C:\Windows\System32\WindowsPowerShell\v1.0\;C:\Program Files (x86)\Intel\OpenCL SDK\2.0\bin\x86;C:\Program Files (x86)\Intel\OpenCL SDK\2.0\bin\x64;C:\Program Files\Java\jdk1.8.0_20\bin;
USERNAME=jonny.peng
OS=Windows_NT
PROCESSOR_IDENTIFIER=Intel64 Family 6 Model 58 Stepping 9, GenuineIntel



---------------  S Y S T E M  ---------------

OS: Windows 7 , 64 bit Build 7601 Service Pack 1

CPU:total 4 (2 cores per cpu, 2 threads per core) family 6 model 58 stepping 9, cmov, cx8, fxsr, mmx, sse, sse2, sse3, ssse3, sse4.1, sse4.2, popcnt, avx, clmul, erms, ht, tsc, tscinvbit, tscinv

Memory: 4k page, physical 8288340k(1606152k free), swap 8286496k(5100k free)

vm_info: Java HotSpot(TM) 64-Bit Server VM (25.20-b23) for windows-amd64 JRE (1.8.0_20-b26), built on Jul 30 2014 13:51:23 by "java_re" with MS VC++ 10.0 (VS2010)

time: Tue May 03 11:19:49 2016
elapsed time: 4 seconds (0d 0h 0m 4s)

