#
# There is insufficient memory for the Java Runtime Environment to continue.
# Native memory allocation (malloc) failed to allocate 903216 bytes for Chunk::new
# Possible reasons:
#   The system is out of physical RAM or swap space
#   In 32 bit mode, the process size limit was hit
# Possible solutions:
#   Reduce memory load on the system
#   Increase physical memory or swap space
#   Check if swap backing store is full
#   Use 64 bit Java on a 64 bit OS
#   Decrease Java heap size (-Xmx/-Xms)
#   Decrease number of Java threads
#   Decrease Java thread stack sizes (-Xss)
#   Set larger code cache with -XX:ReservedCodeCacheSize=
# This output file may be truncated or incomplete.
#
#  Out of Memory Error (allocation.cpp:390), pid=3344, tid=3204
#
# JRE version: Java(TM) SE Runtime Environment (8.0_20-b26) (build 1.8.0_20-b26)
# Java VM: Java HotSpot(TM) 64-Bit Server VM (25.20-b23 mixed mode windows-amd64 compressed oops)
# Failed to write core dump. Minidumps are not enabled by default on client versions of Windows
#

---------------  T H R E A D  ---------------

Current thread (0x00000000550e9000):  JavaThread "C2 CompilerThread0" daemon [_thread_in_native, id=3204, stack(0x0000000056bc0000,0x0000000056cc0000)]

Stack: [0x0000000056bc0000,0x0000000056cc0000]
Native frames: (J=compiled Java code, j=interpreted, Vv=VM code, C=native code)
V  [jvm.dll+0x3152fa]


Current CompileTask:
C2:   4781 1486       4       com.android.dx.rop.code.LocalVariableExtractor::processBlock (327 bytes)


---------------  P R O C E S S  ---------------

Java Threads: ( => current thread )
  0x00000000568ba000 JavaThread "pool-2-thread-4" [_thread_blocked, id=1032, stack(0x0000000057b40000,0x0000000057c40000)]
  0x00000000568b6000 JavaThread "pool-2-thread-3" [_thread_blocked, id=1944, stack(0x0000000057a40000,0x0000000057b40000)]
  0x00000000568b4000 JavaThread "pool-2-thread-2" [_thread_blocked, id=2012, stack(0x00000000578f0000,0x00000000579f0000)]
  0x00000000568b0000 JavaThread "pool-3-thread-1" [_thread_blocked, id=3156, stack(0x0000000057770000,0x0000000057870000)]
  0x00000000568af800 JavaThread "pool-2-thread-1" [_thread_blocked, id=816, stack(0x0000000057520000,0x0000000057620000)]
  0x0000000056608800 JavaThread "Service Thread" daemon [_thread_blocked, id=3180, stack(0x0000000057220000,0x0000000057320000)]
  0x00000000550ef000 JavaThread "C1 CompilerThread2" daemon [_thread_blocked, id=3748, stack(0x00000000570f0000,0x00000000571f0000)]
  0x00000000550ee000 JavaThread "C2 CompilerThread1" daemon [_thread_blocked, id=2040, stack(0x0000000056ea0000,0x0000000056fa0000)]
=>0x00000000550e9000 JavaThread "C2 CompilerThread0" daemon [_thread_in_native, id=3204, stack(0x0000000056bc0000,0x0000000056cc0000)]
  0x00000000550e8000 JavaThread "Attach Listener" daemon [_thread_blocked, id=300, stack(0x0000000056ce0000,0x0000000056de0000)]
  0x0000000056603000 JavaThread "Signal Dispatcher" daemon [_thread_blocked, id=1956, stack(0x0000000056a40000,0x0000000056b40000)]
  0x000000005507c000 JavaThread "Finalizer" daemon [_thread_blocked, id=4012, stack(0x00000000564f0000,0x00000000565f0000)]
  0x0000000055078800 JavaThread "Reference Handler" daemon [_thread_blocked, id=3436, stack(0x0000000056170000,0x0000000056270000)]
  0x00000000026fe000 JavaThread "main" [_thread_blocked, id=4516, stack(0x0000000002a60000,0x0000000002b60000)]

Other Threads:
  0x0000000055075000 VMThread [stack: 0x00000000562d0000,0x00000000563d0000] [id=5744]
  0x000000005660a800 WatcherThread [stack: 0x0000000057360000,0x0000000057460000] [id=852]

VM state:not at safepoint (normal execution)

VM Mutex/Monitor currently owned by a thread: None

Heap:
 PSYoungGen      total 38400K, used 27124K [0x00000000eab00000, 0x00000000ed580000, 0x0000000100000000)
  eden space 33280K, 66% used [0x00000000eab00000,0x00000000ec083850,0x00000000ecb80000)
  from space 5120K, 99% used [0x00000000ecb80000,0x00000000ed079b68,0x00000000ed080000)
  to   space 5120K, 0% used [0x00000000ed080000,0x00000000ed080000,0x00000000ed580000)
 ParOldGen       total 87552K, used 1566K [0x00000000c0000000, 0x00000000c5580000, 0x00000000eab00000)
  object space 87552K, 1% used [0x00000000c0000000,0x00000000c0187808,0x00000000c5580000)
 Metaspace       used 5991K, capacity 7024K, committed 7296K, reserved 1056768K
  class space    used 591K, capacity 616K, committed 640K, reserved 1048576K

Card table byte_map: [0x0000000011f20000,0x0000000012130000] byte_map_base: 0x0000000011920000

Marking Bits: (ParMarkBitMap*) 0x0000000058d5b460
 Begin Bits: [0x00000000124f0000, 0x00000000134f0000)
 End Bits:   [0x00000000134f0000, 0x00000000144f0000)

Polling page: 0x0000000000130000

CodeCache: size=245760Kb used=6060Kb max_used=6088Kb free=239699Kb
 bounds [0x0000000002b60000, 0x0000000003160000, 0x0000000011b60000]
 total_blobs=1753 nmethods=1487 adapters=180
 compilation: enabled

Compilation events (10 events):
Event: 4.729 Thread 0x00000000550ef000 nmethod 1483 0x0000000003132d50 code [0x0000000003133480, 0x00000000031381e8]
Event: 4.729 Thread 0x00000000550ef000 1484       3       com.android.dx.dex.file.AnnotationUtils::makeSignature (251 bytes)
Event: 4.732 Thread 0x00000000550ef000 nmethod 1484 0x000000000313d5d0 code [0x000000000313da20, 0x0000000003140328]
Event: 4.732 Thread 0x00000000550ef000 1488       3       com.android.dx.ssa.PhiInsn::getOpcode (2 bytes)
Event: 4.732 Thread 0x00000000550ef000 nmethod 1488 0x000000000312fa90 code [0x000000000312fbe0, 0x000000000312fd30]
Event: 4.732 Thread 0x00000000550ef000 1489   !   3       com.android.dx.cf.attrib.BaseLocalVariables::<init> (42 bytes)
Event: 4.733 Thread 0x00000000550ef000 nmethod 1489 0x000000000312f0d0 code [0x000000000312f280, 0x000000000312f808]
Event: 4.747 Thread 0x00000000550ee000 nmethod 1466 0x0000000003148550 code [0x0000000003148b00, 0x000000000314d708]
Event: 4.748 Thread 0x00000000550ee000 1487       4       com.android.dx.ssa.SsaMethod::getUseListCopy (56 bytes)
Event: 4.755 Thread 0x00000000550ee000 nmethod 1487 0x000000000312d110 code [0x000000000312d280, 0x000000000312d7a8]

GC Heap History (2 events):
Event: 2.766 GC heap before
{Heap before GC invocations=1 (full 0):
 PSYoungGen      total 38400K, used 33280K [0x00000000eab00000, 0x00000000ed580000, 0x0000000100000000)
  eden space 33280K, 100% used [0x00000000eab00000,0x00000000ecb80000,0x00000000ecb80000)
  from space 5120K, 0% used [0x00000000ed080000,0x00000000ed080000,0x00000000ed580000)
  to   space 5120K, 0% used [0x00000000ecb80000,0x00000000ecb80000,0x00000000ed080000)
 ParOldGen       total 87552K, used 0K [0x00000000c0000000, 0x00000000c5580000, 0x00000000eab00000)
  object space 87552K, 0% used [0x00000000c0000000,0x00000000c0000000,0x00000000c5580000)
 Metaspace       used 5836K, capacity 6896K, committed 7040K, reserved 1056768K
  class space    used 591K, capacity 616K, committed 640K, reserved 1048576K
Event: 2.778 GC heap after
Heap after GC invocations=1 (full 0):
 PSYoungGen      total 38400K, used 5094K [0x00000000eab00000, 0x00000000ed580000, 0x0000000100000000)
  eden space 33280K, 0% used [0x00000000eab00000,0x00000000eab00000,0x00000000ecb80000)
  from space 5120K, 99% used [0x00000000ecb80000,0x00000000ed079b68,0x00000000ed080000)
  to   space 5120K, 0% used [0x00000000ed080000,0x00000000ed080000,0x00000000ed580000)
 ParOldGen       total 87552K, used 1566K [0x00000000c0000000, 0x00000000c5580000, 0x00000000eab00000)
  object space 87552K, 1% used [0x00000000c0000000,0x00000000c0187808,0x00000000c5580000)
 Metaspace       used 5836K, capacity 6896K, committed 7040K, reserved 1056768K
  class space    used 591K, capacity 616K, committed 640K, reserved 1048576K
}

Deoptimization events (5 events):
Event: 2.296 Thread 0x00000000568b4000 Uncommon trap: reason=class_check action=maybe_recompile pc=0x0000000002d8f3e0 method=com.android.dx.ssa.NormalSsaInsn.accept(Lcom/android/dx/ssa/SsaInsn$Visitor;)V @ 9
Event: 2.296 Thread 0x00000000568b4000 Uncommon trap: reason=class_check action=maybe_recompile pc=0x0000000002d8f3e0 method=com.android.dx.ssa.NormalSsaInsn.accept(Lcom/android/dx/ssa/SsaInsn$Visitor;)V @ 9
Event: 2.296 Thread 0x00000000568b4000 Uncommon trap: reason=class_check action=maybe_recompile pc=0x0000000002d8f3e0 method=com.android.dx.ssa.NormalSsaInsn.accept(Lcom/android/dx/ssa/SsaInsn$Visitor;)V @ 9
Event: 2.296 Thread 0x00000000568b4000 Uncommon trap: reason=class_check action=maybe_recompile pc=0x0000000002d8f3e0 method=com.android.dx.ssa.NormalSsaInsn.accept(Lcom/android/dx/ssa/SsaInsn$Visitor;)V @ 9
Event: 3.880 Thread 0x00000000026fe000 Uncommon trap: reason=unloaded action=reinterpret pc=0x0000000003092404 method=com.android.dx.cf.cst.ConstantPoolParser.parse0(ILjava/util/BitSet;)Lcom/android/dx/rop/cst/Constant; @ 220

Internal exceptions (10 events):
Event: 2.204 Thread 0x00000000026fe000 Exception <a 'java/security/PrivilegedActionException'> (0x00000000eb7fb4d0) thrown at [D:\re\workspace\8-2-build-windows-amd64-cygwin\jdk8u20\1074\hotspot\src\share\vm\prims\jvm.cpp, line 1275]
Event: 2.219 Thread 0x00000000026fe000 Exception <a 'java/security/PrivilegedActionException'> (0x00000000eb836e58) thrown at [D:\re\workspace\8-2-build-windows-amd64-cygwin\jdk8u20\1074\hotspot\src\share\vm\prims\jvm.cpp, line 1275]
Event: 2.221 Thread 0x00000000026fe000 Exception <a 'java/security/PrivilegedActionException'> (0x00000000eb83e230) thrown at [D:\re\workspace\8-2-build-windows-amd64-cygwin\jdk8u20\1074\hotspot\src\share\vm\prims\jvm.cpp, line 1275]
Event: 2.248 Thread 0x00000000568af800 Exception <a 'java/security/PrivilegedActionException'> (0x00000000eb3ccfa0) thrown at [D:\re\workspace\8-2-build-windows-amd64-cygwin\jdk8u20\1074\hotspot\src\share\vm\prims\jvm.cpp, line 1275]
Event: 2.291 Thread 0x00000000568b4000 Exception <a 'java/security/PrivilegedActionException'> (0x00000000eb5589f8) thrown at [D:\re\workspace\8-2-build-windows-amd64-cygwin\jdk8u20\1074\hotspot\src\share\vm\prims\jvm.cpp, line 1275]
Event: 2.729 Thread 0x00000000026fe000 Exception <a 'java/security/PrivilegedActionException'> (0x00000000eba60e38) thrown at [D:\re\workspace\8-2-build-windows-amd64-cygwin\jdk8u20\1074\hotspot\src\share\vm\prims\jvm.cpp, line 1275]
Event: 2.732 Thread 0x00000000026fe000 Exception <a 'java/security/PrivilegedActionException'> (0x00000000eba63078) thrown at [D:\re\workspace\8-2-build-windows-amd64-cygwin\jdk8u20\1074\hotspot\src\share\vm\prims\jvm.cpp, line 1275]
Event: 2.733 Thread 0x00000000026fe000 Exception <a 'java/security/PrivilegedActionException'> (0x00000000eba6d0e8) thrown at [D:\re\workspace\8-2-build-windows-amd64-cygwin\jdk8u20\1074\hotspot\src\share\vm\prims\jvm.cpp, line 1275]
Event: 2.733 Thread 0x00000000026fe000 Exception <a 'java/security/PrivilegedActionException'> (0x00000000eba6f5a8) thrown at [D:\re\workspace\8-2-build-windows-amd64-cygwin\jdk8u20\1074\hotspot\src\share\vm\prims\jvm.cpp, line 1275]
Event: 2.756 Thread 0x00000000026fe000 Exception <a 'java/security/PrivilegedActionException'> (0x00000000ec9a2568) thrown at [D:\re\workspace\8-2-build-windows-amd64-cygwin\jdk8u20\1074\hotspot\src\share\vm\prims\jvm.cpp, line 1275]

Events (10 events):
Event: 2.733 loading class com/android/dx/cf/attrib/BaseAnnotations done
Event: 2.756 loading class com/android/dx/cf/attrib/AttAnnotationDefault
Event: 2.756 loading class com/android/dx/cf/attrib/AttAnnotationDefault done
Event: 2.765 Executing VM operation: ParallelGCFailedAllocation
Event: 2.778 Executing VM operation: ParallelGCFailedAllocation done
Event: 2.778 loading class sun/misc/Cleaner
Event: 2.778 loading class sun/misc/Cleaner done
Event: 3.880 Thread 0x00000000026fe000 Uncommon trap: trap_request=0x000000d2 fr.pc=0x0000000003092404
Event: 3.880 Thread 0x00000000026fe000 DEOPT PACKING pc=0x0000000003092404 sp=0x0000000002b5ea10
Event: 3.880 Thread 0x00000000026fe000 DEOPT UNPACKING pc=0x0000000002ba556a sp=0x0000000002b5e9c8 mode 2


Dynamic libraries:
0x000000013f2b0000 - 0x000000013f2e4000 	C:\Program Files\Java\jdk1.8.0_20\bin\java.exe
0x0000000076d40000 - 0x0000000076ee9000 	C:\Windows\SYSTEM32\ntdll.dll
0x0000000076b20000 - 0x0000000076c3f000 	C:\Windows\system32\kernel32.dll
0x000007fefcff0000 - 0x000007fefd05b000 	C:\Windows\system32\KERNELBASE.dll
0x000007fefeb80000 - 0x000007fefec5b000 	C:\Windows\system32\ADVAPI32.dll
0x000007fefeae0000 - 0x000007fefeb7f000 	C:\Windows\system32\msvcrt.dll
0x000007fefe220000 - 0x000007fefe23f000 	C:\Windows\SYSTEM32\sechost.dll
0x000007fefe860000 - 0x000007fefe98d000 	C:\Windows\system32\RPCRT4.dll
0x0000000076c40000 - 0x0000000076d3a000 	C:\Windows\system32\USER32.dll
0x000007fefe720000 - 0x000007fefe787000 	C:\Windows\system32\GDI32.dll
0x000007fefe630000 - 0x000007fefe63e000 	C:\Windows\system32\LPK.dll
0x000007fefe790000 - 0x000007fefe859000 	C:\Windows\system32\USP10.dll
0x000007fefb410000 - 0x000007fefb604000 	C:\Windows\WinSxS\amd64_microsoft.windows.common-controls_6595b64144ccf1df_6.0.7601.17514_none_fa396087175ac9ac\COMCTL32.dll
0x000007fefea10000 - 0x000007fefea81000 	C:\Windows\system32\SHLWAPI.dll
0x000007fefd100000 - 0x000007fefd12e000 	C:\Windows\system32\IMM32.DLL
0x000007fefd130000 - 0x000007fefd239000 	C:\Windows\system32\MSCTF.dll
0x0000000069e80000 - 0x0000000069f52000 	C:\Program Files\Java\jdk1.8.0_20\bin\msvcr100.dll
0x0000000058580000 - 0x0000000058dd8000 	C:\Program Files\Java\jdk1.8.0_20\bin\server\jvm.dll
0x000007fefa1f0000 - 0x000007fefa1f9000 	C:\Windows\system32\WSOCK32.dll
0x000007fefea90000 - 0x000007fefeadd000 	C:\Windows\system32\WS2_32.dll
0x000007fefec60000 - 0x000007fefec68000 	C:\Windows\system32\NSI.dll
0x000007fefaea0000 - 0x000007fefaedb000 	C:\Windows\system32\WINMM.dll
0x0000000076f00000 - 0x0000000076f07000 	C:\Windows\system32\PSAPI.DLL
0x000000006a020000 - 0x000000006a02f000 	C:\Program Files\Java\jdk1.8.0_20\bin\verify.dll
0x0000000069ff0000 - 0x000000006a018000 	C:\Program Files\Java\jdk1.8.0_20\bin\java.dll
0x0000000069e60000 - 0x0000000069e76000 	C:\Program Files\Java\jdk1.8.0_20\bin\zip.dll
0x000007fefd240000 - 0x000007fefdfc8000 	C:\Windows\system32\SHELL32.dll
0x000007fefe240000 - 0x000007fefe443000 	C:\Windows\system32\ole32.dll
0x000007fefcc90000 - 0x000007fefcc9f000 	C:\Windows\system32\profapi.dll

VM Arguments:
jvm_args: -Djava.awt.headless=true -Xmx1024M -Dfile.encoding=GBK -Duser.country=CN -Duser.language=zh -Duser.variant 
java_command: com.android.dx.command.Main --dex --force-jumbo --num-threads=4 --multi-dex --output E:\AndroidProject\GraduationProject\app\build\intermediates\transforms\dex\debug\folders\1000\10\gson-2.6.2_c56eeda0ba27ecf277717beeb3e975be4e15a8a2 C:\Users\jonny.peng\.gradle\caches\modules-2\files-2.1\com.google.code.gson\gson\2.6.2\f1bc476cc167b18e66c297df599b2377131a8947\gson-2.6.2.jar
java_class_path (initial): E:\AndroidSDK\build-tools\23.0.3\lib\dx.jar
Launcher Type: SUN_STANDARD

Environment Variables:
JAVA_HOME=C:\Program Files\Java\jdk1.8.0_20
CLASSPATH=.;C:\Program Files\Java\jdk1.8.0_20\lib\tools.jar;C:\Program Files\Java\jdk1.8.0_20\lib\dt.jar;
PATH=C:\ProgramData\Oracle\Java\javapath;C:\Windows\system32;C:\Windows;C:\Windows\System32\Wbem;C:\Windows\System32\WindowsPowerShell\v1.0\;C:\Program Files (x86)\Intel\OpenCL SDK\2.0\bin\x86;C:\Program Files (x86)\Intel\OpenCL SDK\2.0\bin\x64;C:\Program Files\Java\jdk1.8.0_20\bin;
USERNAME=jonny.peng
OS=Windows_NT
PROCESSOR_IDENTIFIER=Intel64 Family 6 Model 58 Stepping 9, GenuineIntel



---------------  S Y S T E M  ---------------

OS: Windows 7 , 64 bit Build 7601 Service Pack 1

CPU:total 4 (2 cores per cpu, 2 threads per core) family 6 model 58 stepping 9, cmov, cx8, fxsr, mmx, sse, sse2, sse3, ssse3, sse4.1, sse4.2, popcnt, avx, clmul, erms, ht, tsc, tscinvbit, tscinv

Memory: 4k page, physical 8288340k(1810628k free), swap 8286496k(5200k free)

vm_info: Java HotSpot(TM) 64-Bit Server VM (25.20-b23) for windows-amd64 JRE (1.8.0_20-b26), built on Jul 30 2014 13:51:23 by "java_re" with MS VC++ 10.0 (VS2010)

time: Tue May 03 11:09:57 2016
elapsed time: 4 seconds (0d 0h 0m 4s)

