#
# There is insufficient memory for the Java Runtime Environment to continue.
# Native memory allocation (malloc) failed to allocate 8192 bytes for AllocateHeap
# Possible reasons:
#   The system is out of physical RAM or swap space
#   In 32 bit mode, the process size limit was hit
# Possible solutions:
#   Reduce memory load on the system
#   Increase physical memory or swap space
#   Check if swap backing store is full
#   Use 64 bit Java on a 64 bit OS
#   Decrease Java heap size (-Xmx/-Xms)
#   Decrease number of Java threads
#   Decrease Java thread stack sizes (-Xss)
#   Set larger code cache with -XX:ReservedCodeCacheSize=
# This output file may be truncated or incomplete.
#
#  Out of Memory Error (memory/allocation.inline.hpp:62), pid=4228, tid=5528
#
# JRE version: Java(TM) SE Runtime Environment (8.0_20-b26) (build 1.8.0_20-b26)
# Java VM: Java HotSpot(TM) 64-Bit Server VM (25.20-b23 mixed mode windows-amd64 compressed oops)
# Failed to write core dump. Minidumps are not enabled by default on client versions of Windows
#

---------------  T H R E A D  ---------------

Current thread (0x000000000259e000):  JavaThread "main" [_thread_in_vm, id=5528, stack(0x00000000028e0000,0x00000000029e0000)]

Stack: [0x00000000028e0000,0x00000000029e0000]
Native frames: (J=compiled Java code, j=interpreted, Vv=VM code, C=native code)
V  [jvm.dll+0x3152fa]

Java frames: (J=compiled Java code, j=interpreted, Vv=VM code)
j  java.lang.Throwable.printStackTrace(Ljava/lang/Throwable$PrintStreamOrWriter;)V+0
j  java.lang.Throwable.printStackTrace(Ljava/io/PrintStream;)V+9
j  java.lang.Throwable.printStackTrace()V+4
j  com.android.dx.command.Main.main([Ljava/lang/String;)V+208
v  ~StubRoutines::call_stub

---------------  P R O C E S S  ---------------

Java Threads: ( => current thread )
  0x000000005663c000 JavaThread "Service Thread" daemon [_thread_blocked, id=848, stack(0x0000000057020000,0x0000000057120000)]
  0x0000000056604800 JavaThread "C1 CompilerThread2" daemon [_thread_blocked, id=5636, stack(0x0000000057230000,0x0000000057330000)]
  0x00000000565d7000 JavaThread "C2 CompilerThread1" daemon [_thread_blocked, id=4644, stack(0x0000000057120000,0x0000000057220000)]
  0x000000005528e000 JavaThread "C2 CompilerThread0" daemon [_thread_blocked, id=4592, stack(0x0000000056f20000,0x0000000057020000)]
  0x000000005528d000 JavaThread "Attach Listener" daemon [_thread_blocked, id=6132, stack(0x0000000056d80000,0x0000000056e80000)]
  0x00000000565d3000 JavaThread "Signal Dispatcher" daemon [_thread_blocked, id=4616, stack(0x0000000056ba0000,0x0000000056ca0000)]
  0x0000000055225000 JavaThread "Finalizer" daemon [_thread_blocked, id=5796, stack(0x00000000564c0000,0x00000000565c0000)]
  0x000000005521c000 JavaThread "Reference Handler" daemon [_thread_blocked, id=4976, stack(0x0000000056350000,0x0000000056450000)]
=>0x000000000259e000 JavaThread "main" [_thread_in_vm, id=5528, stack(0x00000000028e0000,0x00000000029e0000)]

Other Threads:
  0x0000000055219000 VMThread [stack: 0x0000000056200000,0x0000000056300000] [id=5240]
  0x0000000056642000 WatcherThread [stack: 0x0000000057390000,0x0000000057490000] [id=324]

VM state:not at safepoint (normal execution)

VM Mutex/Monitor currently owned by a thread:  ([mutex/lock_event])
[0x000000000259bbb0] SymbolTable_lock - owner thread: 0x000000000259e000

Heap:
 PSYoungGen      total 38400K, used 3339K [0x00000000eab00000, 0x00000000ed580000, 0x0000000100000000)
  eden space 33280K, 10% used [0x00000000eab00000,0x00000000eae42eb0,0x00000000ecb80000)
  from space 5120K, 0% used [0x00000000ed080000,0x00000000ed080000,0x00000000ed580000)
  to   space 5120K, 0% used [0x00000000ecb80000,0x00000000ecb80000,0x00000000ed080000)
 ParOldGen       total 87552K, used 0K [0x00000000c0000000, 0x00000000c5580000, 0x00000000eab00000)
  object space 87552K, 0% used [0x00000000c0000000,0x00000000c0000000,0x00000000c5580000)
 Metaspace       used 3440K, capacity 4784K, committed 5120K, reserved 1056768K
  class space    used 387K, capacity 424K, committed 512K, reserved 1048576K

Card table byte_map: [0x0000000011da0000,0x0000000011fb0000] byte_map_base: 0x00000000117a0000

Marking Bits: (ParMarkBitMap*) 0x0000000058d5b460
 Begin Bits: [0x0000000012690000, 0x0000000013690000)
 End Bits:   [0x0000000013690000, 0x0000000014690000)

Polling page: 0x0000000000130000

CodeCache: size=245760Kb used=1246Kb max_used=1246Kb free=244513Kb
 bounds [0x00000000029e0000, 0x0000000002c50000, 0x00000000119e0000]
 total_blobs=350 nmethods=101 adapters=163
 compilation: enabled

Compilation events (10 events):
Event: 0.396 Thread 0x0000000056604800   97       1       sun.util.calendar.CalendarDate::getDayOfMonth (5 bytes)
Event: 0.396 Thread 0x0000000056604800 nmethod 97 0x0000000002b16ed0 code [0x0000000002b17020, 0x0000000002b17130]
Event: 0.396 Thread 0x0000000056604800   98       1       sun.util.calendar.CalendarDate::getHours (5 bytes)
Event: 0.396 Thread 0x0000000056604800 nmethod 98 0x0000000002b17190 code [0x0000000002b172e0, 0x0000000002b173f0]
Event: 0.396 Thread 0x0000000056604800   99       1       sun.util.calendar.CalendarDate::getMinutes (5 bytes)
Event: 0.396 Thread 0x0000000056604800 nmethod 99 0x0000000002b17450 code [0x0000000002b175a0, 0x0000000002b176b0]
Event: 0.396 Thread 0x0000000056604800  100       1       sun.util.calendar.CalendarDate::getSeconds (5 bytes)
Event: 0.396 Thread 0x0000000056604800 nmethod 100 0x0000000002b17710 code [0x0000000002b17860, 0x0000000002b17970]
Event: 0.396 Thread 0x0000000056604800  101       1       sun.util.calendar.CalendarDate::getMillis (5 bytes)
Event: 0.396 Thread 0x0000000056604800 nmethod 101 0x0000000002b179d0 code [0x0000000002b17b20, 0x0000000002b17c30]

GC Heap History (0 events):
No events

Deoptimization events (0 events):
No events

Internal exceptions (10 events):
Event: 0.392 Thread 0x000000000259e000 Exception <a 'java/security/PrivilegedActionException'> (0x00000000eae27998) thrown at [D:\re\workspace\8-2-build-windows-amd64-cygwin\jdk8u20\1074\hotspot\src\share\vm\prims\jvm.cpp, line 1275]
Event: 0.393 Thread 0x000000000259e000 Exception <a 'java/security/PrivilegedActionException'> (0x00000000eae29a40) thrown at [D:\re\workspace\8-2-build-windows-amd64-cygwin\jdk8u20\1074\hotspot\src\share\vm\prims\jvm.cpp, line 1275]
Event: 0.393 Thread 0x000000000259e000 Exception <a 'java/security/PrivilegedActionException'> (0x00000000eae2bc40) thrown at [D:\re\workspace\8-2-build-windows-amd64-cygwin\jdk8u20\1074\hotspot\src\share\vm\prims\jvm.cpp, line 1275]
Event: 0.393 Thread 0x000000000259e000 Exception <a 'java/security/PrivilegedActionException'> (0x00000000eae2dae8) thrown at [D:\re\workspace\8-2-build-windows-amd64-cygwin\jdk8u20\1074\hotspot\src\share\vm\prims\jvm.cpp, line 1275]
Event: 0.394 Thread 0x000000000259e000 Exception <a 'java/security/PrivilegedActionException'> (0x00000000eae2fa28) thrown at [D:\re\workspace\8-2-build-windows-amd64-cygwin\jdk8u20\1074\hotspot\src\share\vm\prims\jvm.cpp, line 1275]
Event: 0.395 Thread 0x000000000259e000 Exception <a 'java/security/PrivilegedActionException'> (0x00000000eae349c8) thrown at [D:\re\workspace\8-2-build-windows-amd64-cygwin\jdk8u20\1074\hotspot\src\share\vm\prims\jvm.cpp, line 1275]
Event: 0.396 Thread 0x000000000259e000 Exception <a 'java/security/PrivilegedActionException'> (0x00000000eae368d8) thrown at [D:\re\workspace\8-2-build-windows-amd64-cygwin\jdk8u20\1074\hotspot\src\share\vm\prims\jvm.cpp, line 1275]
Event: 0.397 Thread 0x000000000259e000 Exception <a 'java/security/PrivilegedActionException'> (0x00000000eae390e8) thrown at [D:\re\workspace\8-2-build-windows-amd64-cygwin\jdk8u20\1074\hotspot\src\share\vm\prims\jvm.cpp, line 1275]
Event: 0.397 Thread 0x000000000259e000 Exception <a 'java/lang/OutOfMemoryError'> (0x00000000eae40e90) thrown at [D:\re\workspace\8-2-build-windows-amd64-cygwin\jdk8u20\1074\hotspot\src\share\vm\prims\jni.cpp, line 742]
Event: 0.397 Thread 0x000000000259e000 Exception <a 'java/lang/OutOfMemoryError'> (0x00000000eae40e90) thrown at [D:\re\workspace\8-2-build-windows-amd64-cygwin\jdk8u20\1074\hotspot\src\share\vm\prims\jvm.cpp, line 1279]

Events (10 events):
Event: 0.395 loading class com/android/dx/cf/iface/Attribute done
Event: 0.396 loading class com/android/dx/cf/code/BytecodeArray$Visitor
Event: 0.396 loading class com/android/dx/cf/code/BytecodeArray$Visitor done
Event: 0.397 loading class com/android/dx/cf/cst/ConstantPoolParser
Event: 0.397 loading class com/android/dx/cf/cst/ConstantPoolParser done
Event: 0.397 loading class java/lang/Throwable$WrappedPrintStream
Event: 0.397 loading class java/lang/Throwable$PrintStreamOrWriter
Event: 0.397 loading class java/lang/Throwable$PrintStreamOrWriter done
Event: 0.398 loading class java/lang/Throwable$WrappedPrintStream done
Event: 0.398 loading class java/util/IdentityHashMap


Dynamic libraries:
0x000000013f1d0000 - 0x000000013f204000 	C:\Program Files\Java\jdk1.8.0_20\bin\java.exe
0x0000000076d40000 - 0x0000000076ee9000 	C:\Windows\SYSTEM32\ntdll.dll
0x0000000076b20000 - 0x0000000076c3f000 	C:\Windows\system32\kernel32.dll
0x000007fefcff0000 - 0x000007fefd05b000 	C:\Windows\system32\KERNELBASE.dll
0x000007fefeb80000 - 0x000007fefec5b000 	C:\Windows\system32\ADVAPI32.dll
0x000007fefeae0000 - 0x000007fefeb7f000 	C:\Windows\system32\msvcrt.dll
0x000007fefe220000 - 0x000007fefe23f000 	C:\Windows\SYSTEM32\sechost.dll
0x000007fefe860000 - 0x000007fefe98d000 	C:\Windows\system32\RPCRT4.dll
0x0000000076c40000 - 0x0000000076d3a000 	C:\Windows\system32\USER32.dll
0x000007fefe720000 - 0x000007fefe787000 	C:\Windows\system32\GDI32.dll
0x000007fefe630000 - 0x000007fefe63e000 	C:\Windows\system32\LPK.dll
0x000007fefe790000 - 0x000007fefe859000 	C:\Windows\system32\USP10.dll
0x000007fefb410000 - 0x000007fefb604000 	C:\Windows\WinSxS\amd64_microsoft.windows.common-controls_6595b64144ccf1df_6.0.7601.17514_none_fa396087175ac9ac\COMCTL32.dll
0x000007fefea10000 - 0x000007fefea81000 	C:\Windows\system32\SHLWAPI.dll
0x000007fefd100000 - 0x000007fefd12e000 	C:\Windows\system32\IMM32.DLL
0x000007fefd130000 - 0x000007fefd239000 	C:\Windows\system32\MSCTF.dll
0x0000000069e80000 - 0x0000000069f52000 	C:\Program Files\Java\jdk1.8.0_20\bin\msvcr100.dll
0x0000000058580000 - 0x0000000058dd8000 	C:\Program Files\Java\jdk1.8.0_20\bin\server\jvm.dll
0x000007fefa1f0000 - 0x000007fefa1f9000 	C:\Windows\system32\WSOCK32.dll
0x000007fefea90000 - 0x000007fefeadd000 	C:\Windows\system32\WS2_32.dll
0x000007fefec60000 - 0x000007fefec68000 	C:\Windows\system32\NSI.dll
0x000007fefaea0000 - 0x000007fefaedb000 	C:\Windows\system32\WINMM.dll
0x0000000076f00000 - 0x0000000076f07000 	C:\Windows\system32\PSAPI.DLL
0x000000006a020000 - 0x000000006a02f000 	C:\Program Files\Java\jdk1.8.0_20\bin\verify.dll
0x0000000069ff0000 - 0x000000006a018000 	C:\Program Files\Java\jdk1.8.0_20\bin\java.dll
0x0000000069e60000 - 0x0000000069e76000 	C:\Program Files\Java\jdk1.8.0_20\bin\zip.dll
0x000007fefd240000 - 0x000007fefdfc8000 	C:\Windows\system32\SHELL32.dll
0x000007fefe240000 - 0x000007fefe443000 	C:\Windows\system32\ole32.dll
0x000007fefcc90000 - 0x000007fefcc9f000 	C:\Windows\system32\profapi.dll

VM Arguments:
jvm_args: -Djava.awt.headless=true -Xmx1024M -Dfile.encoding=GBK -Duser.country=CN -Duser.language=zh -Duser.variant 
java_command: com.android.dx.command.Main --dex --force-jumbo --num-threads=4 --multi-dex --output E:\AndroidProject\GraduationProject\app\build\intermediates\transforms\dex\debug\folders\1000\5\slice_0 E:\AndroidProject\GraduationProject\app\build\intermediates\transforms\instantRunSlicer\debug\folders\1\5\slice_0
java_class_path (initial): E:\AndroidSDK\build-tools\23.0.3\lib\dx.jar
Launcher Type: SUN_STANDARD

Environment Variables:
JAVA_HOME=C:\Program Files\Java\jdk1.8.0_20
CLASSPATH=.;C:\Program Files\Java\jdk1.8.0_20\lib\tools.jar;C:\Program Files\Java\jdk1.8.0_20\lib\dt.jar;
PATH=C:\ProgramData\Oracle\Java\javapath;C:\Windows\system32;C:\Windows;C:\Windows\System32\Wbem;C:\Windows\System32\WindowsPowerShell\v1.0\;C:\Program Files (x86)\Intel\OpenCL SDK\2.0\bin\x86;C:\Program Files (x86)\Intel\OpenCL SDK\2.0\bin\x64;C:\Program Files\Java\jdk1.8.0_20\bin;
USERNAME=jonny.peng
OS=Windows_NT
PROCESSOR_IDENTIFIER=Intel64 Family 6 Model 58 Stepping 9, GenuineIntel



---------------  S Y S T E M  ---------------

OS: Windows 7 , 64 bit Build 7601 Service Pack 1

CPU:total 4 (2 cores per cpu, 2 threads per core) family 6 model 58 stepping 9, cmov, cx8, fxsr, mmx, sse, sse2, sse3, ssse3, sse4.1, sse4.2, popcnt, avx, clmul, erms, ht, tsc, tscinvbit, tscinv

Memory: 4k page, physical 8288340k(1460308k free), swap 8286496k(5060k free)

vm_info: Java HotSpot(TM) 64-Bit Server VM (25.20-b23) for windows-amd64 JRE (1.8.0_20-b26), built on Jul 30 2014 13:51:23 by "java_re" with MS VC++ 10.0 (VS2010)

time: Tue May 03 11:04:50 2016
elapsed time: 0 seconds (0d 0h 0m 0s)

