#
# There is insufficient memory for the Java Runtime Environment to continue.
# Native memory allocation (malloc) failed to allocate 1031216 bytes for Chunk::new
# Possible reasons:
#   The system is out of physical RAM or swap space
#   In 32 bit mode, the process size limit was hit
# Possible solutions:
#   Reduce memory load on the system
#   Increase physical memory or swap space
#   Check if swap backing store is full
#   Use 64 bit Java on a 64 bit OS
#   Decrease Java heap size (-Xmx/-Xms)
#   Decrease number of Java threads
#   Decrease Java thread stack sizes (-Xss)
#   Set larger code cache with -XX:ReservedCodeCacheSize=
# This output file may be truncated or incomplete.
#
#  Out of Memory Error (allocation.cpp:390), pid=5920, tid=5084
#
# JRE version: Java(TM) SE Runtime Environment (8.0_20-b26) (build 1.8.0_20-b26)
# Java VM: Java HotSpot(TM) 64-Bit Server VM (25.20-b23 mixed mode windows-amd64 compressed oops)
# Failed to write core dump. Minidumps are not enabled by default on client versions of Windows
#

---------------  T H R E A D  ---------------

Current thread (0x0000000055269800):  JavaThread "C2 CompilerThread0" daemon [_thread_in_native, id=5084, stack(0x0000000057010000,0x0000000057110000)]

Stack: [0x0000000057010000,0x0000000057110000]
Native frames: (J=compiled Java code, j=interpreted, Vv=VM code, C=native code)
V  [jvm.dll+0x3152fa]


Current CompileTask:
C2:   1845  777       4       com.android.dx.ssa.SsaBasicBlock::forEachInsn (37 bytes)


---------------  P R O C E S S  ---------------

Java Threads: ( => current thread )
  0x0000000056a4f800 JavaThread "pool-2-thread-4" [_thread_in_vm, id=4020, stack(0x0000000057460000,0x0000000057560000)]
  0x0000000056a4e800 JavaThread "pool-2-thread-3" [_thread_blocked, id=6108, stack(0x00000000579f0000,0x0000000057af0000)]
  0x000000005694e000 JavaThread "pool-3-thread-1" [_thread_blocked, id=4952, stack(0x0000000057730000,0x0000000057830000)]
  0x0000000056813800 JavaThread "Service Thread" daemon [_thread_blocked, id=496, stack(0x0000000056540000,0x0000000056640000)]
  0x00000000567e4000 JavaThread "C1 CompilerThread2" daemon [_thread_in_native, id=4496, stack(0x0000000057360000,0x0000000057460000)]
  0x00000000567b5800 JavaThread "C2 CompilerThread1" daemon [_thread_in_native, id=4440, stack(0x0000000057180000,0x0000000057280000)]
=>0x0000000055269800 JavaThread "C2 CompilerThread0" daemon [_thread_in_native, id=5084, stack(0x0000000057010000,0x0000000057110000)]
  0x0000000055268000 JavaThread "Attach Listener" daemon [_thread_blocked, id=5408, stack(0x0000000056ea0000,0x0000000056fa0000)]
  0x00000000567b3800 JavaThread "Signal Dispatcher" daemon [_thread_blocked, id=848, stack(0x0000000056c90000,0x0000000056d90000)]
  0x00000000551fc000 JavaThread "Finalizer" daemon [_thread_blocked, id=4460, stack(0x00000000566a0000,0x00000000567a0000)]
  0x00000000551f9000 JavaThread "Reference Handler" daemon [_thread_blocked, id=4280, stack(0x0000000056310000,0x0000000056410000)]
  0x00000000025ee000 JavaThread "main" [_thread_blocked, id=5088, stack(0x00000000027c0000,0x00000000028c0000)]

Other Threads:
  0x00000000551f5800 VMThread [stack: 0x0000000056410000,0x0000000056510000] [id=5464]
  0x0000000056817800 WatcherThread [stack: 0x0000000057570000,0x0000000057670000] [id=6080]

VM state:not at safepoint (normal execution)

VM Mutex/Monitor currently owned by a thread: None

Heap:
 PSYoungGen      total 38400K, used 25571K [0x00000000eab00000, 0x00000000ed580000, 0x0000000100000000)
  eden space 33280K, 76% used [0x00000000eab00000,0x00000000ec3f8fc0,0x00000000ecb80000)
  from space 5120K, 0% used [0x00000000ed080000,0x00000000ed080000,0x00000000ed580000)
  to   space 5120K, 0% used [0x00000000ecb80000,0x00000000ecb80000,0x00000000ed080000)
 ParOldGen       total 87552K, used 0K [0x00000000c0000000, 0x00000000c5580000, 0x00000000eab00000)
  object space 87552K, 0% used [0x00000000c0000000,0x00000000c0000000,0x00000000c5580000)
 Metaspace       used 5666K, capacity 6768K, committed 7040K, reserved 1056768K
  class space    used 586K, capacity 616K, committed 640K, reserved 1048576K

Card table byte_map: [0x0000000011c80000,0x0000000011e90000] byte_map_base: 0x0000000011680000

Marking Bits: (ParMarkBitMap*) 0x0000000058d5b460
 Begin Bits: [0x0000000012670000, 0x0000000013670000)
 End Bits:   [0x0000000013670000, 0x0000000014670000)

Polling page: 0x0000000000430000

CodeCache: size=245760Kb used=3346Kb max_used=3346Kb free=242414Kb
 bounds [0x00000000028c0000, 0x0000000002c10000, 0x00000000118c0000]
 total_blobs=1103 nmethods=838 adapters=179
 compilation: enabled

Compilation events (10 events):
Event: 1.722 Thread 0x00000000567e4000 nmethod 842 0x0000000002bef3d0 code [0x0000000002bef540, 0x0000000002bef778]
Event: 1.722 Thread 0x00000000567e4000  848       2       com.android.dx.ssa.back.IdenticalBlockCombiner::combineBlocks (102 bytes)
Event: 1.722 Thread 0x0000000055269800  777       4       com.android.dx.ssa.SsaBasicBlock::forEachInsn (37 bytes)
Event: 1.722 Thread 0x00000000567e4000 nmethod 848 0x0000000002bef890 code [0x0000000002befa40, 0x0000000002befdb8]
Event: 1.722 Thread 0x00000000567e4000  862       2       com.android.dx.cf.code.OneLocalsArray::copy (33 bytes)
Event: 1.722 Thread 0x00000000567e4000 nmethod 862 0x0000000002bf01d0 code [0x0000000002bf0340, 0x0000000002bf0708]
Event: 1.722 Thread 0x00000000567e4000  758       3       com.android.dx.dex.code.RopTranslator$TranslationVisitor::visitPlainInsn (161 bytes)
Event: 1.806 Thread 0x00000000567e4000 nmethod 758 0x0000000002bf0850 code [0x0000000002bf0ae0, 0x0000000002bf1df8]
Event: 1.806 Thread 0x00000000567e4000  759       1       com.android.dx.rop.cst.CstNat::getDescriptor (5 bytes)
Event: 1.806 Thread 0x00000000567e4000 nmethod 759 0x0000000002bf2850 code [0x0000000002bf29a0, 0x0000000002bf2ab0]

GC Heap History (0 events):
No events

Deoptimization events (1 events):
Event: 1.494 Thread 0x0000000056a4e800 Uncommon trap: reason=null_check action=make_not_entrant pc=0x0000000002b73dc8 method=com.android.dx.ssa.SsaRenamer.getLocalForNewReg(I)Lcom/android/dx/rop/code/LocalItem; @ 19

Internal exceptions (10 events):
Event: 0.762 Thread 0x0000000056a4f800 Exception <a 'java/security/PrivilegedActionException'> (0x00000000eb686860) thrown at [D:\re\workspace\8-2-build-windows-amd64-cygwin\jdk8u20\1074\hotspot\src\share\vm\prims\jvm.cpp, line 1275]
Event: 0.764 Thread 0x000000005694d800 Exception <a 'java/security/PrivilegedActionException'> (0x00000000eb28a620) thrown at [D:\re\workspace\8-2-build-windows-amd64-cygwin\jdk8u20\1074\hotspot\src\share\vm\prims\jvm.cpp, line 1275]
Event: 0.765 Thread 0x000000005694d800 Exception <a 'java/security/PrivilegedActionException'> (0x00000000eb28ea98) thrown at [D:\re\workspace\8-2-build-windows-amd64-cygwin\jdk8u20\1074\hotspot\src\share\vm\prims\jvm.cpp, line 1275]
Event: 0.765 Thread 0x000000005694d800 Exception <a 'java/security/PrivilegedActionException'> (0x00000000eb294248) thrown at [D:\re\workspace\8-2-build-windows-amd64-cygwin\jdk8u20\1074\hotspot\src\share\vm\prims\jvm.cpp, line 1275]
Event: 0.767 Thread 0x0000000056a4e800 Exception <a 'java/security/PrivilegedActionException'> (0x00000000eb4719c8) thrown at [D:\re\workspace\8-2-build-windows-amd64-cygwin\jdk8u20\1074\hotspot\src\share\vm\prims\jvm.cpp, line 1275]
Event: 0.767 Thread 0x000000005694d800 Exception <a 'java/security/PrivilegedActionException'> (0x00000000eb29cb50) thrown at [D:\re\workspace\8-2-build-windows-amd64-cygwin\jdk8u20\1074\hotspot\src\share\vm\prims\jvm.cpp, line 1275]
Event: 0.768 Thread 0x000000005694d800 Exception <a 'java/security/PrivilegedActionException'> (0x00000000eb2a0650) thrown at [D:\re\workspace\8-2-build-windows-amd64-cygwin\jdk8u20\1074\hotspot\src\share\vm\prims\jvm.cpp, line 1275]
Event: 0.920 Thread 0x0000000056a4f800 Exception <a 'java/security/PrivilegedActionException'> (0x00000000eb6ac050) thrown at [D:\re\workspace\8-2-build-windows-amd64-cygwin\jdk8u20\1074\hotspot\src\share\vm\prims\jvm.cpp, line 1275]
Event: 1.493 Thread 0x0000000056a4e800 Implicit null exception at 0x0000000002b71fa0 to 0x0000000002b73da9
Event: 1.709 Thread 0x0000000056a4e800 Exception <a 'java/security/PrivilegedActionException'> (0x00000000ec0092d8) thrown at [D:\re\workspace\8-2-build-windows-amd64-cygwin\jdk8u20\1074\hotspot\src\share\vm\prims\jvm.cpp, line 1275]

Events (10 events):
Event: 0.920 loading class com/android/dx/dex/file/MethodAnnotationStruct
Event: 0.920 loading class com/android/dx/dex/file/MethodAnnotationStruct done
Event: 0.988 Executing VM operation: ForceSafepoint
Event: 1.360 Executing VM operation: ForceSafepoint done
Event: 1.494 Thread 0x0000000056a4e800 Uncommon trap: trap_request=0xfffffff4 fr.pc=0x0000000002b73dc8
Event: 1.494 Thread 0x0000000056a4e800 DEOPT PACKING pc=0x0000000002b73dc8 sp=0x0000000057aeeae0
Event: 1.494 Thread 0x0000000056a4e800 DEOPT UNPACKING pc=0x000000000290556a sp=0x0000000057aee978 mode 2
Event: 1.709 loading class com/android/dx/rop/code/RegOps
Event: 1.709 loading class com/android/dx/rop/code/RegOps done
Event: 1.716 Thread 0x000000005696c000 Thread exited: 0x000000005696c000


Dynamic libraries:
0x000000013f300000 - 0x000000013f334000 	C:\Program Files\Java\jdk1.8.0_20\bin\java.exe
0x0000000076d40000 - 0x0000000076ee9000 	C:\Windows\SYSTEM32\ntdll.dll
0x0000000076b20000 - 0x0000000076c3f000 	C:\Windows\system32\kernel32.dll
0x000007fefcff0000 - 0x000007fefd05b000 	C:\Windows\system32\KERNELBASE.dll
0x000007fefeb80000 - 0x000007fefec5b000 	C:\Windows\system32\ADVAPI32.dll
0x000007fefeae0000 - 0x000007fefeb7f000 	C:\Windows\system32\msvcrt.dll
0x000007fefe220000 - 0x000007fefe23f000 	C:\Windows\SYSTEM32\sechost.dll
0x000007fefe860000 - 0x000007fefe98d000 	C:\Windows\system32\RPCRT4.dll
0x0000000076c40000 - 0x0000000076d3a000 	C:\Windows\system32\USER32.dll
0x000007fefe720000 - 0x000007fefe787000 	C:\Windows\system32\GDI32.dll
0x000007fefe630000 - 0x000007fefe63e000 	C:\Windows\system32\LPK.dll
0x000007fefe790000 - 0x000007fefe859000 	C:\Windows\system32\USP10.dll
0x000007fefb410000 - 0x000007fefb604000 	C:\Windows\WinSxS\amd64_microsoft.windows.common-controls_6595b64144ccf1df_6.0.7601.17514_none_fa396087175ac9ac\COMCTL32.dll
0x000007fefea10000 - 0x000007fefea81000 	C:\Windows\system32\SHLWAPI.dll
0x000007fefd100000 - 0x000007fefd12e000 	C:\Windows\system32\IMM32.DLL
0x000007fefd130000 - 0x000007fefd239000 	C:\Windows\system32\MSCTF.dll
0x0000000069e80000 - 0x0000000069f52000 	C:\Program Files\Java\jdk1.8.0_20\bin\msvcr100.dll
0x0000000058580000 - 0x0000000058dd8000 	C:\Program Files\Java\jdk1.8.0_20\bin\server\jvm.dll
0x000007fefa1f0000 - 0x000007fefa1f9000 	C:\Windows\system32\WSOCK32.dll
0x000007fefea90000 - 0x000007fefeadd000 	C:\Windows\system32\WS2_32.dll
0x000007fefec60000 - 0x000007fefec68000 	C:\Windows\system32\NSI.dll
0x000007fefaea0000 - 0x000007fefaedb000 	C:\Windows\system32\WINMM.dll
0x0000000076f00000 - 0x0000000076f07000 	C:\Windows\system32\PSAPI.DLL
0x000000006a020000 - 0x000000006a02f000 	C:\Program Files\Java\jdk1.8.0_20\bin\verify.dll
0x0000000069ff0000 - 0x000000006a018000 	C:\Program Files\Java\jdk1.8.0_20\bin\java.dll
0x0000000069e60000 - 0x0000000069e76000 	C:\Program Files\Java\jdk1.8.0_20\bin\zip.dll
0x000007fefd240000 - 0x000007fefdfc8000 	C:\Windows\system32\SHELL32.dll
0x000007fefe240000 - 0x000007fefe443000 	C:\Windows\system32\ole32.dll
0x000007fefcc90000 - 0x000007fefcc9f000 	C:\Windows\system32\profapi.dll

VM Arguments:
jvm_args: -Djava.awt.headless=true -Xmx1024M -Dfile.encoding=GBK -Duser.country=CN -Duser.language=zh -Duser.variant 
java_command: com.android.dx.command.Main --dex --force-jumbo --num-threads=4 --multi-dex --output E:\AndroidProject\GraduationProject\app\build\intermediates\transforms\dex\debug\folders\1000\5\slice_0 E:\AndroidProject\GraduationProject\app\build\intermediates\transforms\instantRunSlicer\debug\folders\1\5\slice_0
java_class_path (initial): E:\AndroidSDK\build-tools\23.0.3\lib\dx.jar
Launcher Type: SUN_STANDARD

Environment Variables:
JAVA_HOME=C:\Program Files\Java\jdk1.8.0_20
CLASSPATH=.;C:\Program Files\Java\jdk1.8.0_20\lib\tools.jar;C:\Program Files\Java\jdk1.8.0_20\lib\dt.jar;
PATH=C:\ProgramData\Oracle\Java\javapath;C:\Windows\system32;C:\Windows;C:\Windows\System32\Wbem;C:\Windows\System32\WindowsPowerShell\v1.0\;C:\Program Files (x86)\Intel\OpenCL SDK\2.0\bin\x86;C:\Program Files (x86)\Intel\OpenCL SDK\2.0\bin\x64;C:\Program Files\Java\jdk1.8.0_20\bin;
USERNAME=jonny.peng
OS=Windows_NT
PROCESSOR_IDENTIFIER=Intel64 Family 6 Model 58 Stepping 9, GenuineIntel



---------------  S Y S T E M  ---------------

OS: Windows 7 , 64 bit Build 7601 Service Pack 1

CPU:total 4 (2 cores per cpu, 2 threads per core) family 6 model 58 stepping 9, cmov, cx8, fxsr, mmx, sse, sse2, sse3, ssse3, sse4.1, sse4.2, popcnt, avx, clmul, erms, ht, tsc, tscinvbit, tscinv

Memory: 4k page, physical 8288340k(1419164k free), swap 8286496k(5076k free)

vm_info: Java HotSpot(TM) 64-Bit Server VM (25.20-b23) for windows-amd64 JRE (1.8.0_20-b26), built on Jul 30 2014 13:51:23 by "java_re" with MS VC++ 10.0 (VS2010)

time: Tue May 03 11:06:13 2016
elapsed time: 1 seconds (0d 0h 0m 1s)

