#
# There is insufficient memory for the Java Runtime Environment to continue.
# Native memory allocation (malloc) failed to allocate 330576 bytes for Chunk::new
# Possible reasons:
#   The system is out of physical RAM or swap space
#   In 32 bit mode, the process size limit was hit
# Possible solutions:
#   Reduce memory load on the system
#   Increase physical memory or swap space
#   Check if swap backing store is full
#   Use 64 bit Java on a 64 bit OS
#   Decrease Java heap size (-Xmx/-Xms)
#   Decrease number of Java threads
#   Decrease Java thread stack sizes (-Xss)
#   Set larger code cache with -XX:ReservedCodeCacheSize=
# This output file may be truncated or incomplete.
#
#  Out of Memory Error (allocation.cpp:390), pid=5720, tid=2816
#
# JRE version: Java(TM) SE Runtime Environment (8.0_20-b26) (build 1.8.0_20-b26)
# Java VM: Java HotSpot(TM) 64-Bit Server VM (25.20-b23 mixed mode windows-amd64 compressed oops)
# Failed to write core dump. Minidumps are not enabled by default on client versions of Windows
#

---------------  T H R E A D  ---------------

Current thread (0x00000000567f4000):  JavaThread "C2 CompilerThread1" daemon [_thread_in_native, id=2816, stack(0x0000000057200000,0x0000000057300000)]

Stack: [0x0000000057200000,0x0000000057300000]
Native frames: (J=compiled Java code, j=interpreted, Vv=VM code, C=native code)
V  [jvm.dll+0x3152fa]


Current CompileTask:
C2:  11723 2049   !   4       com.android.dx.cf.code.BytecodeArray::parseInstruction (2764 bytes)


---------------  P R O C E S S  ---------------

Java Threads: ( => current thread )
  0x0000000056b80800 JavaThread "pool-2-thread-4" [_thread_blocked, id=5552, stack(0x0000000058f40000,0x0000000059040000)]
  0x0000000056ad6800 JavaThread "pool-2-thread-3" [_thread_blocked, id=3308, stack(0x0000000056d70000,0x0000000056e70000)]
  0x0000000056ad1800 JavaThread "pool-2-thread-2" [_thread_blocked, id=5892, stack(0x0000000058370000,0x0000000058470000)]
  0x0000000056ad1000 JavaThread "pool-3-thread-1" [_thread_blocked, id=2812, stack(0x00000000581f0000,0x00000000582f0000)]
  0x0000000056ad0000 JavaThread "pool-2-thread-1" [_thread_blocked, id=5444, stack(0x0000000058050000,0x0000000058150000)]
  0x00000000567fb000 JavaThread "Service Thread" daemon [_thread_blocked, id=4944, stack(0x00000000574e0000,0x00000000575e0000)]
  0x00000000567f5000 JavaThread "C1 CompilerThread2" daemon [_thread_blocked, id=4816, stack(0x00000000573a0000,0x00000000574a0000)]
=>0x00000000567f4000 JavaThread "C2 CompilerThread1" daemon [_thread_in_native, id=2816, stack(0x0000000057200000,0x0000000057300000)]
  0x00000000567ef800 JavaThread "C2 CompilerThread0" daemon [_thread_in_vm, id=5556, stack(0x00000000570a0000,0x00000000571a0000)]
  0x00000000567ee800 JavaThread "Attach Listener" daemon [_thread_blocked, id=2596, stack(0x0000000056f00000,0x0000000057000000)]
  0x00000000553ef000 JavaThread "Signal Dispatcher" daemon [_thread_blocked, id=3156, stack(0x0000000056c50000,0x0000000056d50000)]
  0x000000005537c000 JavaThread "Finalizer" daemon [_thread_blocked, id=6088, stack(0x00000000566e0000,0x00000000567e0000)]
  0x0000000055379000 JavaThread "Reference Handler" daemon [_thread_blocked, id=4048, stack(0x00000000565e0000,0x00000000566e0000)]
  0x000000000019e000 JavaThread "main" [_thread_blocked, id=652, stack(0x0000000002860000,0x0000000002960000)]

Other Threads:
  0x0000000055375800 VMThread [stack: 0x00000000563c0000,0x00000000564c0000] [id=6084]
  0x00000000567fd000 WatcherThread [stack: 0x0000000057660000,0x0000000057760000] [id=1168]

VM state:not at safepoint (normal execution)

VM Mutex/Monitor currently owned by a thread:  ([mutex/lock_event])
[0x000000000019c660] Heap_lock - owner thread: 0x0000000056b80800

Heap:
 PSYoungGen      total 71680K, used 10783K [0x00000000eab00000, 0x00000000f4c00000, 0x0000000100000000)
  eden space 66560K, 8% used [0x00000000eab00000,0x00000000eb089428,0x00000000eec00000)
  from space 5120K, 99% used [0x00000000eec00000,0x00000000ef0fea48,0x00000000ef100000)
  to   space 15872K, 0% used [0x00000000f3c80000,0x00000000f3c80000,0x00000000f4c00000)
 ParOldGen       total 87552K, used 25116K [0x00000000c0000000, 0x00000000c5580000, 0x00000000eab00000)
  object space 87552K, 28% used [0x00000000c0000000,0x00000000c1887040,0x00000000c5580000)
 Metaspace       used 6312K, capacity 7192K, committed 7424K, reserved 1056768K
  class space    used 618K, capacity 656K, committed 768K, reserved 1048576K

Card table byte_map: [0x0000000011d20000,0x0000000011f30000] byte_map_base: 0x0000000011720000

Marking Bits: (ParMarkBitMap*) 0x0000000058d5b460
 Begin Bits: [0x00000000127f0000, 0x00000000137f0000)
 End Bits:   [0x00000000137f0000, 0x00000000147f0000)

Polling page: 0x0000000000130000

CodeCache: size=245760Kb used=9661Kb max_used=9661Kb free=236098Kb
 bounds [0x0000000002960000, 0x00000000032e0000, 0x0000000011960000]
 total_blobs=2320 nmethods=2053 adapters=180
 compilation: enabled

Compilation events (10 events):
Event: 11.691 Thread 0x00000000567f5000 nmethod 2059 0x00000000032d0450 code [0x00000000032d09e0, 0x00000000032d4538]
Event: 11.694 Thread 0x00000000567f5000 2060       3       com.android.dx.ssa.MoveParamCombiner$1::visitNonMoveInsn (213 bytes)
Event: 11.696 Thread 0x00000000567f5000 nmethod 2060 0x00000000032cd410 code [0x00000000032cd700, 0x00000000032cf548]
Event: 11.710 Thread 0x00000000567f5000 2061       3       java.util.Vector::grow (57 bytes)
Event: 11.710 Thread 0x00000000567f5000 nmethod 2061 0x00000000032ca650 code [0x00000000032ca7e0, 0x00000000032cacf8]
Event: 11.711 Thread 0x00000000567f5000 2062       3       java.util.BitSet::trimToSize (32 bytes)
Event: 11.711 Thread 0x00000000567f5000 nmethod 2062 0x00000000032d6e10 code [0x00000000032d6fa0, 0x00000000032d73d8]
Event: 11.717 Thread 0x00000000567f5000 2063       3       com.android.dx.rop.code.Rops::opAdd (29 bytes)
Event: 11.717 Thread 0x00000000567f5000 nmethod 2063 0x00000000032ca1d0 code [0x00000000032ca340, 0x00000000032ca508]
Event: 11.717 Thread 0x00000000567ef800 2064   !   4       com.android.dx.cf.code.Ropper::doit (126 bytes)

GC Heap History (10 events):
Event: 2.190 GC heap before
{Heap before GC invocations=1 (full 0):
 PSYoungGen      total 38400K, used 33280K [0x00000000eab00000, 0x00000000ed580000, 0x0000000100000000)
  eden space 33280K, 100% used [0x00000000eab00000,0x00000000ecb80000,0x00000000ecb80000)
  from space 5120K, 0% used [0x00000000ed080000,0x00000000ed080000,0x00000000ed580000)
  to   space 5120K, 0% used [0x00000000ecb80000,0x00000000ecb80000,0x00000000ed080000)
 ParOldGen       total 87552K, used 0K [0x00000000c0000000, 0x00000000c5580000, 0x00000000eab00000)
  object space 87552K, 0% used [0x00000000c0000000,0x00000000c0000000,0x00000000c5580000)
 Metaspace       used 5918K, capacity 6960K, committed 7040K, reserved 1056768K
  class space    used 595K, capacity 616K, committed 640K, reserved 1048576K
Event: 2.200 GC heap after
Heap after GC invocations=1 (full 0):
 PSYoungGen      total 38400K, used 5114K [0x00000000eab00000, 0x00000000ed580000, 0x0000000100000000)
  eden space 33280K, 0% used [0x00000000eab00000,0x00000000eab00000,0x00000000ecb80000)
  from space 5120K, 99% used [0x00000000ecb80000,0x00000000ed07e9d0,0x00000000ed080000)
  to   space 5120K, 0% used [0x00000000ed080000,0x00000000ed080000,0x00000000ed580000)
 ParOldGen       total 87552K, used 965K [0x00000000c0000000, 0x00000000c5580000, 0x00000000eab00000)
  object space 87552K, 1% used [0x00000000c0000000,0x00000000c00f1570,0x00000000c5580000)
 Metaspace       used 5918K, capacity 6960K, committed 7040K, reserved 1056768K
  class space    used 595K, capacity 616K, committed 640K, reserved 1048576K
}
Event: 4.779 GC heap before
{Heap before GC invocations=2 (full 0):
 PSYoungGen      total 38400K, used 38394K [0x00000000eab00000, 0x00000000ed580000, 0x0000000100000000)
  eden space 33280K, 100% used [0x00000000eab00000,0x00000000ecb80000,0x00000000ecb80000)
  from space 5120K, 99% used [0x00000000ecb80000,0x00000000ed07e9d0,0x00000000ed080000)
  to   space 5120K, 0% used [0x00000000ed080000,0x00000000ed080000,0x00000000ed580000)
 ParOldGen       total 87552K, used 965K [0x00000000c0000000, 0x00000000c5580000, 0x00000000eab00000)
  object space 87552K, 1% used [0x00000000c0000000,0x00000000c00f1570,0x00000000c5580000)
 Metaspace       used 6075K, capacity 7088K, committed 7296K, reserved 1056768K
  class space    used 596K, capacity 616K, committed 640K, reserved 1048576K
Event: 4.830 GC heap after
Heap after GC invocations=2 (full 0):
 PSYoungGen      total 38400K, used 5098K [0x00000000eab00000, 0x00000000ef600000, 0x0000000100000000)
  eden space 33280K, 0% used [0x00000000eab00000,0x00000000eab00000,0x00000000ecb80000)
  from space 5120K, 99% used [0x00000000ed080000,0x00000000ed57a918,0x00000000ed580000)
  to   space 5120K, 0% used [0x00000000ecb80000,0x00000000ecb80000,0x00000000ed080000)
 ParOldGen       total 87552K, used 4985K [0x00000000c0000000, 0x00000000c5580000, 0x00000000eab00000)
  object space 87552K, 5% used [0x00000000c0000000,0x00000000c04de440,0x00000000c5580000)
 Metaspace       used 6075K, capacity 7088K, committed 7296K, reserved 1056768K
  class space    used 596K, capacity 616K, committed 640K, reserved 1048576K
}
Event: 6.904 GC heap before
{Heap before GC invocations=3 (full 0):
 PSYoungGen      total 38400K, used 38378K [0x00000000eab00000, 0x00000000ef600000, 0x0000000100000000)
  eden space 33280K, 100% used [0x00000000eab00000,0x00000000ecb80000,0x00000000ecb80000)
  from space 5120K, 99% used [0x00000000ed080000,0x00000000ed57a918,0x00000000ed580000)
  to   space 5120K, 0% used [0x00000000ecb80000,0x00000000ecb80000,0x00000000ed080000)
 ParOldGen       total 87552K, used 4985K [0x00000000c0000000, 0x00000000c5580000, 0x00000000eab00000)
  object space 87552K, 5% used [0x00000000c0000000,0x00000000c04de440,0x00000000c5580000)
 Metaspace       used 6162K, capacity 7152K, committed 7296K, reserved 1056768K
  class space    used 597K, capacity 616K, committed 640K, reserved 1048576K
Event: 7.032 GC heap after
Heap after GC invocations=3 (full 0):
 PSYoungGen      total 38400K, used 5110K [0x00000000eab00000, 0x00000000ef600000, 0x0000000100000000)
  eden space 33280K, 0% used [0x00000000eab00000,0x00000000eab00000,0x00000000ecb80000)
  from space 5120K, 99% used [0x00000000ecb80000,0x00000000ed07d968,0x00000000ed080000)
  to   space 5120K, 0% used [0x00000000ef100000,0x00000000ef100000,0x00000000ef600000)
 ParOldGen       total 87552K, used 9995K [0x00000000c0000000, 0x00000000c5580000, 0x00000000eab00000)
  object space 87552K, 11% used [0x00000000c0000000,0x00000000c09c2ea0,0x00000000c5580000)
 Metaspace       used 6162K, capacity 7152K, committed 7296K, reserved 1056768K
  class space    used 597K, capacity 616K, committed 640K, reserved 1048576K
}
Event: 9.785 GC heap before
{Heap before GC invocations=4 (full 0):
 PSYoungGen      total 38400K, used 38390K [0x00000000eab00000, 0x00000000ef600000, 0x0000000100000000)
  eden space 33280K, 100% used [0x00000000eab00000,0x00000000ecb80000,0x00000000ecb80000)
  from space 5120K, 99% used [0x00000000ecb80000,0x00000000ed07d968,0x00000000ed080000)
  to   space 5120K, 0% used [0x00000000ef100000,0x00000000ef100000,0x00000000ef600000)
 ParOldGen       total 87552K, used 9995K [0x00000000c0000000, 0x00000000c5580000, 0x00000000eab00000)
  object space 87552K, 11% used [0x00000000c0000000,0x00000000c09c2ea0,0x00000000c5580000)
 Metaspace       used 6194K, capacity 7152K, committed 7296K, reserved 1056768K
  class space    used 597K, capacity 616K, committed 640K, reserved 1048576K
Event: 9.903 GC heap after
Heap after GC invocations=4 (full 0):
 PSYoungGen      total 71680K, used 5108K [0x00000000eab00000, 0x00000000ef600000, 0x0000000100000000)
  eden space 66560K, 0% used [0x00000000eab00000,0x00000000eab00000,0x00000000eec00000)
  from space 5120K, 99% used [0x00000000ef100000,0x00000000ef5fd020,0x00000000ef600000)
  to   space 5120K, 0% used [0x00000000eec00000,0x00000000eec00000,0x00000000ef100000)
 ParOldGen       total 87552K, used 15276K [0x00000000c0000000, 0x00000000c5580000, 0x00000000eab00000)
  object space 87552K, 17% used [0x00000000c0000000,0x00000000c0eeb190,0x00000000c5580000)
 Metaspace       used 6194K, capacity 7152K, committed 7296K, reserved 1056768K
  class space    used 597K, capacity 616K, committed 640K, reserved 1048576K
}
Event: 11.550 GC heap before
{Heap before GC invocations=5 (full 0):
 PSYoungGen      total 71680K, used 71668K [0x00000000eab00000, 0x00000000ef600000, 0x0000000100000000)
  eden space 66560K, 100% used [0x00000000eab00000,0x00000000eec00000,0x00000000eec00000)
  from space 5120K, 99% used [0x00000000ef100000,0x00000000ef5fd020,0x00000000ef600000)
  to   space 5120K, 0% used [0x00000000eec00000,0x00000000eec00000,0x00000000ef100000)
 ParOldGen       total 87552K, used 15276K [0x00000000c0000000, 0x00000000c5580000, 0x00000000eab00000)
  object space 87552K, 17% used [0x00000000c0000000,0x00000000c0eeb190,0x00000000c5580000)
 Metaspace       used 6311K, capacity 7192K, committed 7424K, reserved 1056768K
  class space    used 618K, capacity 656K, committed 768K, reserved 1048576K
Event: 11.689 GC heap after
Heap after GC invocations=5 (full 0):
 PSYoungGen      total 71680K, used 5114K [0x00000000eab00000, 0x00000000f4c00000, 0x0000000100000000)
  eden space 66560K, 0% used [0x00000000eab00000,0x00000000eab00000,0x00000000eec00000)
  from space 5120K, 99% used [0x00000000eec00000,0x00000000ef0fea48,0x00000000ef100000)
  to   space 15872K, 0% used [0x00000000f3c80000,0x00000000f3c80000,0x00000000f4c00000)
 ParOldGen       total 87552K, used 25116K [0x00000000c0000000, 0x00000000c5580000, 0x00000000eab00000)
  object space 87552K, 28% used [0x00000000c0000000,0x00000000c1887040,0x00000000c5580000)
 Metaspace       used 6311K, capacity 7192K, committed 7424K, reserved 1056768K
  class space    used 618K, capacity 656K, committed 768K, reserved 1048576K
}

Deoptimization events (10 events):
Event: 11.202 Thread 0x0000000056b80800 Uncommon trap: reason=bimorphic action=maybe_recompile pc=0x0000000002eed7b4 method=com.android.dx.ssa.LiteralOpUpgrader.tryReplacingWithConstant(Lcom/android/dx/ssa/NormalSsaInsn;)Z @ 62
Event: 11.211 Thread 0x0000000056ad1800 Uncommon trap: reason=class_check action=maybe_recompile pc=0x00000000031d807c method=com.android.dx.ssa.SCCP.replaceConstants()V @ 182
Event: 11.215 Thread 0x0000000056ad1800 Uncommon trap: reason=class_check action=maybe_recompile pc=0x00000000031d807c method=com.android.dx.ssa.SCCP.replaceConstants()V @ 182
Event: 11.372 Thread 0x0000000056b80800 Uncommon trap: reason=class_check action=maybe_recompile pc=0x00000000031fca98 method=com.android.dx.cf.code.BytecodeArray.parseInstruction(ILcom/android/dx/cf/code/BytecodeArray$Visitor;)I @ 987
Event: 11.372 Thread 0x0000000056b80800 Uncommon trap: reason=class_check action=maybe_recompile pc=0x00000000031fca98 method=com.android.dx.cf.code.BytecodeArray.parseInstruction(ILcom/android/dx/cf/code/BytecodeArray$Visitor;)I @ 987
Event: 11.372 Thread 0x0000000056b80800 Uncommon trap: reason=class_check action=maybe_recompile pc=0x00000000031fca98 method=com.android.dx.cf.code.BytecodeArray.parseInstruction(ILcom/android/dx/cf/code/BytecodeArray$Visitor;)I @ 987
Event: 11.372 Thread 0x0000000056b80800 Uncommon trap: reason=class_check action=maybe_recompile pc=0x00000000031fca98 method=com.android.dx.cf.code.BytecodeArray.parseInstruction(ILcom/android/dx/cf/code/BytecodeArray$Visitor;)I @ 987
Event: 11.375 Thread 0x0000000056ad0000 Uncommon trap: reason=bimorphic action=maybe_recompile pc=0x0000000002eed7b4 method=com.android.dx.ssa.LiteralOpUpgrader.tryReplacingWithConstant(Lcom/android/dx/ssa/NormalSsaInsn;)Z @ 62
Event: 11.693 Thread 0x0000000056ad6800 Uncommon trap: reason=unreached action=reinterpret pc=0x0000000002ec6430 method=com.android.dx.ssa.MoveParamCombiner$1.visitNonMoveInsn(Lcom/android/dx/ssa/NormalSsaInsn;)V @ 27
Event: 11.717 Thread 0x0000000056ad6800 Uncommon trap: reason=class_check action=maybe_recompile pc=0x00000000031c4dc4 method=com.android.dx.cf.code.RopperMachine.run(Lcom/android/dx/cf/code/Frame;II)V @ 1024

Internal exceptions (10 events):
Event: 1.545 Thread 0x0000000056b80800 Implicit null exception at 0x0000000002c0dd92 to 0x0000000002c0de91
Event: 1.771 Thread 0x0000000056ad6800 Exception <a 'java/security/PrivilegedActionException'> (0x00000000ec419348) thrown at [D:\re\workspace\8-2-build-windows-amd64-cygwin\jdk8u20\1074\hotspot\src\share\vm\prims\jvm.cpp, line 1275]
Event: 2.123 Thread 0x0000000056ad0000 Exception <a 'java/security/PrivilegedActionException'> (0x00000000ec823738) thrown at [D:\re\workspace\8-2-build-windows-amd64-cygwin\jdk8u20\1074\hotspot\src\share\vm\prims\jvm.cpp, line 1275]
Event: 4.384 Thread 0x000000000019e000 Exception <a 'java/security/PrivilegedActionException'> (0x00000000ec25b2b0) thrown at [D:\re\workspace\8-2-build-windows-amd64-cygwin\jdk8u20\1074\hotspot\src\share\vm\prims\jvm.cpp, line 1275]
Event: 4.869 Thread 0x0000000056ad1800 Exception <a 'java/security/PrivilegedActionException'> (0x00000000eacbcbc0) thrown at [D:\re\workspace\8-2-build-windows-amd64-cygwin\jdk8u20\1074\hotspot\src\share\vm\prims\jvm.cpp, line 1275]
Event: 7.845 Thread 0x0000000056ad6800 Exception <a 'java/security/PrivilegedActionException'> (0x00000000eb2a8b00) thrown at [D:\re\workspace\8-2-build-windows-amd64-cygwin\jdk8u20\1074\hotspot\src\share\vm\prims\jvm.cpp, line 1275]
Event: 10.068 Thread 0x000000000019e000 Exception <a 'java/security/PrivilegedActionException'> (0x00000000eaf6b5f8) thrown at [D:\re\workspace\8-2-build-windows-amd64-cygwin\jdk8u20\1074\hotspot\src\share\vm\prims\jvm.cpp, line 1275]
Event: 10.896 Thread 0x0000000056ad1800 Exception <a 'java/lang/ArrayIndexOutOfBoundsException': 18> (0x00000000ec907d48) thrown at [D:\re\workspace\8-2-build-windows-amd64-cygwin\jdk8u20\1074\hotspot\src\share\vm\interpreter\interpreterRuntime.cpp, line 366]
Event: 10.896 Thread 0x0000000056ad1800 Exception <a 'java/lang/ArrayIndexOutOfBoundsException': 145> (0x00000000ec9097e0) thrown at [D:\re\workspace\8-2-build-windows-amd64-cygwin\jdk8u20\1074\hotspot\src\share\vm\interpreter\interpreterRuntime.cpp, line 366]
Event: 10.897 Thread 0x0000000056ad1800 Exception <a 'java/lang/ArrayIndexOutOfBoundsException': 40> (0x00000000ec90a9f8) thrown at [D:\re\workspace\8-2-build-windows-amd64-cygwin\jdk8u20\1074\hotspot\src\share\vm\interpreter\interpreterRuntime.cpp, line 366]

Events (10 events):
Event: 11.548 Thread 0x0000000056b80800 DEOPT PACKING pc=0x0000000002f1929b sp=0x000000005903ed40
Event: 11.548 Thread 0x0000000056b80800 DEOPT UNPACKING pc=0x00000000029a75bf sp=0x000000005903ea90 mode 0
Event: 11.550 Executing VM operation: ParallelGCFailedAllocation
Event: 11.689 Executing VM operation: ParallelGCFailedAllocation done
Event: 11.693 Thread 0x0000000056ad6800 Uncommon trap: trap_request=0xffffffad fr.pc=0x0000000002ec6430
Event: 11.693 Thread 0x0000000056ad6800 DEOPT PACKING pc=0x0000000002ec6430 sp=0x0000000056e6eb50
Event: 11.693 Thread 0x0000000056ad6800 DEOPT UNPACKING pc=0x00000000029a556a sp=0x0000000056e6eaa8 mode 2
Event: 11.717 Thread 0x0000000056ad6800 Uncommon trap: trap_request=0xffffffde fr.pc=0x00000000031c4dc4
Event: 11.717 Thread 0x0000000056ad6800 DEOPT PACKING pc=0x00000000031c4dc4 sp=0x0000000056e6e8e0
Event: 11.717 Thread 0x0000000056ad6800 DEOPT UNPACKING pc=0x00000000029a556a sp=0x0000000056e6e878 mode 2


Dynamic libraries:
0x000000013f2b0000 - 0x000000013f2e4000 	C:\Program Files\Java\jdk1.8.0_20\bin\java.exe
0x0000000076d40000 - 0x0000000076ee9000 	C:\Windows\SYSTEM32\ntdll.dll
0x0000000076b20000 - 0x0000000076c3f000 	C:\Windows\system32\kernel32.dll
0x000007fefcff0000 - 0x000007fefd05b000 	C:\Windows\system32\KERNELBASE.dll
0x000007fefeb80000 - 0x000007fefec5b000 	C:\Windows\system32\ADVAPI32.dll
0x000007fefeae0000 - 0x000007fefeb7f000 	C:\Windows\system32\msvcrt.dll
0x000007fefe220000 - 0x000007fefe23f000 	C:\Windows\SYSTEM32\sechost.dll
0x000007fefe860000 - 0x000007fefe98d000 	C:\Windows\system32\RPCRT4.dll
0x0000000076c40000 - 0x0000000076d3a000 	C:\Windows\system32\USER32.dll
0x000007fefe720000 - 0x000007fefe787000 	C:\Windows\system32\GDI32.dll
0x000007fefe630000 - 0x000007fefe63e000 	C:\Windows\system32\LPK.dll
0x000007fefe790000 - 0x000007fefe859000 	C:\Windows\system32\USP10.dll
0x000007fefb410000 - 0x000007fefb604000 	C:\Windows\WinSxS\amd64_microsoft.windows.common-controls_6595b64144ccf1df_6.0.7601.17514_none_fa396087175ac9ac\COMCTL32.dll
0x000007fefea10000 - 0x000007fefea81000 	C:\Windows\system32\SHLWAPI.dll
0x000007fefd100000 - 0x000007fefd12e000 	C:\Windows\system32\IMM32.DLL
0x000007fefd130000 - 0x000007fefd239000 	C:\Windows\system32\MSCTF.dll
0x0000000069e80000 - 0x0000000069f52000 	C:\Program Files\Java\jdk1.8.0_20\bin\msvcr100.dll
0x0000000058580000 - 0x0000000058dd8000 	C:\Program Files\Java\jdk1.8.0_20\bin\server\jvm.dll
0x000007fefa1f0000 - 0x000007fefa1f9000 	C:\Windows\system32\WSOCK32.dll
0x000007fefea90000 - 0x000007fefeadd000 	C:\Windows\system32\WS2_32.dll
0x000007fefec60000 - 0x000007fefec68000 	C:\Windows\system32\NSI.dll
0x000007fefaea0000 - 0x000007fefaedb000 	C:\Windows\system32\WINMM.dll
0x0000000076f00000 - 0x0000000076f07000 	C:\Windows\system32\PSAPI.DLL
0x000000006a020000 - 0x000000006a02f000 	C:\Program Files\Java\jdk1.8.0_20\bin\verify.dll
0x0000000069ff0000 - 0x000000006a018000 	C:\Program Files\Java\jdk1.8.0_20\bin\java.dll
0x0000000069e60000 - 0x0000000069e76000 	C:\Program Files\Java\jdk1.8.0_20\bin\zip.dll
0x000007fefd240000 - 0x000007fefdfc8000 	C:\Windows\system32\SHELL32.dll
0x000007fefe240000 - 0x000007fefe443000 	C:\Windows\system32\ole32.dll
0x000007fefcc90000 - 0x000007fefcc9f000 	C:\Windows\system32\profapi.dll

VM Arguments:
jvm_args: -Djava.awt.headless=true -Xmx1024M -Dfile.encoding=GBK -Duser.country=CN -Duser.language=zh -Duser.variant 
java_command: com.android.dx.command.Main --dex --force-jumbo --num-threads=4 --multi-dex --output E:\AndroidProject\GraduationProject\app\build\intermediates\transforms\dex\debug\folders\1000\10\com.android.support-appcompat-v7-23.1.1_4b9a6e911dbac882ec5fbb77ae090b5b7dd6f3df E:\AndroidProject\GraduationProject\app\build\intermediates\exploded-aar\com.android.support\appcompat-v7\23.1.1\jars\classes.jar
java_class_path (initial): E:\AndroidSDK\build-tools\23.0.3\lib\dx.jar
Launcher Type: SUN_STANDARD

Environment Variables:
JAVA_HOME=C:\Program Files\Java\jdk1.8.0_20
CLASSPATH=.;C:\Program Files\Java\jdk1.8.0_20\lib\tools.jar;C:\Program Files\Java\jdk1.8.0_20\lib\dt.jar;
PATH=C:\ProgramData\Oracle\Java\javapath;C:\Windows\system32;C:\Windows;C:\Windows\System32\Wbem;C:\Windows\System32\WindowsPowerShell\v1.0\;C:\Program Files (x86)\Intel\OpenCL SDK\2.0\bin\x86;C:\Program Files (x86)\Intel\OpenCL SDK\2.0\bin\x64;C:\Program Files\Java\jdk1.8.0_20\bin;
USERNAME=jonny.peng
OS=Windows_NT
PROCESSOR_IDENTIFIER=Intel64 Family 6 Model 58 Stepping 9, GenuineIntel



---------------  S Y S T E M  ---------------

OS: Windows 7 , 64 bit Build 7601 Service Pack 1

CPU:total 4 (2 cores per cpu, 2 threads per core) family 6 model 58 stepping 9, cmov, cx8, fxsr, mmx, sse, sse2, sse3, ssse3, sse4.1, sse4.2, popcnt, avx, clmul, erms, ht, tsc, tscinvbit, tscinv

Memory: 4k page, physical 8288340k(1364104k free), swap 8286496k(5092k free)

vm_info: Java HotSpot(TM) 64-Bit Server VM (25.20-b23) for windows-amd64 JRE (1.8.0_20-b26), built on Jul 30 2014 13:51:23 by "java_re" with MS VC++ 10.0 (VS2010)

time: Tue May 03 11:24:37 2016
elapsed time: 11 seconds (0d 0h 0m 11s)

