#
# There is insufficient memory for the Java Runtime Environment to continue.
# Native memory allocation (malloc) failed to allocate 1580656 bytes for Chunk::new
# Possible reasons:
#   The system is out of physical RAM or swap space
#   In 32 bit mode, the process size limit was hit
# Possible solutions:
#   Reduce memory load on the system
#   Increase physical memory or swap space
#   Check if swap backing store is full
#   Use 64 bit Java on a 64 bit OS
#   Decrease Java heap size (-Xmx/-Xms)
#   Decrease number of Java threads
#   Decrease Java thread stack sizes (-Xss)
#   Set larger code cache with -XX:ReservedCodeCacheSize=
# This output file may be truncated or incomplete.
#
#  Out of Memory Error (allocation.cpp:390), pid=3212, tid=168
#
# JRE version: Java(TM) SE Runtime Environment (8.0_20-b26) (build 1.8.0_20-b26)
# Java VM: Java HotSpot(TM) 64-Bit Server VM (25.20-b23 mixed mode windows-amd64 compressed oops)
# Failed to write core dump. Minidumps are not enabled by default on client versions of Windows
#

---------------  T H R E A D  ---------------

Current thread (0x000000005540e000):  JavaThread "C2 CompilerThread1" daemon [_thread_in_native, id=168, stack(0x0000000057050000,0x0000000057150000)]

Stack: [0x0000000057050000,0x0000000057150000]
Native frames: (J=compiled Java code, j=interpreted, Vv=VM code, C=native code)
V  [jvm.dll+0x3152fa]
V  [jvm.dll+0x265d03]
V  [jvm.dll+0x266943]
V  [jvm.dll+0x25e265]
V  [jvm.dll+0xbe255]
V  [jvm.dll+0xbe6fc]
V  [jvm.dll+0x477e2c]
V  [jvm.dll+0x445170]
V  [jvm.dll+0x4500de]
V  [jvm.dll+0x4526c8]
V  [jvm.dll+0x435fc2]
V  [jvm.dll+0x97b62]
V  [jvm.dll+0x98353]
V  [jvm.dll+0x22aac4]
V  [jvm.dll+0x283f5a]
C  [msvcr100.dll+0x21d9f]
C  [msvcr100.dll+0x21e3b]
C  [kernel32.dll+0x1652d]
C  [ntdll.dll+0x2c521]


Current CompileTask:
C2:   2276 1168   !   4       com.android.dx.cf.cst.ConstantPoolParser::parse0 (731 bytes)


---------------  P R O C E S S  ---------------

Java Threads: ( => current thread )
  0x0000000056a5e800 JavaThread "pool-2-thread-4" [_thread_blocked, id=3216, stack(0x0000000057a20000,0x0000000057b20000)]
  0x0000000056a58000 JavaThread "pool-2-thread-3" [_thread_blocked, id=3336, stack(0x0000000057150000,0x0000000057250000)]
  0x0000000056959000 JavaThread "pool-2-thread-2" [_thread_blocked, id=1712, stack(0x0000000057860000,0x0000000057960000)]
  0x00000000568fd000 JavaThread "pool-3-thread-1" [_thread_blocked, id=2856, stack(0x0000000057690000,0x0000000057790000)]
  0x0000000056956800 JavaThread "pool-2-thread-1" [_thread_blocked, id=5908, stack(0x0000000057570000,0x0000000057670000)]
  0x0000000056800000 JavaThread "Service Thread" daemon [_thread_blocked, id=3172, stack(0x00000000573e0000,0x00000000574e0000)]
  0x00000000567fc000 JavaThread "C1 CompilerThread2" daemon [_thread_blocked, id=596, stack(0x0000000057290000,0x0000000057390000)]
=>0x000000005540e000 JavaThread "C2 CompilerThread1" daemon [_thread_in_native, id=168, stack(0x0000000057050000,0x0000000057150000)]
  0x0000000055409000 JavaThread "C2 CompilerThread0" daemon [_thread_blocked, id=2784, stack(0x0000000056f20000,0x0000000057020000)]
  0x0000000055408000 JavaThread "Attach Listener" daemon [_thread_blocked, id=1700, stack(0x00000000565a0000,0x00000000566a0000)]
  0x00000000567b3800 JavaThread "Signal Dispatcher" daemon [_thread_blocked, id=440, stack(0x0000000056cd0000,0x0000000056dd0000)]
  0x000000005539c000 JavaThread "Finalizer" daemon [_thread_blocked, id=3236, stack(0x00000000566a0000,0x00000000567a0000)]
  0x0000000055399000 JavaThread "Reference Handler" daemon [_thread_blocked, id=3272, stack(0x0000000056450000,0x0000000056550000)]
  0x000000000014e000 JavaThread "main" [_thread_blocked, id=3116, stack(0x0000000002990000,0x0000000002a90000)]

Other Threads:
  0x0000000055395800 VMThread [stack: 0x00000000562a0000,0x00000000563a0000] [id=3952]
  0x0000000056802000 WatcherThread [stack: 0x0000000056bd0000,0x0000000056cd0000] [id=3136]

VM state:at safepoint (normal execution)

VM Mutex/Monitor currently owned by a thread:  ([mutex/lock_event])
[0x000000000014c0b0] Threads_lock - owner thread: 0x0000000055395800
[0x000000000014c5b0] Heap_lock - owner thread: 0x0000000056956800

Heap:
 PSYoungGen      total 38400K, used 38369K [0x00000000eab00000, 0x00000000ef600000, 0x0000000100000000)
  eden space 33280K, 100% used [0x00000000eab00000,0x00000000ecb80000,0x00000000ecb80000)
  from space 5120K, 99% used [0x00000000ecb80000,0x00000000ed078490,0x00000000ed080000)
  to   space 5120K, 99% used [0x00000000ef100000,0x00000000ef5fd6c0,0x00000000ef600000)
 ParOldGen       total 87552K, used 8886K [0x00000000c0000000, 0x00000000c5580000, 0x00000000eab00000)
  object space 87552K, 10% used [0x00000000c0000000,0x00000000c08afac0,0x00000000c5580000)
 Metaspace       used 5850K, capacity 6960K, committed 7040K, reserved 1056768K
  class space    used 589K, capacity 616K, committed 640K, reserved 1048576K

Card table byte_map: [0x0000000011e50000,0x0000000012060000] byte_map_base: 0x0000000011850000

Marking Bits: (ParMarkBitMap*) 0x0000000058d5b460
 Begin Bits: [0x0000000012810000, 0x0000000013810000)
 End Bits:   [0x0000000013810000, 0x0000000014810000)

Polling page: 0x0000000000130000

CodeCache: size=245760Kb used=5241Kb max_used=5255Kb free=240518Kb
 bounds [0x0000000002a90000, 0x0000000002fc0000, 0x0000000011a90000]
 total_blobs=1585 nmethods=1319 adapters=180
 compilation: enabled

Compilation events (10 events):
Event: 2.174 Thread 0x0000000055409000 nmethod 1332% 0x0000000002f9f0d0 code [0x0000000002f9f220, 0x0000000002f9f3b8]
Event: 2.174 Thread 0x0000000055409000 1254       4       com.android.dx.rop.code.RopMethod::labelToPredecessors (54 bytes)
Event: 2.246 Thread 0x0000000055409000 nmethod 1254 0x0000000002fb5890 code [0x0000000002fb5a80, 0x0000000002fb6ed8]
Event: 2.246 Thread 0x0000000055409000 1296       4       com.android.dx.rop.code.RegisterSpec::make (7 bytes)
Event: 2.246 Thread 0x0000000055409000 nmethod 1296 0x0000000002e8e890 code [0x0000000002e8e9e0, 0x0000000002e8ea48]
Event: 2.246 Thread 0x0000000055409000 1326       4       com.android.dx.cf.code.BasicBlocker::addWorkIfNecessary (32 bytes)
Event: 2.248 Thread 0x0000000055409000 nmethod 1326 0x0000000002f9ec50 code [0x0000000002f9eda0, 0x0000000002f9eed8]
Event: 2.248 Thread 0x0000000055409000 1162       4       com.android.dx.util.FixedSizeList::hashCode (8 bytes)
Event: 2.252 Thread 0x0000000055409000 nmethod 1162 0x0000000002fa0750 code [0x0000000002fa08a0, 0x0000000002fa0af8]
Event: 2.252 Thread 0x0000000055409000 1295       4       com.android.dx.ssa.SCCP::addBlockToWorklist (47 bytes)

GC Heap History (3 events):
Event: 1.651 GC heap before
{Heap before GC invocations=1 (full 0):
 PSYoungGen      total 38400K, used 33280K [0x00000000eab00000, 0x00000000ed580000, 0x0000000100000000)
  eden space 33280K, 100% used [0x00000000eab00000,0x00000000ecb80000,0x00000000ecb80000)
  from space 5120K, 0% used [0x00000000ed080000,0x00000000ed080000,0x00000000ed580000)
  to   space 5120K, 0% used [0x00000000ecb80000,0x00000000ecb80000,0x00000000ed080000)
 ParOldGen       total 87552K, used 0K [0x00000000c0000000, 0x00000000c5580000, 0x00000000eab00000)
  object space 87552K, 0% used [0x00000000c0000000,0x00000000c0000000,0x00000000c5580000)
 Metaspace       used 5723K, capacity 6832K, committed 7040K, reserved 1056768K
  class space    used 587K, capacity 616K, committed 640K, reserved 1048576K
Event: 1.685 GC heap after
Heap after GC invocations=1 (full 0):
 PSYoungGen      total 38400K, used 5089K [0x00000000eab00000, 0x00000000ef600000, 0x0000000100000000)
  eden space 33280K, 0% used [0x00000000eab00000,0x00000000eab00000,0x00000000ecb80000)
  from space 5120K, 99% used [0x00000000ecb80000,0x00000000ed078490,0x00000000ed080000)
  to   space 5120K, 0% used [0x00000000ef100000,0x00000000ef100000,0x00000000ef600000)
 ParOldGen       total 87552K, used 1776K [0x00000000c0000000, 0x00000000c5580000, 0x00000000eab00000)
  object space 87552K, 2% used [0x00000000c0000000,0x00000000c01bc3c8,0x00000000c5580000)
 Metaspace       used 5723K, capacity 6832K, committed 7040K, reserved 1056768K
  class space    used 587K, capacity 616K, committed 640K, reserved 1048576K
}
Event: 2.252 GC heap before
{Heap before GC invocations=2 (full 0):
 PSYoungGen      total 38400K, used 38369K [0x00000000eab00000, 0x00000000ef600000, 0x0000000100000000)
  eden space 33280K, 100% used [0x00000000eab00000,0x00000000ecb80000,0x00000000ecb80000)
  from space 5120K, 99% used [0x00000000ecb80000,0x00000000ed078490,0x00000000ed080000)
  to   space 5120K, 0% used [0x00000000ef100000,0x00000000ef100000,0x00000000ef600000)
 ParOldGen       total 87552K, used 1776K [0x00000000c0000000, 0x00000000c5580000, 0x00000000eab00000)
  object space 87552K, 2% used [0x00000000c0000000,0x00000000c01bc3c8,0x00000000c5580000)
 Metaspace       used 5850K, capacity 6960K, committed 7040K, reserved 1056768K
  class space    used 589K, capacity 616K, committed 640K, reserved 1048576K

Deoptimization events (8 events):
Event: 1.273 Thread 0x0000000056a5e800 Uncommon trap: reason=unreached action=reinterpret pc=0x0000000002d4d438 method=com.android.dx.rop.code.RegisterSpec.equals(ILcom/android/dx/rop/type/TypeBearer;Lcom/android/dx/rop/code/LocalItem;)Z @ 24
Event: 1.352 Thread 0x0000000056a58000 Uncommon trap: reason=unreached action=reinterpret pc=0x0000000002d190a0 method=com.android.dx.rop.code.RegisterSpec.equals(ILcom/android/dx/rop/type/TypeBearer;Lcom/android/dx/rop/code/LocalItem;)Z @ 24
Event: 1.354 Thread 0x0000000056a58000 Uncommon trap: reason=unloaded action=reinterpret pc=0x0000000002d5f5bc method=com.android.dx.ssa.SsaRenamer$BlockRenamer.visitMoveInsn(Lcom/android/dx/ssa/NormalSsaInsn;)V @ 208
Event: 1.527 Thread 0x0000000056956800 Uncommon trap: reason=class_check action=maybe_recompile pc=0x0000000002d5d060 method=com.android.dx.rop.type.Type.equals(Ljava/lang/Object;)Z @ 8
Event: 1.546 Thread 0x0000000056956800 Uncommon trap: reason=class_check action=maybe_recompile pc=0x0000000002ee0c64 method=com.android.dx.ssa.NormalSsaInsn.accept(Lcom/android/dx/ssa/SsaInsn$Visitor;)V @ 9
Event: 1.546 Thread 0x0000000056956800 Uncommon trap: reason=class_check action=maybe_recompile pc=0x0000000002ee0c64 method=com.android.dx.ssa.NormalSsaInsn.accept(Lcom/android/dx/ssa/SsaInsn$Visitor;)V @ 9
Event: 1.546 Thread 0x0000000056956800 Uncommon trap: reason=class_check action=maybe_recompile pc=0x0000000002ee0c64 method=com.android.dx.ssa.NormalSsaInsn.accept(Lcom/android/dx/ssa/SsaInsn$Visitor;)V @ 9
Event: 1.756 Thread 0x0000000056a5e800 Uncommon trap: reason=class_check action=maybe_recompile pc=0x0000000002ee0c64 method=com.android.dx.ssa.NormalSsaInsn.accept(Lcom/android/dx/ssa/SsaInsn$Visitor;)V @ 9

Internal exceptions (10 events):
Event: 1.030 Thread 0x000000000014e000 Exception <a 'java/security/PrivilegedActionException'> (0x00000000eb6d8b60) thrown at [D:\re\workspace\8-2-build-windows-amd64-cygwin\jdk8u20\1074\hotspot\src\share\vm\prims\jvm.cpp, line 1275]
Event: 1.159 Thread 0x000000000014e000 Exception <a 'java/security/PrivilegedActionException'> (0x00000000eb8506d0) thrown at [D:\re\workspace\8-2-build-windows-amd64-cygwin\jdk8u20\1074\hotspot\src\share\vm\prims\jvm.cpp, line 1275]
Event: 1.451 Thread 0x000000000014e000 Exception <a 'java/security/PrivilegedActionException'> (0x00000000ec03d010) thrown at [D:\re\workspace\8-2-build-windows-amd64-cygwin\jdk8u20\1074\hotspot\src\share\vm\prims\jvm.cpp, line 1275]
Event: 1.452 Thread 0x000000000014e000 Exception <a 'java/security/PrivilegedActionException'> (0x00000000ec04a488) thrown at [D:\re\workspace\8-2-build-windows-amd64-cygwin\jdk8u20\1074\hotspot\src\share\vm\prims\jvm.cpp, line 1275]
Event: 1.453 Thread 0x000000000014e000 Exception <a 'java/security/PrivilegedActionException'> (0x00000000ec050050) thrown at [D:\re\workspace\8-2-build-windows-amd64-cygwin\jdk8u20\1074\hotspot\src\share\vm\prims\jvm.cpp, line 1275]
Event: 1.454 Thread 0x0000000056959000 Exception <a 'java/security/PrivilegedActionException'> (0x00000000ec6a40b0) thrown at [D:\re\workspace\8-2-build-windows-amd64-cygwin\jdk8u20\1074\hotspot\src\share\vm\prims\jvm.cpp, line 1275]
Event: 1.471 Thread 0x0000000056959000 Exception <a 'java/security/PrivilegedActionException'> (0x00000000ec8d4040) thrown at [D:\re\workspace\8-2-build-windows-amd64-cygwin\jdk8u20\1074\hotspot\src\share\vm\prims\jvm.cpp, line 1275]
Event: 1.486 Thread 0x000000000014e000 Exception <a 'java/security/PrivilegedActionException'> (0x00000000ec07a128) thrown at [D:\re\workspace\8-2-build-windows-amd64-cygwin\jdk8u20\1074\hotspot\src\share\vm\prims\jvm.cpp, line 1275]
Event: 1.856 Thread 0x000000000014e000 Exception <a 'java/security/PrivilegedActionException'> (0x00000000eb1a8d10) thrown at [D:\re\workspace\8-2-build-windows-amd64-cygwin\jdk8u20\1074\hotspot\src\share\vm\prims\jvm.cpp, line 1275]
Event: 2.182 Thread 0x0000000056959000 Exception <a 'java/security/PrivilegedActionException'> (0x00000000ecb56380) thrown at [D:\re\workspace\8-2-build-windows-amd64-cygwin\jdk8u20\1074\hotspot\src\share\vm\prims\jvm.cpp, line 1275]

Events (10 events):
Event: 2.153 Thread 0x0000000056959000 DEOPT UNPACKING pc=0x0000000002ad75bf sp=0x000000005795e6a8 mode 0
Event: 2.153 Thread 0x0000000056959000 DEOPT PACKING pc=0x0000000002de9446 sp=0x000000005795e940
Event: 2.153 Thread 0x0000000056959000 DEOPT UNPACKING pc=0x0000000002ad75bf sp=0x000000005795e6a8 mode 0
Event: 2.154 Thread 0x0000000056959000 DEOPT PACKING pc=0x0000000002de9446 sp=0x000000005795e940
Event: 2.154 Thread 0x0000000056959000 DEOPT UNPACKING pc=0x0000000002ad75bf sp=0x000000005795e6a8 mode 0
Event: 2.182 loading class com/android/dx/util/ListIntSet
Event: 2.182 loading class com/android/dx/util/ListIntSet done
Event: 2.183 Executing VM operation: Deoptimize
Event: 2.198 Executing VM operation: Deoptimize done
Event: 2.252 Executing VM operation: ParallelGCFailedAllocation


Dynamic libraries:
0x000000013f2b0000 - 0x000000013f2e4000 	C:\Program Files\Java\jdk1.8.0_20\bin\java.exe
0x0000000076d40000 - 0x0000000076ee9000 	C:\Windows\SYSTEM32\ntdll.dll
0x0000000076b20000 - 0x0000000076c3f000 	C:\Windows\system32\kernel32.dll
0x000007fefcff0000 - 0x000007fefd05b000 	C:\Windows\system32\KERNELBASE.dll
0x000007fefeb80000 - 0x000007fefec5b000 	C:\Windows\system32\ADVAPI32.dll
0x000007fefeae0000 - 0x000007fefeb7f000 	C:\Windows\system32\msvcrt.dll
0x000007fefe220000 - 0x000007fefe23f000 	C:\Windows\SYSTEM32\sechost.dll
0x000007fefe860000 - 0x000007fefe98d000 	C:\Windows\system32\RPCRT4.dll
0x0000000076c40000 - 0x0000000076d3a000 	C:\Windows\system32\USER32.dll
0x000007fefe720000 - 0x000007fefe787000 	C:\Windows\system32\GDI32.dll
0x000007fefe630000 - 0x000007fefe63e000 	C:\Windows\system32\LPK.dll
0x000007fefe790000 - 0x000007fefe859000 	C:\Windows\system32\USP10.dll
0x000007fefb410000 - 0x000007fefb604000 	C:\Windows\WinSxS\amd64_microsoft.windows.common-controls_6595b64144ccf1df_6.0.7601.17514_none_fa396087175ac9ac\COMCTL32.dll
0x000007fefea10000 - 0x000007fefea81000 	C:\Windows\system32\SHLWAPI.dll
0x000007fefd100000 - 0x000007fefd12e000 	C:\Windows\system32\IMM32.DLL
0x000007fefd130000 - 0x000007fefd239000 	C:\Windows\system32\MSCTF.dll
0x0000000069e80000 - 0x0000000069f52000 	C:\Program Files\Java\jdk1.8.0_20\bin\msvcr100.dll
0x0000000058580000 - 0x0000000058dd8000 	C:\Program Files\Java\jdk1.8.0_20\bin\server\jvm.dll
0x000007fefa1f0000 - 0x000007fefa1f9000 	C:\Windows\system32\WSOCK32.dll
0x000007fefea90000 - 0x000007fefeadd000 	C:\Windows\system32\WS2_32.dll
0x000007fefec60000 - 0x000007fefec68000 	C:\Windows\system32\NSI.dll
0x000007fefaea0000 - 0x000007fefaedb000 	C:\Windows\system32\WINMM.dll
0x0000000076f00000 - 0x0000000076f07000 	C:\Windows\system32\PSAPI.DLL
0x000000006a020000 - 0x000000006a02f000 	C:\Program Files\Java\jdk1.8.0_20\bin\verify.dll
0x0000000069ff0000 - 0x000000006a018000 	C:\Program Files\Java\jdk1.8.0_20\bin\java.dll
0x0000000069e60000 - 0x0000000069e76000 	C:\Program Files\Java\jdk1.8.0_20\bin\zip.dll
0x000007fefd240000 - 0x000007fefdfc8000 	C:\Windows\system32\SHELL32.dll
0x000007fefe240000 - 0x000007fefe443000 	C:\Windows\system32\ole32.dll
0x000007fefcc90000 - 0x000007fefcc9f000 	C:\Windows\system32\profapi.dll
0x000007feee500000 - 0x000007feee625000 	C:\Windows\system32\dbghelp.dll

VM Arguments:
jvm_args: -Djava.awt.headless=true -Xmx1024M -Dfile.encoding=GBK -Duser.country=CN -Duser.language=zh -Duser.variant 
java_command: com.android.dx.command.Main --dex --force-jumbo --num-threads=4 --multi-dex --output E:\AndroidProject\GraduationProject\app\build\intermediates\transforms\dex\debug\folders\1000\5\slice_5 E:\AndroidProject\GraduationProject\app\build\intermediates\transforms\instantRunSlicer\debug\folders\1\5\slice_5
java_class_path (initial): E:\AndroidSDK\build-tools\23.0.3\lib\dx.jar
Launcher Type: SUN_STANDARD

Environment Variables:
JAVA_HOME=C:\Program Files\Java\jdk1.8.0_20
CLASSPATH=.;C:\Program Files\Java\jdk1.8.0_20\lib\tools.jar;C:\Program Files\Java\jdk1.8.0_20\lib\dt.jar;
PATH=C:\ProgramData\Oracle\Java\javapath;C:\Windows\system32;C:\Windows;C:\Windows\System32\Wbem;C:\Windows\System32\WindowsPowerShell\v1.0\;C:\Program Files (x86)\Intel\OpenCL SDK\2.0\bin\x86;C:\Program Files (x86)\Intel\OpenCL SDK\2.0\bin\x64;C:\Program Files\Java\jdk1.8.0_20\bin;
USERNAME=jonny.peng
OS=Windows_NT
PROCESSOR_IDENTIFIER=Intel64 Family 6 Model 58 Stepping 9, GenuineIntel



---------------  S Y S T E M  ---------------

OS: Windows 7 , 64 bit Build 7601 Service Pack 1

CPU:total 4 (2 cores per cpu, 2 threads per core) family 6 model 58 stepping 9, cmov, cx8, fxsr, mmx, sse, sse2, sse3, ssse3, sse4.1, sse4.2, popcnt, avx, clmul, erms, ht, tsc, tscinvbit, tscinv

Memory: 4k page, physical 8288340k(1798720k free), swap 8286496k(5140k free)

vm_info: Java HotSpot(TM) 64-Bit Server VM (25.20-b23) for windows-amd64 JRE (1.8.0_20-b26), built on Jul 30 2014 13:51:23 by "java_re" with MS VC++ 10.0 (VS2010)

time: Tue May 03 11:09:58 2016
elapsed time: 2 seconds (0d 0h 0m 2s)

