#
# There is insufficient memory for the Java Runtime Environment to continue.
# Native memory allocation (malloc) failed to allocate 93136 bytes for Chunk::new
# Possible reasons:
#   The system is out of physical RAM or swap space
#   In 32 bit mode, the process size limit was hit
# Possible solutions:
#   Reduce memory load on the system
#   Increase physical memory or swap space
#   Check if swap backing store is full
#   Use 64 bit Java on a 64 bit OS
#   Decrease Java heap size (-Xmx/-Xms)
#   Decrease number of Java threads
#   Decrease Java thread stack sizes (-Xss)
#   Set larger code cache with -XX:ReservedCodeCacheSize=
# This output file may be truncated or incomplete.
#
#  Out of Memory Error (allocation.cpp:390), pid=1984, tid=3544
#
# JRE version: Java(TM) SE Runtime Environment (8.0_20-b26) (build 1.8.0_20-b26)
# Java VM: Java HotSpot(TM) 64-Bit Server VM (25.20-b23 mixed mode windows-amd64 compressed oops)
# Failed to write core dump. Minidumps are not enabled by default on client versions of Windows
#

---------------  T H R E A D  ---------------

Current thread (0x00000000565fe800):  JavaThread "C2 CompilerThread1" daemon [_thread_in_native, id=3544, stack(0x0000000056f30000,0x0000000057030000)]

Stack: [0x0000000056f30000,0x0000000057030000]
Native frames: (J=compiled Java code, j=interpreted, Vv=VM code, C=native code)
V  [jvm.dll+0x3152fa]


Current CompileTask:
C2:   2499 1028       4       com.android.dx.rop.cst.CstBaseMethodRef::compareTo0 (29 bytes)


---------------  P R O C E S S  ---------------

Java Threads: ( => current thread )
  0x0000000056791000 JavaThread "pool-1-thread-1" [_thread_in_Java, id=5176, stack(0x0000000056b10000,0x0000000056c10000)]
  0x0000000056607800 JavaThread "Service Thread" daemon [_thread_blocked, id=2732, stack(0x0000000057220000,0x0000000057320000)]
  0x00000000565ff000 JavaThread "C1 CompilerThread2" daemon [_thread_blocked, id=5732, stack(0x0000000057050000,0x0000000057150000)]
=>0x00000000565fe800 JavaThread "C2 CompilerThread1" daemon [_thread_in_native, id=3544, stack(0x0000000056f30000,0x0000000057030000)]
  0x0000000055089000 JavaThread "C2 CompilerThread0" daemon [_thread_blocked, id=3732, stack(0x0000000056de0000,0x0000000056ee0000)]
  0x0000000055088000 JavaThread "Attach Listener" daemon [_thread_blocked, id=2608, stack(0x0000000056c30000,0x0000000056d30000)]
  0x00000000565b3000 JavaThread "Signal Dispatcher" daemon [_thread_blocked, id=5408, stack(0x00000000569a0000,0x0000000056aa0000)]
  0x0000000055022000 JavaThread "Finalizer" daemon [_thread_blocked, id=5428, stack(0x00000000564a0000,0x00000000565a0000)]
  0x0000000055019000 JavaThread "Reference Handler" daemon [_thread_blocked, id=3928, stack(0x00000000563a0000,0x00000000564a0000)]
  0x000000000249e000 JavaThread "main" [_thread_blocked, id=5132, stack(0x00000000027c0000,0x00000000028c0000)]

Other Threads:
  0x0000000055015800 VMThread [stack: 0x00000000561a0000,0x00000000562a0000] [id=3548]
  0x0000000056609800 WatcherThread [stack: 0x0000000056080000,0x0000000056180000] [id=708]

VM state:not at safepoint (normal execution)

VM Mutex/Monitor currently owned by a thread: None

Heap:
 PSYoungGen      total 38400K, used 22671K [0x00000000eab00000, 0x00000000ed580000, 0x0000000100000000)
  eden space 33280K, 68% used [0x00000000eab00000,0x00000000ec123c98,0x00000000ecb80000)
  from space 5120K, 0% used [0x00000000ed080000,0x00000000ed080000,0x00000000ed580000)
  to   space 5120K, 0% used [0x00000000ecb80000,0x00000000ecb80000,0x00000000ed080000)
 ParOldGen       total 87552K, used 0K [0x00000000c0000000, 0x00000000c5580000, 0x00000000eab00000)
  object space 87552K, 0% used [0x00000000c0000000,0x00000000c0000000,0x00000000c5580000)
 Metaspace       used 5816K, capacity 6896K, committed 7040K, reserved 1056768K
  class space    used 600K, capacity 616K, committed 640K, reserved 1048576K

Card table byte_map: [0x0000000011c80000,0x0000000011e90000] byte_map_base: 0x0000000011680000

Marking Bits: (ParMarkBitMap*) 0x0000000058d5b460
 Begin Bits: [0x0000000012490000, 0x0000000013490000)
 End Bits:   [0x0000000013490000, 0x0000000014490000)

Polling page: 0x0000000000430000

CodeCache: size=245760Kb used=4006Kb max_used=4006Kb free=241753Kb
 bounds [0x00000000028c0000, 0x0000000002cb0000, 0x00000000118c0000]
 total_blobs=1293 nmethods=1028 adapters=179
 compilation: enabled

Compilation events (10 events):
Event: 2.492 Thread 0x00000000565ff000 1025       3       com.android.dx.dex.file.TypeIdsSection::get (71 bytes)
Event: 2.493 Thread 0x00000000565fe800 nmethod 1022 0x0000000002ca5090 code [0x0000000002ca51e0, 0x0000000002ca5308]
Event: 2.493 Thread 0x0000000055089000 nmethod 1023 0x0000000002ca87d0 code [0x0000000002ca8920, 0x0000000002ca8a18]
Event: 2.493 Thread 0x00000000565ff000 nmethod 1025 0x0000000002cac150 code [0x0000000002cac3c0, 0x0000000002cad438]
Event: 2.493 Thread 0x00000000565ff000 1026       3       com.android.dx.dex.code.CstInsn::setClassIndex (37 bytes)
Event: 2.494 Thread 0x00000000565ff000 nmethod 1026 0x0000000002ca8250 code [0x0000000002ca83e0, 0x0000000002ca86d8]
Event: 2.494 Thread 0x00000000565ff000 1027       3       com.android.dx.dex.file.MethodIdsSection::get (49 bytes)
Event: 2.494 Thread 0x00000000565fe800 1028       4       com.android.dx.rop.cst.CstBaseMethodRef::compareTo0 (29 bytes)
Event: 2.495 Thread 0x00000000565ff000 nmethod 1027 0x0000000002ca9750 code [0x0000000002ca9920, 0x0000000002caa0f8]
Event: 2.497 Thread 0x00000000565ff000 1029       3       com.android.dx.dex.code.form.Form21c::isCompatible (150 bytes)

GC Heap History (0 events):
No events

Deoptimization events (3 events):
Event: 1.839 Thread 0x00000000567a5000 Uncommon trap: reason=class_check action=maybe_recompile pc=0x0000000002b6e5b4 method=com.android.dx.ssa.NormalSsaInsn.accept(Lcom/android/dx/ssa/SsaInsn$Visitor;)V @ 9
Event: 1.864 Thread 0x00000000567a5000 Uncommon trap: reason=null_check action=make_not_entrant pc=0x0000000002b6ee04 method=com.android.dx.ssa.SsaRenamer.getLocalForNewReg(I)Lcom/android/dx/rop/code/LocalItem; @ 19
Event: 2.291 Thread 0x0000000056791000 Uncommon trap: reason=bimorphic action=maybe_recompile pc=0x0000000002b0df00 method=java.util.HashMap.getNode(ILjava/lang/Object;)Ljava/util/HashMap$Node; @ 126

Internal exceptions (10 events):
Event: 2.294 Thread 0x0000000056791000 Exception <a 'java/security/PrivilegedActionException'> (0x00000000ec0ac498) thrown at [D:\re\workspace\8-2-build-windows-amd64-cygwin\jdk8u20\1074\hotspot\src\share\vm\prims\jvm.cpp, line 1275]
Event: 2.299 Thread 0x0000000056791000 Exception <a 'java/security/PrivilegedActionException'> (0x00000000ec0aeff0) thrown at [D:\re\workspace\8-2-build-windows-amd64-cygwin\jdk8u20\1074\hotspot\src\share\vm\prims\jvm.cpp, line 1275]
Event: 2.300 Thread 0x0000000056791000 Exception <a 'java/security/PrivilegedActionException'> (0x00000000ec0b4730) thrown at [D:\re\workspace\8-2-build-windows-amd64-cygwin\jdk8u20\1074\hotspot\src\share\vm\prims\jvm.cpp, line 1275]
Event: 2.301 Thread 0x0000000056791000 Exception <a 'java/security/PrivilegedActionException'> (0x00000000ec0b7b00) thrown at [D:\re\workspace\8-2-build-windows-amd64-cygwin\jdk8u20\1074\hotspot\src\share\vm\prims\jvm.cpp, line 1275]
Event: 2.301 Thread 0x0000000056791000 Exception <a 'java/security/PrivilegedActionException'> (0x00000000ec0ba658) thrown at [D:\re\workspace\8-2-build-windows-amd64-cygwin\jdk8u20\1074\hotspot\src\share\vm\prims\jvm.cpp, line 1275]
Event: 2.302 Thread 0x0000000056791000 Exception <a 'java/security/PrivilegedActionException'> (0x00000000ec0bf6a8) thrown at [D:\re\workspace\8-2-build-windows-amd64-cygwin\jdk8u20\1074\hotspot\src\share\vm\prims\jvm.cpp, line 1275]
Event: 2.303 Thread 0x0000000056791000 Exception <a 'java/security/PrivilegedActionException'> (0x00000000ec0c5d48) thrown at [D:\re\workspace\8-2-build-windows-amd64-cygwin\jdk8u20\1074\hotspot\src\share\vm\prims\jvm.cpp, line 1275]
Event: 2.303 Thread 0x0000000056791000 Exception <a 'java/security/PrivilegedActionException'> (0x00000000ec0c8b18) thrown at [D:\re\workspace\8-2-build-windows-amd64-cygwin\jdk8u20\1074\hotspot\src\share\vm\prims\jvm.cpp, line 1275]
Event: 2.304 Thread 0x0000000056791000 Exception <a 'java/security/PrivilegedActionException'> (0x00000000ec0cd920) thrown at [D:\re\workspace\8-2-build-windows-amd64-cygwin\jdk8u20\1074\hotspot\src\share\vm\prims\jvm.cpp, line 1275]
Event: 2.305 Thread 0x0000000056791000 Exception <a 'java/security/PrivilegedActionException'> (0x00000000ec0d1e40) thrown at [D:\re\workspace\8-2-build-windows-amd64-cygwin\jdk8u20\1074\hotspot\src\share\vm\prims\jvm.cpp, line 1275]

Events (10 events):
Event: 2.302 loading class com/android/dx/dex/code/LocalList$MakeState
Event: 2.302 loading class com/android/dx/dex/code/LocalList$MakeState done
Event: 2.302 loading class com/android/dx/dex/code/LocalList$Disposition
Event: 2.302 loading class com/android/dx/dex/code/LocalList$Disposition done
Event: 2.303 loading class com/android/dx/dex/code/LocalList$Entry
Event: 2.303 loading class com/android/dx/dex/code/LocalList$Entry done
Event: 2.304 loading class com/android/dx/dex/code/CatchHandlerList
Event: 2.304 loading class com/android/dx/dex/code/CatchHandlerList done
Event: 2.305 loading class com/android/dx/dex/code/CatchTable
Event: 2.305 loading class com/android/dx/dex/code/CatchTable done


Dynamic libraries:
0x000000013f2b0000 - 0x000000013f2e4000 	C:\Program Files\Java\jdk1.8.0_20\bin\java.exe
0x0000000076d40000 - 0x0000000076ee9000 	C:\Windows\SYSTEM32\ntdll.dll
0x0000000076b20000 - 0x0000000076c3f000 	C:\Windows\system32\kernel32.dll
0x000007fefcff0000 - 0x000007fefd05b000 	C:\Windows\system32\KERNELBASE.dll
0x000007fefeb80000 - 0x000007fefec5b000 	C:\Windows\system32\ADVAPI32.dll
0x000007fefeae0000 - 0x000007fefeb7f000 	C:\Windows\system32\msvcrt.dll
0x000007fefe220000 - 0x000007fefe23f000 	C:\Windows\SYSTEM32\sechost.dll
0x000007fefe860000 - 0x000007fefe98d000 	C:\Windows\system32\RPCRT4.dll
0x0000000076c40000 - 0x0000000076d3a000 	C:\Windows\system32\USER32.dll
0x000007fefe720000 - 0x000007fefe787000 	C:\Windows\system32\GDI32.dll
0x000007fefe630000 - 0x000007fefe63e000 	C:\Windows\system32\LPK.dll
0x000007fefe790000 - 0x000007fefe859000 	C:\Windows\system32\USP10.dll
0x000007fefb410000 - 0x000007fefb604000 	C:\Windows\WinSxS\amd64_microsoft.windows.common-controls_6595b64144ccf1df_6.0.7601.17514_none_fa396087175ac9ac\COMCTL32.dll
0x000007fefea10000 - 0x000007fefea81000 	C:\Windows\system32\SHLWAPI.dll
0x000007fefd100000 - 0x000007fefd12e000 	C:\Windows\system32\IMM32.DLL
0x000007fefd130000 - 0x000007fefd239000 	C:\Windows\system32\MSCTF.dll
0x0000000069e80000 - 0x0000000069f52000 	C:\Program Files\Java\jdk1.8.0_20\bin\msvcr100.dll
0x0000000058580000 - 0x0000000058dd8000 	C:\Program Files\Java\jdk1.8.0_20\bin\server\jvm.dll
0x000007fefa1f0000 - 0x000007fefa1f9000 	C:\Windows\system32\WSOCK32.dll
0x000007fefea90000 - 0x000007fefeadd000 	C:\Windows\system32\WS2_32.dll
0x000007fefec60000 - 0x000007fefec68000 	C:\Windows\system32\NSI.dll
0x000007fefaea0000 - 0x000007fefaedb000 	C:\Windows\system32\WINMM.dll
0x0000000076f00000 - 0x0000000076f07000 	C:\Windows\system32\PSAPI.DLL
0x000000006a020000 - 0x000000006a02f000 	C:\Program Files\Java\jdk1.8.0_20\bin\verify.dll
0x0000000069ff0000 - 0x000000006a018000 	C:\Program Files\Java\jdk1.8.0_20\bin\java.dll
0x0000000069e60000 - 0x0000000069e76000 	C:\Program Files\Java\jdk1.8.0_20\bin\zip.dll
0x000007fefd240000 - 0x000007fefdfc8000 	C:\Windows\system32\SHELL32.dll
0x000007fefe240000 - 0x000007fefe443000 	C:\Windows\system32\ole32.dll
0x000007fefcc90000 - 0x000007fefcc9f000 	C:\Windows\system32\profapi.dll

VM Arguments:
jvm_args: -Djava.awt.headless=true -Xmx1024M -Dfile.encoding=GBK -Duser.country=CN -Duser.language=zh -Duser.variant 
java_command: com.android.dx.command.Main --dex --force-jumbo --num-threads=4 --multi-dex --output E:\AndroidProject\GraduationProject\app\build\intermediates\transforms\dex\debug\folders\1000\5\slice_7 E:\AndroidProject\GraduationProject\app\build\intermediates\transforms\instantRunSlicer\debug\folders\1\5\slice_7
java_class_path (initial): E:\AndroidSDK\build-tools\23.0.3\lib\dx.jar
Launcher Type: SUN_STANDARD

Environment Variables:
JAVA_HOME=C:\Program Files\Java\jdk1.8.0_20
CLASSPATH=.;C:\Program Files\Java\jdk1.8.0_20\lib\tools.jar;C:\Program Files\Java\jdk1.8.0_20\lib\dt.jar;
PATH=C:\ProgramData\Oracle\Java\javapath;C:\Windows\system32;C:\Windows;C:\Windows\System32\Wbem;C:\Windows\System32\WindowsPowerShell\v1.0\;C:\Program Files (x86)\Intel\OpenCL SDK\2.0\bin\x86;C:\Program Files (x86)\Intel\OpenCL SDK\2.0\bin\x64;C:\Program Files\Java\jdk1.8.0_20\bin;
USERNAME=jonny.peng
OS=Windows_NT
PROCESSOR_IDENTIFIER=Intel64 Family 6 Model 58 Stepping 9, GenuineIntel



---------------  S Y S T E M  ---------------

OS: Windows 7 , 64 bit Build 7601 Service Pack 1

CPU:total 4 (2 cores per cpu, 2 threads per core) family 6 model 58 stepping 9, cmov, cx8, fxsr, mmx, sse, sse2, sse3, ssse3, sse4.1, sse4.2, popcnt, avx, clmul, erms, ht, tsc, tscinvbit, tscinv

Memory: 4k page, physical 8288340k(1603580k free), swap 8286496k(3120k free)

vm_info: Java HotSpot(TM) 64-Bit Server VM (25.20-b23) for windows-amd64 JRE (1.8.0_20-b26), built on Jul 30 2014 13:51:23 by "java_re" with MS VC++ 10.0 (VS2010)

time: Tue May 03 11:19:49 2016
elapsed time: 2 seconds (0d 0h 0m 2s)

