#
# There is insufficient memory for the Java Runtime Environment to continue.
# Native memory allocation (malloc) failed to allocate 140016 bytes for Chunk::new
# Possible reasons:
#   The system is out of physical RAM or swap space
#   In 32 bit mode, the process size limit was hit
# Possible solutions:
#   Reduce memory load on the system
#   Increase physical memory or swap space
#   Check if swap backing store is full
#   Use 64 bit Java on a 64 bit OS
#   Decrease Java heap size (-Xmx/-Xms)
#   Decrease number of Java threads
#   Decrease Java thread stack sizes (-Xss)
#   Set larger code cache with -XX:ReservedCodeCacheSize=
# This output file may be truncated or incomplete.
#
#  Out of Memory Error (allocation.cpp:390), pid=5704, tid=1112
#
# JRE version: Java(TM) SE Runtime Environment (8.0_20-b26) (build 1.8.0_20-b26)
# Java VM: Java HotSpot(TM) 64-Bit Server VM (25.20-b23 mixed mode windows-amd64 compressed oops)
# Failed to write core dump. Minidumps are not enabled by default on client versions of Windows
#

---------------  T H R E A D  ---------------

Current thread (0x000000005528f000):  JavaThread "C2 CompilerThread1" daemon [_thread_in_native, id=1112, stack(0x0000000056ea0000,0x0000000056fa0000)]

Stack: [0x0000000056ea0000,0x0000000056fa0000]
Native frames: (J=compiled Java code, j=interpreted, Vv=VM code, C=native code)
V  [jvm.dll+0x3152fa]


Current CompileTask:
C2:  11692 2102       4       com.android.dx.ssa.SsaMethod::forEachBlockDepthFirstDom (128 bytes)


---------------  P R O C E S S  ---------------

Java Threads: ( => current thread )
  0x0000000057538000 JavaThread "pool-2-thread-4" [_thread_blocked, id=1912, stack(0x0000000057c70000,0x0000000057d70000)]
  0x0000000057490800 JavaThread "pool-2-thread-3" [_thread_blocked, id=4584, stack(0x0000000056c20000,0x0000000056d20000)]
  0x00000000574a8800 JavaThread "pool-2-thread-2" [_thread_blocked, id=5792, stack(0x0000000058030000,0x0000000058130000)]
  0x000000005749b000 JavaThread "pool-3-thread-1" [_thread_blocked, id=6120, stack(0x0000000057f20000,0x0000000058020000)]
  0x0000000056aa0800 JavaThread "pool-2-thread-1" [_thread_blocked, id=5004, stack(0x0000000057d90000,0x0000000057e90000)]
  0x0000000056750800 JavaThread "Service Thread" daemon [_thread_blocked, id=700, stack(0x0000000057350000,0x0000000057450000)]
  0x00000000566d8000 JavaThread "C1 CompilerThread2" daemon [_thread_blocked, id=5984, stack(0x00000000570b0000,0x00000000571b0000)]
=>0x000000005528f000 JavaThread "C2 CompilerThread1" daemon [_thread_in_native, id=1112, stack(0x0000000056ea0000,0x0000000056fa0000)]
  0x0000000055289800 JavaThread "C2 CompilerThread0" daemon [_thread_blocked, id=5300, stack(0x0000000056d30000,0x0000000056e30000)]
  0x0000000055288000 JavaThread "Attach Listener" daemon [_thread_blocked, id=5780, stack(0x0000000056b10000,0x0000000056c10000)]
  0x00000000566c3000 JavaThread "Signal Dispatcher" daemon [_thread_blocked, id=5512, stack(0x00000000564a0000,0x00000000565a0000)]
  0x0000000055221800 JavaThread "Finalizer" daemon [_thread_blocked, id=6092, stack(0x00000000565b0000,0x00000000566b0000)]
  0x0000000055218800 JavaThread "Reference Handler" daemon [_thread_blocked, id=5408, stack(0x00000000562f0000,0x00000000563f0000)]
  0x000000000256e000 JavaThread "main" [_thread_blocked, id=5308, stack(0x00000000028b0000,0x00000000029b0000)]

Other Threads:
  0x0000000055215000 VMThread [stack: 0x0000000056120000,0x0000000056220000] [id=5172]
  0x000000005676a800 WatcherThread [stack: 0x0000000057220000,0x0000000057320000] [id=2076]

VM state:not at safepoint (normal execution)

VM Mutex/Monitor currently owned by a thread: None

Heap:
 PSYoungGen      total 71680K, used 62068K [0x00000000eab00000, 0x00000000f3700000, 0x0000000100000000)
  eden space 66560K, 85% used [0x00000000eab00000,0x00000000ee29f970,0x00000000eec00000)
  from space 5120K, 99% used [0x00000000eec00000,0x00000000ef0fd8c8,0x00000000ef100000)
  to   space 5120K, 0% used [0x00000000f3200000,0x00000000f3200000,0x00000000f3700000)
 ParOldGen       total 87552K, used 14053K [0x00000000c0000000, 0x00000000c5580000, 0x00000000eab00000)
  object space 87552K, 16% used [0x00000000c0000000,0x00000000c0db9570,0x00000000c5580000)
 Metaspace       used 6232K, capacity 7152K, committed 7296K, reserved 1056768K
  class space    used 597K, capacity 616K, committed 640K, reserved 1048576K

Card table byte_map: [0x0000000011d70000,0x0000000011f80000] byte_map_base: 0x0000000011770000

Marking Bits: (ParMarkBitMap*) 0x0000000058d5b460
 Begin Bits: [0x0000000012690000, 0x0000000013690000)
 End Bits:   [0x0000000013690000, 0x0000000014690000)

Polling page: 0x0000000000430000

CodeCache: size=245760Kb used=8431Kb max_used=8439Kb free=237328Kb
 bounds [0x00000000029b0000, 0x0000000003200000, 0x00000000119b0000]
 total_blobs=2280 nmethods=2013 adapters=180
 compilation: enabled

Compilation events (10 events):
Event: 11.086 Thread 0x0000000055289800 nmethod 2097% 0x00000000031f50d0 code [0x00000000031f5240, 0x00000000031f5968]
Event: 11.106 Thread 0x00000000566d8000 2098       3       java.util.zip.ZipEntry::isDirectory (10 bytes)
Event: 11.106 Thread 0x00000000566d8000 nmethod 2098 0x00000000031f4ad0 code [0x00000000031f4c40, 0x00000000031f4f68]
Event: 11.124 Thread 0x00000000566d8000 2099       3       com.android.dx.cf.direct.ClassPathOpener$1::accept (2 bytes)
Event: 11.124 Thread 0x00000000566d8000 nmethod 2099 0x00000000031c7710 code [0x00000000031c7860, 0x00000000031c79b0]
Event: 11.124 Thread 0x00000000566d8000 2100       3       java.util.zip.ZipEntry::getTime (5 bytes)
Event: 11.124 Thread 0x00000000566d8000 nmethod 2100 0x00000000031cf8d0 code [0x00000000031cfa20, 0x00000000031cfb70]
Event: 11.663 Thread 0x00000000566d8000 2101       3       com.android.dx.rop.cst.StdConstantPool::size (6 bytes)
Event: 11.663 Thread 0x00000000566d8000 nmethod 2101 0x00000000031b0d10 code [0x00000000031b0e60, 0x00000000031b0fb0]
Event: 11.664 Thread 0x000000005528f000 2102       4       com.android.dx.ssa.SsaMethod::forEachBlockDepthFirstDom (128 bytes)

GC Heap History (6 events):
Event: 1.669 GC heap before
{Heap before GC invocations=1 (full 0):
 PSYoungGen      total 38400K, used 33280K [0x00000000eab00000, 0x00000000ed580000, 0x0000000100000000)
  eden space 33280K, 100% used [0x00000000eab00000,0x00000000ecb80000,0x00000000ecb80000)
  from space 5120K, 0% used [0x00000000ed080000,0x00000000ed080000,0x00000000ed580000)
  to   space 5120K, 0% used [0x00000000ecb80000,0x00000000ecb80000,0x00000000ed080000)
 ParOldGen       total 87552K, used 0K [0x00000000c0000000, 0x00000000c5580000, 0x00000000eab00000)
  object space 87552K, 0% used [0x00000000c0000000,0x00000000c0000000,0x00000000c5580000)
 Metaspace       used 5834K, capacity 6832K, committed 7040K, reserved 1056768K
  class space    used 593K, capacity 616K, committed 640K, reserved 1048576K
Event: 1.715 GC heap after
Heap after GC invocations=1 (full 0):
 PSYoungGen      total 38400K, used 5117K [0x00000000eab00000, 0x00000000ef600000, 0x0000000100000000)
  eden space 33280K, 0% used [0x00000000eab00000,0x00000000eab00000,0x00000000ecb80000)
  from space 5120K, 99% used [0x00000000ecb80000,0x00000000ed07f648,0x00000000ed080000)
  to   space 5120K, 0% used [0x00000000ef100000,0x00000000ef100000,0x00000000ef600000)
 ParOldGen       total 87552K, used 103K [0x00000000c0000000, 0x00000000c5580000, 0x00000000eab00000)
  object space 87552K, 0% used [0x00000000c0000000,0x00000000c0019ca8,0x00000000c5580000)
 Metaspace       used 5834K, capacity 6832K, committed 7040K, reserved 1056768K
  class space    used 593K, capacity 616K, committed 640K, reserved 1048576K
}
Event: 2.078 GC heap before
{Heap before GC invocations=2 (full 0):
 PSYoungGen      total 38400K, used 38397K [0x00000000eab00000, 0x00000000ef600000, 0x0000000100000000)
  eden space 33280K, 100% used [0x00000000eab00000,0x00000000ecb80000,0x00000000ecb80000)
  from space 5120K, 99% used [0x00000000ecb80000,0x00000000ed07f648,0x00000000ed080000)
  to   space 5120K, 0% used [0x00000000ef100000,0x00000000ef100000,0x00000000ef600000)
 ParOldGen       total 87552K, used 103K [0x00000000c0000000, 0x00000000c5580000, 0x00000000eab00000)
  object space 87552K, 0% used [0x00000000c0000000,0x00000000c0019ca8,0x00000000c5580000)
 Metaspace       used 6006K, capacity 6960K, committed 7040K, reserved 1056768K
  class space    used 595K, capacity 616K, committed 640K, reserved 1048576K
Event: 2.118 GC heap after
Heap after GC invocations=2 (full 0):
 PSYoungGen      total 71680K, used 5110K [0x00000000eab00000, 0x00000000ef600000, 0x0000000100000000)
  eden space 66560K, 0% used [0x00000000eab00000,0x00000000eab00000,0x00000000eec00000)
  from space 5120K, 99% used [0x00000000ef100000,0x00000000ef5fd8f8,0x00000000ef600000)
  to   space 5120K, 0% used [0x00000000eec00000,0x00000000eec00000,0x00000000ef100000)
 ParOldGen       total 87552K, used 4533K [0x00000000c0000000, 0x00000000c5580000, 0x00000000eab00000)
  object space 87552K, 5% used [0x00000000c0000000,0x00000000c046d7f8,0x00000000c5580000)
 Metaspace       used 6006K, capacity 6960K, committed 7040K, reserved 1056768K
  class space    used 595K, capacity 616K, committed 640K, reserved 1048576K
}
Event: 3.323 GC heap before
{Heap before GC invocations=3 (full 0):
 PSYoungGen      total 71680K, used 71670K [0x00000000eab00000, 0x00000000ef600000, 0x0000000100000000)
  eden space 66560K, 100% used [0x00000000eab00000,0x00000000eec00000,0x00000000eec00000)
  from space 5120K, 99% used [0x00000000ef100000,0x00000000ef5fd8f8,0x00000000ef600000)
  to   space 5120K, 0% used [0x00000000eec00000,0x00000000eec00000,0x00000000ef100000)
 ParOldGen       total 87552K, used 4533K [0x00000000c0000000, 0x00000000c5580000, 0x00000000eab00000)
  object space 87552K, 5% used [0x00000000c0000000,0x00000000c046d7f8,0x00000000c5580000)
 Metaspace       used 6166K, capacity 7088K, committed 7296K, reserved 1056768K
  class space    used 596K, capacity 616K, committed 640K, reserved 1048576K
Event: 3.578 GC heap after
Heap after GC invocations=3 (full 0):
 PSYoungGen      total 71680K, used 5110K [0x00000000eab00000, 0x00000000f3700000, 0x0000000100000000)
  eden space 66560K, 0% used [0x00000000eab00000,0x00000000eab00000,0x00000000eec00000)
  from space 5120K, 99% used [0x00000000eec00000,0x00000000ef0fd8c8,0x00000000ef100000)
  to   space 5120K, 0% used [0x00000000f3200000,0x00000000f3200000,0x00000000f3700000)
 ParOldGen       total 87552K, used 14053K [0x00000000c0000000, 0x00000000c5580000, 0x00000000eab00000)
  object space 87552K, 16% used [0x00000000c0000000,0x00000000c0db9570,0x00000000c5580000)
 Metaspace       used 6166K, capacity 7088K, committed 7296K, reserved 1056768K
  class space    used 596K, capacity 616K, committed 640K, reserved 1048576K
}

Deoptimization events (10 events):
Event: 6.879 Thread 0x00000000574a8800 Uncommon trap: reason=bimorphic action=maybe_recompile pc=0x0000000002fdc75c method=com.android.dx.cf.code.BytecodeArray.parseInstruction(ILcom/android/dx/cf/code/BytecodeArray$Visitor;)I @ 1130
Event: 6.879 Thread 0x00000000574a8800 Uncommon trap: reason=bimorphic action=maybe_recompile pc=0x0000000002fdc75c method=com.android.dx.cf.code.BytecodeArray.parseInstruction(ILcom/android/dx/cf/code/BytecodeArray$Visitor;)I @ 1130
Event: 7.072 Thread 0x00000000574a8800 Uncommon trap: reason=null_check action=make_not_entrant pc=0x0000000003100b64 method=com.android.dx.cf.code.Ropper$CatchInfo.getSetup(Lcom/android/dx/rop/type/Type;)Lcom/android/dx/cf/code/Ropper$ExceptionHandlerSetup; @ 10
Event: 8.917 Thread 0x00000000574a8800 Uncommon trap: reason=bimorphic action=maybe_recompile pc=0x0000000003066c88 method=com.android.dx.cf.code.RopperMachine.run(Lcom/android/dx/cf/code/Frame;II)V @ 310
Event: 9.302 Thread 0x000000000256e000 Uncommon trap: reason=unloaded action=reinterpret pc=0x0000000002f3dc24 method=com.android.dx.cf.cst.ConstantPoolParser.parse0(ILjava/util/BitSet;)Lcom/android/dx/rop/cst/Constant; @ 220
Event: 9.305 Thread 0x0000000057490800 Uncommon trap: reason=class_check action=maybe_recompile pc=0x0000000003066d00 method=com.android.dx.cf.code.RopperMachine.run(Lcom/android/dx/cf/code/Frame;II)V @ 1024
Event: 9.305 Thread 0x0000000057490800 Uncommon trap: reason=class_check action=maybe_recompile pc=0x0000000003066d00 method=com.android.dx.cf.code.RopperMachine.run(Lcom/android/dx/cf/code/Frame;II)V @ 1024
Event: 9.305 Thread 0x0000000057490800 Uncommon trap: reason=class_check action=maybe_recompile pc=0x0000000003066d00 method=com.android.dx.cf.code.RopperMachine.run(Lcom/android/dx/cf/code/Frame;II)V @ 1024
Event: 9.305 Thread 0x0000000057490800 Uncommon trap: reason=class_check action=maybe_recompile pc=0x0000000003066d00 method=com.android.dx.cf.code.RopperMachine.run(Lcom/android/dx/cf/code/Frame;II)V @ 1024
Event: 9.312 Thread 0x0000000057490800 Uncommon trap: reason=bimorphic action=maybe_recompile pc=0x0000000003072104 method=java.util.HashMap.putVal(ILjava/lang/Object;Ljava/lang/Object;ZZ)Ljava/lang/Object; @ 203

Internal exceptions (10 events):
Event: 1.446 Thread 0x000000000256e000 Exception <a 'java/security/PrivilegedActionException'> (0x00000000ec69dae8) thrown at [D:\re\workspace\8-2-build-windows-amd64-cygwin\jdk8u20\1074\hotspot\src\share\vm\prims\jvm.cpp, line 1275]
Event: 1.450 Thread 0x00000000574a8800 Exception <a 'java/security/PrivilegedActionException'> (0x00000000ec4efa98) thrown at [D:\re\workspace\8-2-build-windows-amd64-cygwin\jdk8u20\1074\hotspot\src\share\vm\prims\jvm.cpp, line 1275]
Event: 1.648 Thread 0x0000000057490800 Exception <a 'java/security/PrivilegedActionException'> (0x00000000ec779ab8) thrown at [D:\re\workspace\8-2-build-windows-amd64-cygwin\jdk8u20\1074\hotspot\src\share\vm\prims\jvm.cpp, line 1275]
Event: 1.794 Thread 0x0000000056aa0800 Exception <a 'java/security/PrivilegedActionException'> (0x00000000eb30d878) thrown at [D:\re\workspace\8-2-build-windows-amd64-cygwin\jdk8u20\1074\hotspot\src\share\vm\prims\jvm.cpp, line 1275]
Event: 2.366 Thread 0x000000000256e000 Implicit null exception at 0x0000000002e5a192 to 0x0000000002e5a282
Event: 2.675 Thread 0x000000000256e000 Exception <a 'java/security/PrivilegedActionException'> (0x00000000ed066750) thrown at [D:\re\workspace\8-2-build-windows-amd64-cygwin\jdk8u20\1074\hotspot\src\share\vm\prims\jvm.cpp, line 1275]
Event: 2.692 Thread 0x00000000574a8800 Exception <a 'java/security/PrivilegedActionException'> (0x00000000ed6b6368) thrown at [D:\re\workspace\8-2-build-windows-amd64-cygwin\jdk8u20\1074\hotspot\src\share\vm\prims\jvm.cpp, line 1275]
Event: 5.916 Thread 0x0000000057538000 Exception <a 'java/security/PrivilegedActionException'> (0x00000000eb67a6b8) thrown at [D:\re\workspace\8-2-build-windows-amd64-cygwin\jdk8u20\1074\hotspot\src\share\vm\prims\jvm.cpp, line 1275]
Event: 7.072 Thread 0x00000000574a8800 Implicit null exception at 0x00000000030fc654 to 0x0000000003100b39
Event: 10.327 Thread 0x000000000256e000 Exception <a 'java/security/PrivilegedActionException'> (0x00000000ed7b3440) thrown at [D:\re\workspace\8-2-build-windows-amd64-cygwin\jdk8u20\1074\hotspot\src\share\vm\prims\jvm.cpp, line 1275]

Events (10 events):
Event: 9.305 Thread 0x0000000057490800 DEOPT UNPACKING pc=0x00000000029f556a sp=0x0000000056d1e848 mode 2
Event: 9.312 Thread 0x0000000057490800 Uncommon trap: trap_request=0xffffffc6 fr.pc=0x0000000003072104
Event: 9.312 Thread 0x0000000057490800 DEOPT PACKING pc=0x0000000003072104 sp=0x0000000056d1e8e0
Event: 9.312 Thread 0x0000000057490800 DEOPT UNPACKING pc=0x00000000029f556a sp=0x0000000056d1e7f0 mode 2
Event: 10.327 loading class com/android/dx/cf/iface/ParseObserver
Event: 10.327 loading class com/android/dx/cf/iface/ParseObserver done
Event: 10.784 Thread 0x0000000057538000 DEOPT PACKING pc=0x0000000002e7c72c sp=0x0000000057d6ea70
Event: 10.784 Thread 0x0000000057538000 DEOPT UNPACKING pc=0x00000000029f75bf sp=0x0000000057d6e800 mode 0
Event: 11.664 Thread 0x0000000057538000 DEOPT PACKING pc=0x0000000002de3ef5 sp=0x0000000057d6e9e0
Event: 11.664 Thread 0x0000000057538000 DEOPT UNPACKING pc=0x00000000029f75bf sp=0x0000000057d6e7c0 mode 0


Dynamic libraries:
0x000000013f2b0000 - 0x000000013f2e4000 	C:\Program Files\Java\jdk1.8.0_20\bin\java.exe
0x0000000076d40000 - 0x0000000076ee9000 	C:\Windows\SYSTEM32\ntdll.dll
0x0000000076b20000 - 0x0000000076c3f000 	C:\Windows\system32\kernel32.dll
0x000007fefcff0000 - 0x000007fefd05b000 	C:\Windows\system32\KERNELBASE.dll
0x000007fefeb80000 - 0x000007fefec5b000 	C:\Windows\system32\ADVAPI32.dll
0x000007fefeae0000 - 0x000007fefeb7f000 	C:\Windows\system32\msvcrt.dll
0x000007fefe220000 - 0x000007fefe23f000 	C:\Windows\SYSTEM32\sechost.dll
0x000007fefe860000 - 0x000007fefe98d000 	C:\Windows\system32\RPCRT4.dll
0x0000000076c40000 - 0x0000000076d3a000 	C:\Windows\system32\USER32.dll
0x000007fefe720000 - 0x000007fefe787000 	C:\Windows\system32\GDI32.dll
0x000007fefe630000 - 0x000007fefe63e000 	C:\Windows\system32\LPK.dll
0x000007fefe790000 - 0x000007fefe859000 	C:\Windows\system32\USP10.dll
0x000007fefb410000 - 0x000007fefb604000 	C:\Windows\WinSxS\amd64_microsoft.windows.common-controls_6595b64144ccf1df_6.0.7601.17514_none_fa396087175ac9ac\COMCTL32.dll
0x000007fefea10000 - 0x000007fefea81000 	C:\Windows\system32\SHLWAPI.dll
0x000007fefd100000 - 0x000007fefd12e000 	C:\Windows\system32\IMM32.DLL
0x000007fefd130000 - 0x000007fefd239000 	C:\Windows\system32\MSCTF.dll
0x0000000069e80000 - 0x0000000069f52000 	C:\Program Files\Java\jdk1.8.0_20\bin\msvcr100.dll
0x0000000058580000 - 0x0000000058dd8000 	C:\Program Files\Java\jdk1.8.0_20\bin\server\jvm.dll
0x000007fefa1f0000 - 0x000007fefa1f9000 	C:\Windows\system32\WSOCK32.dll
0x000007fefea90000 - 0x000007fefeadd000 	C:\Windows\system32\WS2_32.dll
0x000007fefec60000 - 0x000007fefec68000 	C:\Windows\system32\NSI.dll
0x000007fefaea0000 - 0x000007fefaedb000 	C:\Windows\system32\WINMM.dll
0x0000000076f00000 - 0x0000000076f07000 	C:\Windows\system32\PSAPI.DLL
0x000000006a020000 - 0x000000006a02f000 	C:\Program Files\Java\jdk1.8.0_20\bin\verify.dll
0x0000000069ff0000 - 0x000000006a018000 	C:\Program Files\Java\jdk1.8.0_20\bin\java.dll
0x0000000069e60000 - 0x0000000069e76000 	C:\Program Files\Java\jdk1.8.0_20\bin\zip.dll
0x000007fefd240000 - 0x000007fefdfc8000 	C:\Windows\system32\SHELL32.dll
0x000007fefe240000 - 0x000007fefe443000 	C:\Windows\system32\ole32.dll
0x000007fefcc90000 - 0x000007fefcc9f000 	C:\Windows\system32\profapi.dll

VM Arguments:
jvm_args: -Djava.awt.headless=true -Xmx1024M -Dfile.encoding=GBK -Duser.country=CN -Duser.language=zh -Duser.variant 
java_command: com.android.dx.command.Main --dex --force-jumbo --num-threads=4 --multi-dex --output E:\AndroidProject\GraduationProject\app\build\intermediates\transforms\dex\debug\folders\1000\10\com.android.support-support-v4-23.1.1_8113cf5d42cde31e233e75a56ec6c9d262de58e8 E:\AndroidProject\GraduationProject\app\build\intermediates\exploded-aar\com.android.support\support-v4\23.1.1\jars\classes.jar
java_class_path (initial): E:\AndroidSDK\build-tools\23.0.3\lib\dx.jar
Launcher Type: SUN_STANDARD

Environment Variables:



---------------  S Y S T E M  ---------------

OS: Windows 7 , 64 bit Build 7601 Service Pack 1

CPU:total 4 (2 cores per cpu, 2 threads per core) family 6 model 58 stepping 9, cmov, cx8, fxsr, mmx, sse, sse2, sse3, ssse3, sse4.1, sse4.2, popcnt, avx, clmul, erms, ht, tsc, tscinvbit, tscinv

Memory: 4k page, physical 8288340k(1810736k free), swap 8286496k(4212k free)

vm_info: Java HotSpot(TM) 64-Bit Server VM (25.20-b23) for windows-amd64 JRE (1.8.0_20-b26), built on Jul 30 2014 13:51:23 by "java_re" with MS VC++ 10.0 (VS2010)

time: Tue May 03 11:09:57 2016
elapsed time: 11 seconds (0d 0h 0m 11s)

