#
# There is insufficient memory for the Java Runtime Environment to continue.
# Native memory allocation (malloc) failed to allocate 76896 bytes for Chunk::new
# Possible reasons:
#   The system is out of physical RAM or swap space
#   In 32 bit mode, the process size limit was hit
# Possible solutions:
#   Reduce memory load on the system
#   Increase physical memory or swap space
#   Check if swap backing store is full
#   Use 64 bit Java on a 64 bit OS
#   Decrease Java heap size (-Xmx/-Xms)
#   Decrease number of Java threads
#   Decrease Java thread stack sizes (-Xss)
#   Set larger code cache with -XX:ReservedCodeCacheSize=
# This output file may be truncated or incomplete.
#
#  Out of Memory Error (allocation.cpp:390), pid=4680, tid=5052
#
# JRE version:  (8.0_20-b26) (build )
# Java VM: Java HotSpot(TM) 64-Bit Server VM (25.20-b23 mixed mode windows-amd64 compressed oops)
# Failed to write core dump. Minidumps are not enabled by default on client versions of Windows
#

---------------  T H R E A D  ---------------

Current thread (0x000000000242e000):  JavaThread "main" [_thread_in_native, id=5052, stack(0x0000000002660000,0x0000000002760000)]

Stack: [0x0000000002660000,0x0000000002760000]
Native frames: (J=compiled Java code, j=interpreted, Vv=VM code, C=native code)
V  [jvm.dll+0x3152fa]

Java frames: (J=compiled Java code, j=interpreted, Vv=VM code)
j  java.lang.Class.forName0(Ljava/lang/String;ZLjava/lang/ClassLoader;)Ljava/lang/Class;+0
j  java.lang.Class.forName(Ljava/lang/String;ZLjava/lang/ClassLoader;)Ljava/lang/Class;+41
j  sun.nio.cs.AbstractCharsetProvider.lookup(Ljava/lang/String;)Ljava/nio/charset/Charset;+86
j  sun.nio.cs.AbstractCharsetProvider.charsetForName(Ljava/lang/String;)Ljava/nio/charset/Charset;+14
j  java.nio.charset.Charset.lookupExtendedCharset(Ljava/lang/String;)Ljava/nio/charset/Charset;+10
j  java.nio.charset.Charset.lookup2(Ljava/lang/String;)Ljava/nio/charset/Charset;+48
j  java.nio.charset.Charset.lookup(Ljava/lang/String;)Ljava/nio/charset/Charset;+40
j  java.nio.charset.Charset.isSupported(Ljava/lang/String;)Z+1
v  ~StubRoutines::call_stub
j  java.lang.System.initProperties(Ljava/util/Properties;)Ljava/util/Properties;+0
j  java.lang.System.initializeSystemClass()V+13
v  ~StubRoutines::call_stub

---------------  P R O C E S S  ---------------

Java Threads: ( => current thread )
  0x000000005518c000 JavaThread "Finalizer" daemon [_thread_blocked, id=2560, stack(0x0000000056460000,0x0000000056560000)]
  0x0000000055189000 JavaThread "Reference Handler" daemon [_thread_blocked, id=2928, stack(0x0000000056340000,0x0000000056440000)]
=>0x000000000242e000 JavaThread "main" [_thread_in_native, id=5052, stack(0x0000000002660000,0x0000000002760000)]

Other Threads:
  0x0000000055185800 VMThread [stack: 0x0000000056160000,0x0000000056260000] [id=1748]

VM state:not at safepoint (normal execution)

VM Mutex/Monitor currently owned by a thread: None

Heap:
 PSYoungGen      total 38400K, used 665K [0x00000000eab00000, 0x00000000ed580000, 0x0000000100000000)
  eden space 33280K, 2% used [0x00000000eab00000,0x00000000eaba6670,0x00000000ecb80000)
  from space 5120K, 0% used [0x00000000ed080000,0x00000000ed080000,0x00000000ed580000)
  to   space 5120K, 0% used [0x00000000ecb80000,0x00000000ecb80000,0x00000000ed080000)
 ParOldGen       total 87552K, used 0K [0x00000000c0000000, 0x00000000c5580000, 0x00000000eab00000)
  object space 87552K, 0% used [0x00000000c0000000,0x00000000c0000000,0x00000000c5580000)
 Metaspace       used 1235K, capacity 4480K, committed 4480K, reserved 1056768K
  class space    used 131K, capacity 384K, committed 384K, reserved 1048576K

Card table byte_map: [0x0000000011b20000,0x0000000011d30000] byte_map_base: 0x0000000011520000

Marking Bits: (ParMarkBitMap*) 0x0000000058d5b460
 Begin Bits: [0x0000000012600000, 0x0000000013600000)
 End Bits:   [0x0000000013600000, 0x0000000014600000)

Polling page: 0x0000000000230000

CodeCache: size=245760Kb used=409Kb max_used=409Kb free=245350Kb
 bounds [0x0000000002760000, 0x00000000029d0000, 0x0000000011760000]
 total_blobs=114 nmethods=0 adapters=89
 compilation: enabled

Compilation events (0 events):
No events

GC Heap History (0 events):
No events

Deoptimization events (0 events):
No events

Internal exceptions (2 events):
Event: 0.040 Thread 0x000000000242e000 Exception <a 'java/lang/NoSuchMethodError': Method sun.misc.Unsafe.defineClass(Ljava/lang/String;[BII)Ljava/lang/Class; name or signature does not match> (0x00000000eab12168) thrown at [D:\re\workspace\8-2-build-windows-amd64-cygwin\jdk8u20\1074\hotspot\sr5,αν‘¤?
Event: 0.040 Thread 0x000000000242e000 Exception <a 'java/lang/NoSuchMethodError': Method sun.misc.Unsafe.prefetchRead(Ljava/lang/Object;J)V name or signature does not match> (0x00000000eab123f8) thrown at [D:\re\workspace\8-2-build-windows-amd64-cygwin\jdk8u20\1074\hotspot\src\share\vm\prims\j

Events (10 events):
Event: 0.046 loading class java/util/NavigableMap
Event: 0.046 loading class java/util/SortedMap
Event: 0.046 loading class java/util/SortedMap done
Event: 0.046 loading class java/util/NavigableMap done
Event: 0.046 loading class java/util/TreeMap done
Event: 0.046 loading class sun/misc/ASCIICaseInsensitiveComparator
Event: 0.046 loading class sun/misc/ASCIICaseInsensitiveComparator done
Event: 0.046 loading class java/util/TreeMap$Entry
Event: 0.046 loading class java/util/TreeMap$Entry done
Event: 0.063 loading class sun/nio/cs/ext/GBK


Dynamic libraries:
0x000000013f2b0000 - 0x000000013f2e4000 	C:\Program Files\Java\jdk1.8.0_20\bin\java.exe
0x0000000076d40000 - 0x0000000076ee9000 	C:\Windows\SYSTEM32\ntdll.dll
0x0000000076b20000 - 0x0000000076c3f000 	C:\Windows\system32\kernel32.dll
0x000007fefcff0000 - 0x000007fefd05b000 	C:\Windows\system32\KERNELBASE.dll
0x000007fefeb80000 - 0x000007fefec5b000 	C:\Windows\system32\ADVAPI32.dll
0x000007fefeae0000 - 0x000007fefeb7f000 	C:\Windows\system32\msvcrt.dll
0x000007fefe220000 - 0x000007fefe23f000 	C:\Windows\SYSTEM32\sechost.dll
0x000007fefe860000 - 0x000007fefe98d000 	C:\Windows\system32\RPCRT4.dll
0x0000000076c40000 - 0x0000000076d3a000 	C:\Windows\system32\USER32.dll
0x000007fefe720000 - 0x000007fefe787000 	C:\Windows\system32\GDI32.dll
0x000007fefe630000 - 0x000007fefe63e000 	C:\Windows\system32\LPK.dll
0x000007fefe790000 - 0x000007fefe859000 	C:\Windows\system32\USP10.dll
0x000007fefb410000 - 0x000007fefb604000 	C:\Windows\WinSxS\amd64_microsoft.windows.common-controls_6595b64144ccf1df_6.0.7601.17514_none_fa396087175ac9ac\COMCTL32.dll
0x000007fefea10000 - 0x000007fefea81000 	C:\Windows\system32\SHLWAPI.dll
0x000007fefd100000 - 0x000007fefd12e000 	C:\Windows\system32\IMM32.DLL
0x000007fefd130000 - 0x000007fefd239000 	C:\Windows\system32\MSCTF.dll
0x0000000069e80000 - 0x0000000069f52000 	C:\Program Files\Java\jdk1.8.0_20\bin\msvcr100.dll
0x0000000058580000 - 0x0000000058dd8000 	C:\Program Files\Java\jdk1.8.0_20\bin\server\jvm.dll
0x000007fefa1f0000 - 0x000007fefa1f9000 	C:\Windows\system32\WSOCK32.dll
0x000007fefea90000 - 0x000007fefeadd000 	C:\Windows\system32\WS2_32.dll
0x000007fefec60000 - 0x000007fefec68000 	C:\Windows\system32\NSI.dll
0x000007fefaea0000 - 0x000007fefaedb000 	C:\Windows\system32\WINMM.dll
0x0000000076f00000 - 0x0000000076f07000 	C:\Windows\system32\PSAPI.DLL
0x000000006a020000 - 0x000000006a02f000 	C:\Program Files\Java\jdk1.8.0_20\bin\verify.dll
0x0000000069ff0000 - 0x000000006a018000 	C:\Program Files\Java\jdk1.8.0_20\bin\java.dll
0x0000000069e60000 - 0x0000000069e76000 	C:\Program Files\Java\jdk1.8.0_20\bin\zip.dll
0x000007fefd240000 - 0x000007fefdfc8000 	C:\Windows\system32\SHELL32.dll
0x000007fefe240000 - 0x000007fefe443000 	C:\Windows\system32\ole32.dll
0x000007fefcc90000 - 0x000007fefcc9f000 	C:\Windows\system32\profapi.dll

VM Arguments:
jvm_args: -Djava.awt.headless=true -Xmx1024M -Dfile.encoding=GBK -Duser.country=CN -Duser.language=zh -Duser.variant 
java_command: com.android.dx.command.Main --dex --force-jumbo --num-threads=4 --multi-dex --output E:\AndroidProject\GraduationProject\app\build\intermediates\transforms\dex\debug\folders\1000\2\volley_745109fee8884949b834611ab8a6a39e2b589448 E:\AndroidProject\GraduationProject\app\libs\volley.jar
java_class_path (initial): E:\AndroidSDK\build-tools\23.0.3\lib\dx.jar
Launcher Type: SUN_STANDARD

Environment Variables:
JAVA_HOME=C:\Program Files\Java\jdk1.8.0_20
CLASSPATH=.;C:\Program Files\Java\jdk1.8.0_20\lib\tools.jar;C:\Program Files\Java\jdk1.8.0_20\lib\dt.jar;
PATH=C:\ProgramData\Oracle\Java\javapath;C:\Windows\system32;C:\Windows;C:\Windows\System32\Wbem;C:\Windows\System32\WindowsPowerShell\v1.0\;C:\Program Files (x86)\Intel\OpenCL SDK\2.0\bin\x86;C:\Program Files (x86)\Intel\OpenCL SDK\2.0\bin\x64;C:\Program Files\Java\jdk1.8.0_20\bin;
USERNAME=jonny.peng
OS=Windows_NT
PROCESSOR_IDENTIFIER=Intel64 Family 6 Model 58 Stepping 9, GenuineIntel



---------------  S Y S T E M  ---------------

OS: Windows 7 , 64 bit Build 7601 Service Pack 1

CPU:total 4 (2 cores per cpu, 2 threads per core) family 6 model 58 stepping 9, cmov, cx8, fxsr, mmx, sse, sse2, sse3, ssse3, sse4.1, sse4.2, popcnt, avx, clmul, erms, ht, tsc, tscinvbit, tscinv

Memory: 4k page, physical 8288340k(1776692k free), swap 8286496k(4132k free)

vm_info: Java HotSpot(TM) 64-Bit Server VM (25.20-b23) for windows-amd64 JRE (1.8.0_20-b26), built on Jul 30 2014 13:51:23 by "java_re" with MS VC++ 10.0 (VS2010)

time: Tue May 03 11:19:50 2016
elapsed time: 0 seconds (0d 0h 0m 0s)

