#
# There is insufficient memory for the Java Runtime Environment to continue.
# Native memory allocation (malloc) failed to allocate 32744 bytes for ChunkPool::allocate
# Possible reasons:
#   The system is out of physical RAM or swap space
#   In 32 bit mode, the process size limit was hit
# Possible solutions:
#   Reduce memory load on the system
#   Increase physical memory or swap space
#   Check if swap backing store is full
#   Use 64 bit Java on a 64 bit OS
#   Decrease Java heap size (-Xmx/-Xms)
#   Decrease number of Java threads
#   Decrease Java thread stack sizes (-Xss)
#   Set larger code cache with -XX:ReservedCodeCacheSize=
# This output file may be truncated or incomplete.
#
#  Out of Memory Error (allocation.cpp:273), pid=1808, tid=2076
#
# JRE version: Java(TM) SE Runtime Environment (8.0_20-b26) (build 1.8.0_20-b26)
# Java VM: Java HotSpot(TM) 64-Bit Server VM (25.20-b23 mixed mode windows-amd64 compressed oops)
# Failed to write core dump. Minidumps are not enabled by default on client versions of Windows
#

---------------  T H R E A D  ---------------

Current thread (0x00000000566fc000):  JavaThread "C1 CompilerThread2" daemon [_thread_in_native, id=2076, stack(0x00000000571c0000,0x00000000572c0000)]

Stack: [0x00000000571c0000,0x00000000572c0000]
Native frames: (J=compiled Java code, j=interpreted, Vv=VM code, C=native code)
V  [jvm.dll+0x3152fa]


Current CompileTask:
C1:    482  107       3       sun.nio.cs.UTF_8$Decoder::decode (779 bytes)


---------------  P R O C E S S  ---------------

Java Threads: ( => current thread )
  0x0000000056700000 JavaThread "Service Thread" daemon [_thread_blocked, id=5860, stack(0x00000000572f0000,0x00000000573f0000)]
=>0x00000000566fc000 JavaThread "C1 CompilerThread2" daemon [_thread_in_native, id=2076, stack(0x00000000571c0000,0x00000000572c0000)]
  0x00000000566fb000 JavaThread "C2 CompilerThread1" daemon [_thread_blocked, id=5064, stack(0x0000000056400000,0x0000000056500000)]
  0x0000000055419800 JavaThread "C2 CompilerThread0" daemon [_thread_blocked, id=5604, stack(0x0000000056f30000,0x0000000057030000)]
  0x0000000055418000 JavaThread "Attach Listener" daemon [_thread_blocked, id=6140, stack(0x0000000056d40000,0x0000000056e40000)]
  0x00000000566b3000 JavaThread "Signal Dispatcher" daemon [_thread_blocked, id=5092, stack(0x0000000056b80000,0x0000000056c80000)]
  0x00000000553b1800 JavaThread "Finalizer" daemon [_thread_blocked, id=5520, stack(0x00000000565a0000,0x00000000566a0000)]
  0x00000000553a8800 JavaThread "Reference Handler" daemon [_thread_blocked, id=3036, stack(0x00000000561b0000,0x00000000562b0000)]
  0x000000000268e000 JavaThread "main" [_thread_in_native, id=3864, stack(0x0000000002690000,0x0000000002790000)]

Other Threads:
  0x00000000553a5000 VMThread [stack: 0x00000000562b0000,0x00000000563b0000] [id=2872]
  0x000000005673e800 WatcherThread [stack: 0x00000000574a0000,0x00000000575a0000] [id=6100]

VM state:not at safepoint (normal execution)

VM Mutex/Monitor currently owned by a thread: None

Heap:
 PSYoungGen      total 38400K, used 4005K [0x00000000eab00000, 0x00000000ed580000, 0x0000000100000000)
  eden space 33280K, 12% used [0x00000000eab00000,0x00000000eaee95a8,0x00000000ecb80000)
  from space 5120K, 0% used [0x00000000ed080000,0x00000000ed080000,0x00000000ed580000)
  to   space 5120K, 0% used [0x00000000ecb80000,0x00000000ecb80000,0x00000000ed080000)
 ParOldGen       total 87552K, used 0K [0x00000000c0000000, 0x00000000c5580000, 0x00000000eab00000)
  object space 87552K, 0% used [0x00000000c0000000,0x00000000c0000000,0x00000000c5580000)
 Metaspace       used 3371K, capacity 4720K, committed 4864K, reserved 1056768K
  class space    used 372K, capacity 424K, committed 512K, reserved 1048576K

Card table byte_map: [0x0000000011ca0000,0x0000000011eb0000] byte_map_base: 0x00000000116a0000

Marking Bits: (ParMarkBitMap*) 0x0000000058d5b460
 Begin Bits: [0x0000000012820000, 0x0000000013820000)
 End Bits:   [0x0000000013820000, 0x0000000014820000)

Polling page: 0x0000000000130000

CodeCache: size=245760Kb used=1256Kb max_used=1256Kb free=244503Kb
 bounds [0x00000000028e0000, 0x0000000002b50000, 0x00000000118e0000]
 total_blobs=355 nmethods=107 adapters=162
 compilation: enabled

Compilation events (10 events):
Event: 0.464 Thread 0x00000000566fc000 nmethod 101 0x0000000002a18750 code [0x0000000002a188e0, 0x0000000002a18bb8]
Event: 0.464 Thread 0x00000000566fc000  103       3       java.util.Date::getCalendarSystem (15 bytes)
Event: 0.464 Thread 0x00000000566fc000 nmethod 103 0x0000000002a18cd0 code [0x0000000002a18e60, 0x0000000002a19368]
Event: 0.464 Thread 0x00000000566fc000  102       1       java.util.zip.ZipCoder::isUTF8 (5 bytes)
Event: 0.464 Thread 0x00000000566fc000 nmethod 102 0x0000000002a194d0 code [0x0000000002a19620, 0x0000000002a19730]
Event: 0.464 Thread 0x00000000566fc000  104       1       sun.util.calendar.CalendarDate::isStandardTime (5 bytes)
Event: 0.465 Thread 0x00000000566fc000 nmethod 104 0x0000000002a19790 code [0x0000000002a198e0, 0x0000000002a199f0]
Event: 0.465 Thread 0x00000000566fc000  105       1       sun.util.calendar.BaseCalendar$Date::getCachedYear (5 bytes)
Event: 0.465 Thread 0x00000000566fc000 nmethod 105 0x0000000002a19a50 code [0x0000000002a19ba0, 0x0000000002a19cb0]
Event: 0.466 Thread 0x00000000566fc000  107       3       sun.nio.cs.UTF_8$Decoder::decode (779 bytes)

GC Heap History (0 events):
No events

Deoptimization events (0 events):
No events

Internal exceptions (10 events):
Event: 0.454 Thread 0x000000000268e000 Exception <a 'java/security/PrivilegedActionException'> (0x00000000eaddc538) thrown at [D:\re\workspace\8-2-build-windows-amd64-cygwin\jdk8u20\1074\hotspot\src\share\vm\prims\jvm.cpp, line 1275]
Event: 0.454 Thread 0x000000000268e000 Exception <a 'java/security/PrivilegedActionException'> (0x00000000eade1448) thrown at [D:\re\workspace\8-2-build-windows-amd64-cygwin\jdk8u20\1074\hotspot\src\share\vm\prims\jvm.cpp, line 1275]
Event: 0.455 Thread 0x000000000268e000 Exception <a 'java/security/PrivilegedActionException'> (0x00000000eade3420) thrown at [D:\re\workspace\8-2-build-windows-amd64-cygwin\jdk8u20\1074\hotspot\src\share\vm\prims\jvm.cpp, line 1275]
Event: 0.457 Thread 0x000000000268e000 Exception <a 'java/security/PrivilegedActionException'> (0x00000000eade7e30) thrown at [D:\re\workspace\8-2-build-windows-amd64-cygwin\jdk8u20\1074\hotspot\src\share\vm\prims\jvm.cpp, line 1275]
Event: 0.457 Thread 0x000000000268e000 Exception <a 'java/security/PrivilegedActionException'> (0x00000000eadec1e8) thrown at [D:\re\workspace\8-2-build-windows-amd64-cygwin\jdk8u20\1074\hotspot\src\share\vm\prims\jvm.cpp, line 1275]
Event: 0.458 Thread 0x000000000268e000 Exception <a 'java/security/PrivilegedActionException'> (0x00000000eadf0cc0) thrown at [D:\re\workspace\8-2-build-windows-amd64-cygwin\jdk8u20\1074\hotspot\src\share\vm\prims\jvm.cpp, line 1275]
Event: 0.459 Thread 0x000000000268e000 Exception <a 'java/security/PrivilegedActionException'> (0x00000000eadf5228) thrown at [D:\re\workspace\8-2-build-windows-amd64-cygwin\jdk8u20\1074\hotspot\src\share\vm\prims\jvm.cpp, line 1275]
Event: 0.461 Thread 0x000000000268e000 Exception <a 'java/security/PrivilegedActionException'> (0x00000000eadfc7b0) thrown at [D:\re\workspace\8-2-build-windows-amd64-cygwin\jdk8u20\1074\hotspot\src\share\vm\prims\jvm.cpp, line 1275]
Event: 0.461 Thread 0x000000000268e000 Exception <a 'java/security/PrivilegedActionException'> (0x00000000eae01f18) thrown at [D:\re\workspace\8-2-build-windows-amd64-cygwin\jdk8u20\1074\hotspot\src\share\vm\prims\jvm.cpp, line 1275]
Event: 0.461 Thread 0x000000000268e000 Exception <a 'java/security/PrivilegedActionException'> (0x00000000eae03ff8) thrown at [D:\re\workspace\8-2-build-windows-amd64-cygwin\jdk8u20\1074\hotspot\src\share\vm\prims\jvm.cpp, line 1275]

Events (10 events):
Event: 0.460 loading class java/util/concurrent/Executors$DelegatedExecutorService done
Event: 0.460 loading class java/util/concurrent/Executors$FinalizableDelegatedExecutorService done
Event: 0.461 loading class com/android/dx/cf/direct/ClassPathOpener
Event: 0.461 loading class com/android/dx/cf/direct/ClassPathOpener done
Event: 0.461 loading class com/android/dx/cf/direct/ClassPathOpener$1
Event: 0.461 loading class com/android/dx/cf/direct/ClassPathOpener$1 done
Event: 0.461 loading class com/android/dx/command/dexer/Main$FileBytesConsumer
Event: 0.461 loading class com/android/dx/command/dexer/Main$FileBytesConsumer done
Event: 0.462 loading class java/util/zip/ZipFile$ZipEntryIterator
Event: 0.462 loading class java/util/zip/ZipFile$ZipEntryIterator done


Dynamic libraries:
0x000000013f1d0000 - 0x000000013f204000 	C:\Program Files\Java\jdk1.8.0_20\bin\java.exe
0x0000000076d40000 - 0x0000000076ee9000 	C:\Windows\SYSTEM32\ntdll.dll
0x0000000076b20000 - 0x0000000076c3f000 	C:\Windows\system32\kernel32.dll
0x000007fefcff0000 - 0x000007fefd05b000 	C:\Windows\system32\KERNELBASE.dll
0x000007fefeb80000 - 0x000007fefec5b000 	C:\Windows\system32\ADVAPI32.dll
0x000007fefeae0000 - 0x000007fefeb7f000 	C:\Windows\system32\msvcrt.dll
0x000007fefe220000 - 0x000007fefe23f000 	C:\Windows\SYSTEM32\sechost.dll
0x000007fefe860000 - 0x000007fefe98d000 	C:\Windows\system32\RPCRT4.dll
0x0000000076c40000 - 0x0000000076d3a000 	C:\Windows\system32\USER32.dll
0x000007fefe720000 - 0x000007fefe787000 	C:\Windows\system32\GDI32.dll
0x000007fefe630000 - 0x000007fefe63e000 	C:\Windows\system32\LPK.dll
0x000007fefe790000 - 0x000007fefe859000 	C:\Windows\system32\USP10.dll
0x000007fefb410000 - 0x000007fefb604000 	C:\Windows\WinSxS\amd64_microsoft.windows.common-controls_6595b64144ccf1df_6.0.7601.17514_none_fa396087175ac9ac\COMCTL32.dll
0x000007fefea10000 - 0x000007fefea81000 	C:\Windows\system32\SHLWAPI.dll
0x000007fefd100000 - 0x000007fefd12e000 	C:\Windows\system32\IMM32.DLL
0x000007fefd130000 - 0x000007fefd239000 	C:\Windows\system32\MSCTF.dll
0x0000000069e80000 - 0x0000000069f52000 	C:\Program Files\Java\jdk1.8.0_20\bin\msvcr100.dll
0x0000000058580000 - 0x0000000058dd8000 	C:\Program Files\Java\jdk1.8.0_20\bin\server\jvm.dll
0x000007fefa1f0000 - 0x000007fefa1f9000 	C:\Windows\system32\WSOCK32.dll
0x000007fefea90000 - 0x000007fefeadd000 	C:\Windows\system32\WS2_32.dll
0x000007fefec60000 - 0x000007fefec68000 	C:\Windows\system32\NSI.dll
0x000007fefaea0000 - 0x000007fefaedb000 	C:\Windows\system32\WINMM.dll
0x0000000076f00000 - 0x0000000076f07000 	C:\Windows\system32\PSAPI.DLL
0x000000006a020000 - 0x000000006a02f000 	C:\Program Files\Java\jdk1.8.0_20\bin\verify.dll
0x0000000069ff0000 - 0x000000006a018000 	C:\Program Files\Java\jdk1.8.0_20\bin\java.dll
0x0000000069e60000 - 0x0000000069e76000 	C:\Program Files\Java\jdk1.8.0_20\bin\zip.dll
0x000007fefd240000 - 0x000007fefdfc8000 	C:\Windows\system32\SHELL32.dll
0x000007fefe240000 - 0x000007fefe443000 	C:\Windows\system32\ole32.dll
0x000007fefcc90000 - 0x000007fefcc9f000 	C:\Windows\system32\profapi.dll

VM Arguments:
jvm_args: -Djava.awt.headless=true -Xmx1024M -Dfile.encoding=GBK -Duser.country=CN -Duser.language=zh -Duser.variant 
java_command: com.android.dx.command.Main --dex --force-jumbo --num-threads=4 --multi-dex --output E:\AndroidProject\GraduationProject\app\build\intermediates\transforms\dex\debug\folders\1000\10\com.android.support-support-v4-23.1.1_8113cf5d42cde31e233e75a56ec6c9d262de58e8 E:\AndroidProject\GraduationProject\app\build\intermediates\exploded-aar\com.android.support\support-v4\23.1.1\jars\classes.jar
java_class_path (initial): E:\AndroidSDK\build-tools\23.0.3\lib\dx.jar
Launcher Type: SUN_STANDARD

Environment Variables:
JAVA_HOME=C:\Program Files\Java\jdk1.8.0_20
CLASSPATH=.;C:\Program Files\Java\jdk1.8.0_20\lib\tools.jar;C:\Program Files\Java\jdk1.8.0_20\lib\dt.jar;
PATH=C:\ProgramData\Oracle\Java\javapath;C:\Windows\system32;C:\Windows;C:\Windows\System32\Wbem;C:\Windows\System32\WindowsPowerShell\v1.0\;C:\Program Files (x86)\Intel\OpenCL SDK\2.0\bin\x86;C:\Program Files (x86)\Intel\OpenCL SDK\2.0\bin\x64;C:\Program Files\Java\jdk1.8.0_20\bin;
USERNAME=jonny.peng
OS=Windows_NT
PROCESSOR_IDENTIFIER=Intel64 Family 6 Model 58 Stepping 9, GenuineIntel



---------------  S Y S T E M  ---------------

OS: Windows 7 , 64 bit Build 7601 Service Pack 1

CPU:total 4 (2 cores per cpu, 2 threads per core) family 6 model 58 stepping 9, cmov, cx8, fxsr, mmx, sse, sse2, sse3, ssse3, sse4.1, sse4.2, popcnt, avx, clmul, erms, ht, tsc, tscinvbit, tscinv

Memory: 4k page, physical 8288340k(1460308k free), swap 8286496k(5060k free)

vm_info: Java HotSpot(TM) 64-Bit Server VM (25.20-b23) for windows-amd64 JRE (1.8.0_20-b26), built on Jul 30 2014 13:51:23 by "java_re" with MS VC++ 10.0 (VS2010)

time: Tue May 03 11:04:50 2016
elapsed time: 0 seconds (0d 0h 0m 0s)

